================================================================
== Design Size Report
================================================================

* Total Instructions per Compilation Phase
+---------------+-----------------------------+--------------+----------------------------------------------------------------------------------------+
| Phase         | Step                        | Instructions | Description                                                                            |
+---------------+-----------------------------+--------------+----------------------------------------------------------------------------------------+
| Compile/Link  |                             | 83,013       | After all functions are compiled and linked into a single design                       |
|               |                             |              |                                                                                        |
| Unroll/Inline |                             |              | After user unroll and inline pragmas are applied                                       |
|               | (1) unroll                  | 84,669       | user unroll pragmas are applied                                                        |
|               | (2) simplification          | 22,211       | simplification of applied user unroll pragmas                                          |
|               | (3) inline                  | 16,361       | user inline pragmas are applied                                                        |
|               | (4) simplification          | 14,509       | simplification of applied user inline pragmas                                          |
|               |                             |              |                                                                                        |
| Array/Struct  |                             |              | After user array partition and struct aggregate/disaggregate pragmas are applied       |
|               | (1) array partition         | 14,285       | user array partition pragmas are applied                                               |
|               | (2) simplification          | 14,285       | simplification of applied user array partition & struct aggregate/disaggregate pragmas |
|               | (3) aggregate/disaggregate  | 14,285       | user struct aggregate/disaggregate pragmas are applied                                 |
|               | (4) array reshape           | 14,285       | apply array reshape pragmas                                                            |
|               | (5) access patterns         | 14,285       | array access pattern optmizations                                                      |
|               |                             |              |                                                                                        |
| Performance   |                             |              | After transformations are applied to meet performance pragma targets                   |
|               | (1) loop simplification     | 14,285       | loop and instruction simplification                                                    |
|               | (2) parallelization         | 13,889       | loops are unrolled or pipelined to meet performance targets                            |
|               | (3) array partition         | 13,301       | arrays are partitioned to meet performance targets                                     |
|               | (4) simplification          | 13,295       | simplification of design after performance transformations                             |
|               |                             |              |                                                                                        |
| HW Transforms |                             |              | After hardware transfomations                                                          |
|               | (1) lowering                | 14,547       | initial conversion to HW specific instructions                                         |
|               | (2) optimizations           |  9,577       | high level synthesis optimizations                                                     |
+---------------+-----------------------------+--------------+----------------------------------------------------------------------------------------+

* Instructions per Function for each Compilation Phase
+-------------------------------------+-------------------------+------------------+------------------+------------------+-------------+---------------+
| Function                            | Location                | Compile/Link     | Unroll/Inline    | Array/Struct     | Performance | HW Transforms |
+-------------------------------------+-------------------------+------------------+------------------+------------------+-------------+---------------+
| + DelayAndSum                       | DelayAndSum.cpp:4       | 83,013           | 14,509           | 14,285           | 13,295      | 9,577         |
|  + CalculateWeights                 | CalculateWeights.cpp:17 | 78,017           |                  |                  |             |               |
|     CalculateElement                | CalculateWeights.cpp:4  | 77,988 (4 calls) |                  |                  |             |               |
|  + CalculateElement                 | CalculateWeights.cpp:4  |                  | 14,380 (4 calls) | 14,156 (4 calls) |             |               |
|     cordic_circ_apfixed<44, 3, 0... | hls_cordic_apfixed.h:51 |                  | 8,312 (8 calls)  | 8,168 (8 calls)  |             |               |
+-------------------------------------+-------------------------+------------------+------------------+------------------+-------------+---------------+

* Design Size Message Settings
+---------------------------------------------+--------+------------------------------------------------------------------+
| Message Setting                             | Value  | Description                                                      |
+---------------------------------------------+--------+------------------------------------------------------------------+
| config_compile -design_size_maximum_warning | 100000 | Show a warning when total design instructions exceeds this value |
+---------------------------------------------+--------+------------------------------------------------------------------+


