programModel::INFOR: Function __PROF_startup will be added to the ProgramContainer
programModel::INFOR: Function _GLOBAL__sub_I_CalculateWeights.cpp.67 will be added to the ProgramContainer
programModel::INFOR: Function __cxx_global_var_init.2.68 will be added to the ProgramContainer
programModel::INFOR: Function _GLOBAL__sub_I_DelayAndSum.cpp.66 will be added to the ProgramContainer
programModel::INFOR: Function __cxx_global_var_init.69 will be added to the ProgramContainer
programModel::INFOR: Function _GLOBAL__sub_I_DelayAndSum.cpp will be added to the ProgramContainer
programModel::INFOR: Function __cxx_global_var_init.62 will be added to the ProgramContainer
programModel::INFOR: Function _GLOBAL__sub_I_CalculateWeights.cpp will be added to the ProgramContainer
programModel::INFOR: Function __cxx_global_var_init.19 will be added to the ProgramContainer
programModel::INFOR: Function _GLOBAL__sub_I_DelayAndSumTB.cpp will be added to the ProgramContainer
programModel::INFOR: Function __cxx_global_var_init will be added to the ProgramContainer
programModel::INFOR: Function __cxx_global_var_init.1 will be added to the ProgramContainer
programModel::INFOR: Function _ZN3hls6streamI8ap_fixedILi16ELi1EL9ap_q_mode5EL9ap_o_mode3ELi0EELi0EEC1Ev will be added to the ProgramContainer
programModel::INFOR: Function _ZN3hls6streamI8ap_fixedILi16ELi1EL9ap_q_mode5EL9ap_o_mode3ELi0EELi0EEC2Ev will be added to the ProgramContainer
programModel::INFOR: Function __cxx_global_var_init.2 will be added to the ProgramContainer
programModel::INFOR: Function __cxx_global_var_init.3 will be added to the ProgramContainer
programModel::INFOR: Function __cxx_global_var_init.4 will be added to the ProgramContainer
programModel::INFOR: Function __cxx_global_var_init.5 will be added to the ProgramContainer
programModel::INFOR: Function __cxx_global_var_init.6 will be added to the ProgramContainer
programModel::INFOR: Function __cxx_global_var_init.7 will be added to the ProgramContainer
programModel::INFOR: Function __cxx_global_var_init.8 will be added to the ProgramContainer
programModel::INFOR: Function __cxx_global_var_init.9 will be added to the ProgramContainer
programModel::INFOR: Function __cxx_global_var_init.10 will be added to the ProgramContainer
programModel::INFOR: Function __cxx_global_var_init.11 will be added to the ProgramContainer
programModel::INFOR: Function _ZN8ap_fixedILi12ELi4EL9ap_q_mode5EL9ap_o_mode3ELi0EEC1Ed will be added to the ProgramContainer
programModel::INFOR: Function _ZN8ap_fixedILi12ELi4EL9ap_q_mode5EL9ap_o_mode3ELi0EEC2Ed will be added to the ProgramContainer
programModel::INFOR: Function _ZN13ap_fixed_baseILi12ELi4ELb1EL9ap_q_mode5EL9ap_o_mode3ELi0EEC2Ed will be added to the ProgramContainer
programModel::INFOR: Function _ZN12ssdm_int_simILi12ELb1EEC2Ev will be added to the ProgramContainer
programModel::INFOR: Function _ZN10ap_privateILi12ELb1ELb1EEC1Ev will be added to the ProgramContainer
programModel::INFOR: Function _ZN10ap_privateILi12ELb1ELb1EEC2Ev will be added to the ProgramContainer
programModel::INFOR: Function _ZN10ap_privateILi12ELb1ELb1EE10set_canaryEv will be added to the ProgramContainer
programModel::INFOR: Function _ZN10ap_privateILi12ELb1ELb1EE15clearUnusedBitsEv will be added to the ProgramContainer
programModel::INFOR: Function _ZN10ap_privateILi12ELb1ELb1EE12check_canaryEv will be added to the ProgramContainer
programModel::INFOR: Function _ZN11ap_int_baseILi64ELb0EEC1Ev will be added to the ProgramContainer
programModel::INFOR: Function _ZN11ap_int_baseILi64ELb0EEC2Ev will be added to the ProgramContainer
programModel::INFOR: Function _ZN12ssdm_int_simILi64ELb0EEC2Ev will be added to the ProgramContainer
programModel::INFOR: Function _ZN10ap_privateILi64ELb0ELb1EEC1Ev will be added to the ProgramContainer
programModel::INFOR: Function _ZN10ap_privateILi64ELb0ELb1EEC2Ev will be added to the ProgramContainer
programModel::INFOR: Function _ZN10ap_privateILi64ELb0ELb1EE10set_canaryEv will be added to the ProgramContainer
programModel::INFOR: Function _ZN10ap_privateILi64ELb0ELb1EE15clearUnusedBitsEv will be added to the ProgramContainer
programModel::INFOR: Function _ZN10ap_privateILi64ELb0ELb1EE12check_canaryEv will be added to the ProgramContainer
programModel::INFOR: Function _Z15doubleToRawBitsd will be added to the ProgramContainer
programModel::INFOR: Function _ZN10ap_privateILi64ELb0ELb1EEaSEy will be added to the ProgramContainer
programModel::INFOR: Function _ZNK10ap_privateILi64ELb0ELb1EE7get_bitEi will be added to the ProgramContainer
programModel::INFOR: Function _ZNK10ap_privateILi64ELb0ELb1EE15get_cleared_VALEv will be added to the ProgramContainer
programModel::INFOR: Function _ZN11ap_int_baseILi12ELb1EEC1Ev will be added to the ProgramContainer
programModel::INFOR: Function _ZN11ap_int_baseILi12ELb1EEC2Ev will be added to the ProgramContainer
programModel::INFOR: Function _ZN11ap_int_baseILi12ELb1EEC1Ei will be added to the ProgramContainer
programModel::INFOR: Function _ZN11ap_int_baseILi12ELb1EEC2Ei will be added to the ProgramContainer
programModel::INFOR: Function _ZN10ap_privateILi12ELb1ELb1EEC1Ei will be added to the ProgramContainer
programModel::INFOR: Function _ZN10ap_privateILi12ELb1ELb1EEC2Ei will be added to the ProgramContainer
programModel::INFOR: Function _ZN12ssdm_int_simILi12ELb1EEC2E10ap_privateILi12ELb1ELb1EE will be added to the ProgramContainer
programModel::INFOR: Function _ZN10ap_privateILi12ELb1ELb1EEaSEi will be added to the ProgramContainer
programModel::INFOR: Function _ZN11ap_int_baseILi11ELb0EEC1Ev will be added to the ProgramContainer
programModel::INFOR: Function _ZN11ap_int_baseILi11ELb0EEC2Ev will be added to the ProgramContainer
programModel::INFOR: Function _ZN12ssdm_int_simILi11ELb0EEC2Ev will be added to the ProgramContainer
programModel::INFOR: Function _ZN10ap_privateILi11ELb0ELb1EEC1Ev will be added to the ProgramContainer
programModel::INFOR: Function _ZN10ap_privateILi11ELb0ELb1EEC2Ev will be added to the ProgramContainer
programModel::INFOR: Function _ZN10ap_privateILi11ELb0ELb1EE10set_canaryEv will be added to the ProgramContainer
programModel::INFOR: Function _ZN10ap_privateILi11ELb0ELb1EE15clearUnusedBitsEv will be added to the ProgramContainer
programModel::INFOR: Function _ZN10ap_privateILi11ELb0ELb1EE12check_canaryEv will be added to the ProgramContainer
programModel::INFOR: Function _ZN10ap_privateILi64ELb0ELb1EE5rangeEii will be added to the ProgramContainer
programModel::INFOR: Function _ZN18_private_range_refILi64ELb0EEC1EP10ap_privateILi64ELb0ELb1EEii will be added to the ProgramContainer
programModel::INFOR: Function _ZN18_private_range_refILi64ELb0EEC2EP10ap_privateILi64ELb0ELb1EEii will be added to the ProgramContainer
programModel::INFOR: Function _ZN10ap_privateILi11ELb0ELb1EEaSILi64ELb0EEERS0_RK18_private_range_refIXT_EXT0_EE will be added to the ProgramContainer
programModel::INFOR: Function _ZN10ap_privateILi64ELb0ELb1EEC1ILi64ELb0EEERK18_private_range_refIXT_EXT0_EE will be added to the ProgramContainer
programModel::INFOR: Function _ZN10ap_privateILi64ELb0ELb1EEC2ILi64ELb0EEERK18_private_range_refIXT_EXT0_EE will be added to the ProgramContainer
programModel::INFOR: Function _ZNK18_private_range_refILi64ELb0EE3getEv will be added to the ProgramContainer
programModel::INFOR: Function _ZN10ap_privateILi64ELb0ELb1EEC1Ei will be added to the ProgramContainer
programModel::INFOR: Function _ZN10ap_privateILi64ELb0ELb1EEC2Ei will be added to the ProgramContainer
programModel::INFOR: Function _ZN10ap_privateILi64ELb0ELb1EEaSERKS0_ will be added to the ProgramContainer
programModel::INFOR: Function _ZNK10ap_privateILi64ELb0ELb1EE7get_VALEv will be added to the ProgramContainer
programModel::INFOR: Function _ZrSILi64ELb0EER10ap_privateIXT_EXT0_EXleT_Li64EEES2_i will be added to the ProgramContainer
programModel::INFOR: Function _ZNK10ap_privateILi64ELb0ELb1EErsEi will be added to the ProgramContainer
programModel::INFOR: Function _ZNK10ap_privateILi64ELb0ELb1EE4lshrEj will be added to the ProgramContainer
programModel::INFOR: Function _ZN10ap_privateILi64ELb0ELb1EEC1Ey will be added to the ProgramContainer
programModel::INFOR: Function _ZN10ap_privateILi64ELb0ELb1EEC2Ey will be added to the ProgramContainer
programModel::INFOR: Function _ZN10ap_privateILi64ELb0ELb1EEaNEy will be added to the ProgramContainer
programModel::INFOR: Function _ZNK10ap_privateILi64ELb0ELb1EEcvyEv will be added to the ProgramContainer
programModel::INFOR: Function _ZN10ap_privateILi11ELb0ELb1EEaSILi64ELb0EEERS0_RKS_IXT_EXT0_EXleT_Li64EEE will be added to the ProgramContainer
programModel::INFOR: Function _ZmiILi11ELb0ELi12ELb1EEN11ap_int_baseIXT_EXT0_EE5RTypeIXT1_EXT2_EE5minusERKS1_RKS0_IXT1_EXT2_EE will be added to the ProgramContainer
programModel::INFOR: Function _ZN11ap_int_baseILi13ELb1EEC1ILi11ELb0EEERKS_IXT_EXT0_EE will be added to the ProgramContainer
programModel::INFOR: Function _ZN11ap_int_baseILi13ELb1EEC2ILi11ELb0EEERKS_IXT_EXT0_EE will be added to the ProgramContainer
programModel::INFOR: Function _ZN10ap_privateILi13ELb1ELb1EEC1ILi11ELb0ELb1EEERKS_IXT_EXT0_EXT1_EE will be added to the ProgramContainer
programModel::INFOR: Function _ZN10ap_privateILi13ELb1ELb1EEC2ILi11ELb0ELb1EEERKS_IXT_EXT0_EXT1_EE will be added to the ProgramContainer
programModel::INFOR: Function _ZNK10ap_privateILi11ELb0ELb1EE7get_VALEv will be added to the ProgramContainer
programModel::INFOR: Function _ZN10ap_privateILi13ELb1ELb1EE10set_canaryEv will be added to the ProgramContainer
programModel::INFOR: Function _ZN10ap_privateILi13ELb1ELb1EE15clearUnusedBitsEv will be added to the ProgramContainer
programModel::INFOR: Function _ZN10ap_privateILi13ELb1ELb1EE12check_canaryEv will be added to the ProgramContainer
programModel::INFOR: Function _ZN12ssdm_int_simILi13ELb1EEC2E10ap_privateILi13ELb1ELb1EE will be added to the ProgramContainer
programModel::INFOR: Function _ZN10ap_privateILi13ELb1ELb1EEaSILi11ELb0EEERS0_RKS_IXT_EXT0_EXleT_Li64EEE will be added to the ProgramContainer
programModel::INFOR: Function _ZNK10ap_privateILi11ELb0ELb1EE15get_cleared_VALEv will be added to the ProgramContainer
programModel::INFOR: Function _ZN11ap_int_baseILi13ELb1EEC1ILi12ELb1EEERKS_IXT_EXT0_EE will be added to the ProgramContainer
programModel::INFOR: Function _ZN11ap_int_baseILi13ELb1EEC2ILi12ELb1EEERKS_IXT_EXT0_EE will be added to the ProgramContainer
programModel::INFOR: Function _ZN10ap_privateILi13ELb1ELb1EEC1ILi12ELb1ELb1EEERKS_IXT_EXT0_EXT1_EE will be added to the ProgramContainer
programModel::INFOR: Function _ZN10ap_privateILi13ELb1ELb1EEC2ILi12ELb1ELb1EEERKS_IXT_EXT0_EXT1_EE will be added to the ProgramContainer
programModel::INFOR: Function _ZNK10ap_privateILi12ELb1ELb1EE7get_VALEv will be added to the ProgramContainer
programModel::INFOR: Function _ZN10ap_privateILi13ELb1ELb1EEaSILi12ELb1EEERS0_RKS_IXT_EXT0_EXleT_Li64EEE will be added to the ProgramContainer
programModel::INFOR: Function _ZNK10ap_privateILi12ELb1ELb1EE15get_cleared_VALEv will be added to the ProgramContainer
programModel::INFOR: Function _ZN11ap_int_baseILi13ELb1EEC1Ei will be added to the ProgramContainer
programModel::INFOR: Function _ZN11ap_int_baseILi13ELb1EEC2Ei will be added to the ProgramContainer
programModel::INFOR: Function _ZN10ap_privateILi13ELb1ELb1EEC1Ei will be added to the ProgramContainer
programModel::INFOR: Function _ZN10ap_privateILi13ELb1ELb1EEC2Ei will be added to the ProgramContainer
programModel::INFOR: Function _ZN10ap_privateILi13ELb1ELb1EEaSEi will be added to the ProgramContainer
programModel::INFOR: Function _ZNK10ap_privateILi13ELb1ELb1EEmiILi13ELb1EEENS0_5RTypeIXT_EXT0_EE5minusERKS_IXT_EXT0_EXleT_Li64EEE will be added to the ProgramContainer
programModel::INFOR: Function _ZNK10ap_privateILi13ELb1ELb1EE15get_cleared_VALEv will be added to the ProgramContainer
programModel::INFOR: Function _ZN10ap_privateILi14ELb1ELb1EEC1Ex will be added to the ProgramContainer
programModel::INFOR: Function _ZN10ap_privateILi14ELb1ELb1EEC2Ex will be added to the ProgramContainer
programModel::INFOR: Function _ZN10ap_privateILi14ELb1ELb1EE10set_canaryEv will be added to the ProgramContainer
programModel::INFOR: Function _ZN10ap_privateILi14ELb1ELb1EE15clearUnusedBitsEv will be added to the ProgramContainer
programModel::INFOR: Function _ZN10ap_privateILi14ELb1ELb1EE12check_canaryEv will be added to the ProgramContainer
programModel::INFOR: Function _ZN10ap_privateILi13ELb1ELb1EEaSILi14ELb1EEERS0_RKS_IXT_EXT0_EXleT_Li64EEE will be added to the ProgramContainer
programModel::INFOR: Function _ZNK10ap_privateILi14ELb1ELb1EE15get_cleared_VALEv will be added to the ProgramContainer
programModel::INFOR: Function _ZN6ap_intILi13EEC1ILi13ELb1EEERK11ap_int_baseIXT_EXT0_EE will be added to the ProgramContainer
programModel::INFOR: Function _ZN6ap_intILi13EEC2ILi13ELb1EEERK11ap_int_baseIXT_EXT0_EE will be added to the ProgramContainer
programModel::INFOR: Function _ZN11ap_int_baseILi12ELb1EEaSILi13ELb1EEERS0_RKS_IXT_EXT0_EE will be added to the ProgramContainer
programModel::INFOR: Function _ZN10ap_privateILi12ELb1ELb1EEaSILi13ELb1EEERS0_RKS_IXT_EXT0_EXleT_Li64EEE will be added to the ProgramContainer
programModel::INFOR: Function _ZN11ap_int_baseILi54ELb1EEC1Ev will be added to the ProgramContainer
programModel::INFOR: Function _ZN11ap_int_baseILi54ELb1EEC2Ev will be added to the ProgramContainer
programModel::INFOR: Function _ZN12ssdm_int_simILi54ELb1EEC2Ev will be added to the ProgramContainer
programModel::INFOR: Function _ZN10ap_privateILi54ELb1ELb1EEC1Ev will be added to the ProgramContainer
programModel::INFOR: Function _ZN10ap_privateILi54ELb1ELb1EEC2Ev will be added to the ProgramContainer
programModel::INFOR: Function _ZN10ap_privateILi54ELb1ELb1EE10set_canaryEv will be added to the ProgramContainer
programModel::INFOR: Function _ZN10ap_privateILi54ELb1ELb1EE15clearUnusedBitsEv will be added to the ProgramContainer
programModel::INFOR: Function _ZN10ap_privateILi54ELb1ELb1EE12check_canaryEv will be added to the ProgramContainer
programModel::INFOR: Function _ZN10ap_privateILi54ELb1ELb1EEaSILi64ELb0EEERS0_RK18_private_range_refIXT_EXT0_EE will be added to the ProgramContainer
programModel::INFOR: Function _ZN10ap_privateILi54ELb1ELb1EEaSILi64ELb0EEERS0_RKS_IXT_EXT0_EXleT_Li64EEE will be added to the ProgramContainer
programModel::INFOR: Function _ZeqILi12ELb1EEbRK11ap_int_baseIXT_EXT0_EEi will be added to the ProgramContainer
programModel::INFOR: Function _ZN11ap_int_baseILi32ELb1EEC1Ei will be added to the ProgramContainer
programModel::INFOR: Function _ZN11ap_int_baseILi32ELb1EEC2Ei will be added to the ProgramContainer
programModel::INFOR: Function _ZN10ap_privateILi32ELb1ELb1EEC1Ei will be added to the ProgramContainer
programModel::INFOR: Function _ZN10ap_privateILi32ELb1ELb1EEC2Ei will be added to the ProgramContainer
programModel::INFOR: Function _ZN10ap_privateILi32ELb1ELb1EE10set_canaryEv will be added to the ProgramContainer
programModel::INFOR: Function _ZN10ap_privateILi32ELb1ELb1EE15clearUnusedBitsEv will be added to the ProgramContainer
programModel::INFOR: Function _ZN10ap_privateILi32ELb1ELb1EE12check_canaryEv will be added to the ProgramContainer
programModel::INFOR: Function _ZN12ssdm_int_simILi32ELb1EEC2E10ap_privateILi32ELb1ELb1EE will be added to the ProgramContainer
programModel::INFOR: Function _ZN10ap_privateILi32ELb1ELb1EEaSEi will be added to the ProgramContainer
programModel::INFOR: Function _ZNK11ap_int_baseILi12ELb1EEeqILi32ELb1EEEbRKS_IXT_EXT0_EE will be added to the ProgramContainer
programModel::INFOR: Function _ZNK10ap_privateILi12ELb1ELb1EEeqILi32ELb1EEEbRKS_IXT_EXT0_EXleT_Li64EEE will be added to the ProgramContainer
programModel::INFOR: Function _ZN10ap_privateILi32ELb0ELb1EEC1ILi12ELb1ELb1EEERKS_IXT_EXT0_EXT1_EE will be added to the ProgramContainer
programModel::INFOR: Function _ZN10ap_privateILi32ELb0ELb1EEC2ILi12ELb1ELb1EEERKS_IXT_EXT0_EXT1_EE will be added to the ProgramContainer
programModel::INFOR: Function _ZN10ap_privateILi32ELb0ELb1EE10set_canaryEv will be added to the ProgramContainer
programModel::INFOR: Function _ZN10ap_privateILi32ELb0ELb1EE15clearUnusedBitsEv will be added to the ProgramContainer
programModel::INFOR: Function _ZN10ap_privateILi32ELb0ELb1EE12check_canaryEv will be added to the ProgramContainer
programModel::INFOR: Function _ZN10ap_privateILi32ELb0ELb1EEC1ILi32ELb1ELb1EEERKS_IXT_EXT0_EXT1_EE will be added to the ProgramContainer
programModel::INFOR: Function _ZN10ap_privateILi32ELb0ELb1EEC2ILi32ELb1ELb1EEERKS_IXT_EXT0_EXT1_EE will be added to the ProgramContainer
programModel::INFOR: Function _ZNK10ap_privateILi32ELb1ELb1EE7get_VALEv will be added to the ProgramContainer
programModel::INFOR: Function _ZN10ap_privateILi32ELb0ELb1EE7get_VALEv will be added to the ProgramContainer
programModel::INFOR: Function _Z19_AP_ROOT_op_set_bitI10ap_privateILi54ELb1ELb1EEiiERT_S3_RKT0_RKT1_ will be added to the ProgramContainer
programModel::INFOR: Function _ZN10ap_privateILi54ELb1ELb1EE7set_bitEib will be added to the ProgramContainer
programModel::INFOR: Function _ZN10ap_privateILi54ELb1ELb1EE3setEj will be added to the ProgramContainer
programModel::INFOR: Function _ZN10ap_privateILi54ELb1ELb1EEaSERKS0_ will be added to the ProgramContainer
programModel::INFOR: Function _ZNK10ap_privateILi54ELb1ELb1EE7get_VALEv will be added to the ProgramContainer
programModel::INFOR: Function _ZanILi64ELb0EEN10ap_privateIXT_EXT0_EXleT_Li64EEE5RTypeIXmlLy8ELi8EELb1EE5logicERKS1_x will be added to the ProgramContainer
programModel::INFOR: Function _ZN10ap_privateILi64ELb1ELb1EEC1Ex will be added to the ProgramContainer
programModel::INFOR: Function _ZN10ap_privateILi64ELb1ELb1EEC2Ex will be added to the ProgramContainer
programModel::INFOR: Function _ZN10ap_privateILi64ELb1ELb1EE10set_canaryEv will be added to the ProgramContainer
programModel::INFOR: Function _ZN10ap_privateILi64ELb1ELb1EE15clearUnusedBitsEv will be added to the ProgramContainer
programModel::INFOR: Function _ZN10ap_privateILi64ELb1ELb1EE12check_canaryEv will be added to the ProgramContainer
programModel::INFOR: Function _ZNK10ap_privateILi64ELb0ELb1EEanILi64ELb1EEENS0_5RTypeIXT_EXT0_EE5logicERKS_IXT_EXT0_EXleT_Li64EEE will be added to the ProgramContainer
programModel::INFOR: Function _ZN10ap_privateILi65ELb1ELb0EEC1ILi64ELb0EEERKS_IXT_EXT0_ELb1EE will be added to the ProgramContainer
programModel::INFOR: Function _ZN10ap_privateILi65ELb1ELb0EEC2ILi64ELb0EEERKS_IXT_EXT0_ELb1EE will be added to the ProgramContainer
programModel::INFOR: Function _ZN10ap_privateILi65ELb1ELb0EE10set_canaryEv will be added to the ProgramContainer
programModel::INFOR: Function _ZNK10ap_privateILi64ELb0ELb1EE10isNegativeEv will be added to the ProgramContainer
programModel::INFOR: Function _ZN10ap_privateILi65ELb1ELb0EE15clearUnusedBitsEv will be added to the ProgramContainer
programModel::INFOR: Function _ZN10ap_privateILi65ELb1ELb0EE12check_canaryEv will be added to the ProgramContainer
programModel::INFOR: Function _ZNK10ap_privateILi65ELb1ELb0EEanILi64ELb1EEENS0_5RTypeIXT_EXT0_EE5logicERKS_IXT_EXT0_EXleT_Li64EEE will be added to the ProgramContainer
programModel::INFOR: Function _ZN10ap_privateILi65ELb1ELb0EEC1Eib will be added to the ProgramContainer
programModel::INFOR: Function _ZN10ap_privateILi65ELb1ELb0EEC2Eib will be added to the ProgramContainer
programModel::INFOR: Function _ZSt3minIiERKT_S2_S2_ will be added to the ProgramContainer
programModel::INFOR: Function _ZSt3maxIiERKT_S2_S2_ will be added to the ProgramContainer
programModel::INFOR: Function _ZNK10ap_privateILi64ELb1ELb1EE8get_pValEi will be added to the ProgramContainer
programModel::INFOR: Function _ZN10ap_privateILi65ELb1ELb0EE8set_pValEiy will be added to the ProgramContainer
programModel::INFOR: Function _ZNK10ap_privateILi64ELb1ELb1EE10isNegativeEv will be added to the ProgramContainer
programModel::INFOR: Function _ZeqILi65ELb1EEbRK10ap_privateIXT_EXT0_EXleT_Li64EEEi will be added to the ProgramContainer
programModel::INFOR: Function _ZNK10ap_privateILi65ELb1ELb0EEeqILi32ELb1EEEbRKS_IXT_EXT0_EXleT_Li64EEE will be added to the ProgramContainer
programModel::INFOR: Function _ZN10ap_privateILi65ELb0ELb0EEC1ILi65ELb1EEERKS_IXT_EXT0_ELb0EE will be added to the ProgramContainer
programModel::INFOR: Function _ZN10ap_privateILi65ELb0ELb0EEC2ILi65ELb1EEERKS_IXT_EXT0_ELb0EE will be added to the ProgramContainer
programModel::INFOR: Function _ZN10ap_privateILi65ELb0ELb0EE10set_canaryEv will be added to the ProgramContainer
programModel::INFOR: Function _ZN10ap_privateILi65ELb0ELb0EEaSILi65ELb1EEERS0_RKS_IXT_EXT0_EXleT_Li64EEE will be added to the ProgramContainer
programModel::INFOR: Function _ZN10ap_privateILi65ELb0ELb0EE13cpSextOrTruncILi65ELb1EEEvRKS_IXT_EXT0_EXleT_Li64EEE will be added to the ProgramContainer
programModel::INFOR: Function _ZNK10ap_privateILi65ELb1ELb0EE8get_pValEi will be added to the ProgramContainer
programModel::INFOR: Function _ZN10ap_privateILi65ELb0ELb0EE15clearUnusedBitsEv will be added to the ProgramContainer
programModel::INFOR: Function _ZN10ap_privateILi65ELb0ELb0EE12check_canaryEv will be added to the ProgramContainer
programModel::INFOR: Function _ZN10ap_privateILi65ELb0ELb0EEC1ILi32ELb1EEERKS_IXT_EXT0_ELb1EE will be added to the ProgramContainer
programModel::INFOR: Function _ZN10ap_privateILi65ELb0ELb0EEC2ILi32ELb1EEERKS_IXT_EXT0_ELb1EE will be added to the ProgramContainer
programModel::INFOR: Function _ZNK10ap_privateILi32ELb1ELb1EE10isNegativeEv will be added to the ProgramContainer
programModel::INFOR: Function _ZNK10ap_privateILi65ELb0ELb0EEeqERKS0_ will be added to the ProgramContainer
programModel::INFOR: Function _ZNK10ap_privateILi65ELb0ELb0EE13getActiveBitsEv will be added to the ProgramContainer
programModel::INFOR: Function _ZNK10ap_privateILi65ELb0ELb0EE17countLeadingZerosEv will be added to the ProgramContainer
programModel::INFOR: Function _ZN14ap_private_opsL20CountLeadingZeros_64Ey will be added to the ProgramContainer
programModel::INFOR: Function _ZplILi12ELb1EEN10ap_privateIXT_EXT0_EXleT_Li64EEE5RTypeIXmlLy4ELi8EELb1EE4plusERKS1_i will be added to the ProgramContainer
programModel::INFOR: Function _ZNK10ap_privateILi12ELb1ELb1EEplILi32ELb1EEENS0_5RTypeIXT_EXT0_EE4plusERKS_IXT_EXT0_EXleT_Li64EEE will be added to the ProgramContainer
programModel::INFOR: Function _ZNK10ap_privateILi32ELb1ELb1EE15get_cleared_VALEv will be added to the ProgramContainer
programModel::INFOR: Function _ZN10ap_privateILi33ELb1ELb1EEC1Ey will be added to the ProgramContainer
programModel::INFOR: Function _ZN10ap_privateILi33ELb1ELb1EEC2Ey will be added to the ProgramContainer
programModel::INFOR: Function _ZN10ap_privateILi33ELb1ELb1EE10set_canaryEv will be added to the ProgramContainer
programModel::INFOR: Function _ZN10ap_privateILi33ELb1ELb1EE15clearUnusedBitsEv will be added to the ProgramContainer
programModel::INFOR: Function _ZN10ap_privateILi33ELb1ELb1EE12check_canaryEv will be added to the ProgramContainer
programModel::INFOR: Function _ZNK10ap_privateILi33ELb1ELb1EEcvxEv will be added to the ProgramContainer
programModel::INFOR: Function _ZNK10ap_privateILi33ELb1ELb1EE15get_cleared_VALEv will be added to the ProgramContainer
programModel::INFOR: Function _ZNK10ap_privateILi54ELb1ELb1EErsEj will be added to the ProgramContainer
programModel::INFOR: Function _ZNK10ap_privateILi54ELb1ELb1EE4ashrEj will be added to the ProgramContainer
programModel::INFOR: Function _ZNK10ap_privateILi54ELb1ELb1EE15get_cleared_VALEv will be added to the ProgramContainer
programModel::INFOR: Function _ZN10ap_privateILi54ELb1ELb1EEC1Ex will be added to the ProgramContainer
programModel::INFOR: Function _ZN10ap_privateILi54ELb1ELb1EEC2Ex will be added to the ProgramContainer
programModel::INFOR: Function _ZN10ap_privateILi12ELb1ELb1EEaSILi54ELb1EEERS0_RKS_IXT_EXT0_EXleT_Li64EEE will be added to the ProgramContainer
programModel::INFOR: Function _ZN13ap_fixed_baseILi12ELi4ELb1EL9ap_q_mode5EL9ap_o_mode3ELi0EE6reportEv will be added to the ProgramContainer
programModel::INFOR: Function __cxx_global_var_init.12 will be added to the ProgramContainer
programModel::INFOR: Function _ZN8ap_fixedILi16ELi11EL9ap_q_mode5EL9ap_o_mode3ELi0EEC1Ei will be added to the ProgramContainer
programModel::INFOR: Function _ZN8ap_fixedILi16ELi11EL9ap_q_mode5EL9ap_o_mode3ELi0EEC2Ei will be added to the ProgramContainer
programModel::INFOR: Function _ZN13ap_fixed_baseILi16ELi11ELb1EL9ap_q_mode5EL9ap_o_mode3ELi0EEC2Ei will be added to the ProgramContainer
programModel::INFOR: Function _ZN12ssdm_int_simILi16ELb1EEC2Ev will be added to the ProgramContainer
programModel::INFOR: Function _ZN10ap_privateILi16ELb1ELb1EEC1Ev will be added to the ProgramContainer
programModel::INFOR: Function _ZN10ap_privateILi16ELb1ELb1EEC2Ev will be added to the ProgramContainer
programModel::INFOR: Function _ZN10ap_privateILi16ELb1ELb1EE10set_canaryEv will be added to the ProgramContainer
programModel::INFOR: Function _ZN10ap_privateILi16ELb1ELb1EE15clearUnusedBitsEv will be added to the ProgramContainer
programModel::INFOR: Function _ZN10ap_privateILi16ELb1ELb1EE12check_canaryEv will be added to the ProgramContainer
programModel::INFOR: Function _ZN13ap_fixed_baseILi32ELi32ELb1EL9ap_q_mode5EL9ap_o_mode3ELi0EEC1Ev will be added to the ProgramContainer
programModel::INFOR: Function _ZN13ap_fixed_baseILi32ELi32ELb1EL9ap_q_mode5EL9ap_o_mode3ELi0EEC2Ev will be added to the ProgramContainer
programModel::INFOR: Function _ZN12ssdm_int_simILi32ELb1EEC2Ev will be added to the ProgramContainer
programModel::INFOR: Function _ZN10ap_privateILi32ELb1ELb1EEC1Ev will be added to the ProgramContainer
programModel::INFOR: Function _ZN10ap_privateILi32ELb1ELb1EEC2Ev will be added to the ProgramContainer
programModel::INFOR: Function _ZN13ap_fixed_baseILi16ELi11ELb1EL9ap_q_mode5EL9ap_o_mode3ELi0EEaSILi32ELi32ELb1ELS0_5ELS1_3ELi0EEERS2_RKS_IXT_EXT0_EXT1_EXT2_EXT3_EXT4_EE will be added to the ProgramContainer
programModel::INFOR: Function _ZNK13ap_fixed_baseILi32ELi32ELb1EL9ap_q_mode5EL9ap_o_mode3ELi0EEntEv will be added to the ProgramContainer
programModel::INFOR: Function _ZeqILi32ELb1EEbRK10ap_privateIXT_EXT0_EXleT_Li64EEEm will be added to the ProgramContainer
programModel::INFOR: Function _ZN10ap_privateILi32ELb0ELb1EEC1Em will be added to the ProgramContainer
programModel::INFOR: Function _ZN10ap_privateILi32ELb0ELb1EEC2Em will be added to the ProgramContainer
programModel::INFOR: Function _ZNK10ap_privateILi32ELb1ELb1EEeqERKS_ILi32ELb0ELb1EE will be added to the ProgramContainer
programModel::INFOR: Function _ZNK10ap_privateILi32ELb0ELb1EE15get_cleared_VALEv will be added to the ProgramContainer
programModel::INFOR: Function _ZNK10ap_privateILi32ELb1ELb1EE7get_bitEi will be added to the ProgramContainer
programModel::INFOR: Function _ZNK10ap_privateILi32ELb1ELb1EElsEj will be added to the ProgramContainer
programModel::INFOR: Function _ZNK10ap_privateILi32ELb1ELb1EE3shlEj will be added to the ProgramContainer
programModel::INFOR: Function _ZN10ap_privateILi32ELb1ELb1EEC1Ey will be added to the ProgramContainer
programModel::INFOR: Function _ZN10ap_privateILi32ELb1ELb1EEC2Ey will be added to the ProgramContainer
programModel::INFOR: Function _ZN10ap_privateILi16ELb1ELb1EEaSILi32ELb1EEERS0_RKS_IXT_EXT0_EXleT_Li64EEE will be added to the ProgramContainer
programModel::INFOR: Function __cxx_global_var_init.13 will be added to the ProgramContainer
programModel::INFOR: Function _ZN8ap_fixedILi16ELi8EL9ap_q_mode5EL9ap_o_mode3ELi0EEC1Ei will be added to the ProgramContainer
programModel::INFOR: Function _ZN8ap_fixedILi16ELi8EL9ap_q_mode5EL9ap_o_mode3ELi0EEC2Ei will be added to the ProgramContainer
programModel::INFOR: Function _ZN13ap_fixed_baseILi16ELi8ELb1EL9ap_q_mode5EL9ap_o_mode3ELi0EEC2Ei will be added to the ProgramContainer
programModel::INFOR: Function _ZN13ap_fixed_baseILi16ELi8ELb1EL9ap_q_mode5EL9ap_o_mode3ELi0EEaSILi32ELi32ELb1ELS0_5ELS1_3ELi0EEERS2_RKS_IXT_EXT0_EXT1_EXT2_EXT3_EXT4_EE will be added to the ProgramContainer
programModel::INFOR: Function __cxx_global_var_init.14 will be added to the ProgramContainer
programModel::INFOR: Function __cxx_global_var_init.15 will be added to the ProgramContainer
programModel::INFOR: Function __cxx_global_var_init.16 will be added to the ProgramContainer
programModel::INFOR: Function __cxx_global_var_init.17 will be added to the ProgramContainer
programModel::INFOR: Function _ZN8ap_fixedILi16ELi1EL9ap_q_mode5EL9ap_o_mode3ELi0EEC1Ev will be added to the ProgramContainer
programModel::INFOR: Function _ZN8ap_fixedILi16ELi1EL9ap_q_mode5EL9ap_o_mode3ELi0EEC2Ev will be added to the ProgramContainer
programModel::INFOR: Function _ZN13ap_fixed_baseILi16ELi1ELb1EL9ap_q_mode5EL9ap_o_mode3ELi0EEC2Ev will be added to the ProgramContainer
programModel::INFOR: Function __cxx_global_var_init.18 will be added to the ProgramContainer
programModel::INFOR: Function main will be added to the ProgramContainer
programModel::INFOR: Function _ZN8ap_fixedILi16ELi1EL9ap_q_mode5EL9ap_o_mode3ELi0EEC1Ed will be added to the ProgramContainer
programModel::INFOR: Function _ZN8ap_fixedILi16ELi1EL9ap_q_mode5EL9ap_o_mode3ELi0EEC2Ed will be added to the ProgramContainer
programModel::INFOR: Function _ZN13ap_fixed_baseILi16ELi1ELb1EL9ap_q_mode5EL9ap_o_mode3ELi0EEC2Ed will be added to the ProgramContainer
programModel::INFOR: Function _ZN10ap_privateILi16ELb1ELb1EEaSILi54ELb1EEERS0_RKS_IXT_EXT0_EXleT_Li64EEE will be added to the ProgramContainer
programModel::INFOR: Function _ZN13ap_fixed_baseILi16ELi1ELb1EL9ap_q_mode5EL9ap_o_mode3ELi0EE6reportEv will be added to the ProgramContainer
programModel::INFOR: Function _ZN3hls6streamI8ap_fixedILi16ELi1EL9ap_q_mode5EL9ap_o_mode3ELi0EELi0EElsERKS4_ will be added to the ProgramContainer
programModel::INFOR: Function _ZN3hls6streamI8ap_fixedILi16ELi1EL9ap_q_mode5EL9ap_o_mode3ELi0EELi0EE5writeERKS4_ will be added to the ProgramContainer
programModel::INFOR: Function _ZNK11ap_int_baseILi54ELb1EEngEv will be added to the ProgramContainer
programModel::INFOR: Function _ZN11ap_int_baseILi1ELb0EEC1Ei will be added to the ProgramContainer
programModel::INFOR: Function _ZN11ap_int_baseILi1ELb0EEC2Ei will be added to the ProgramContainer
programModel::INFOR: Function _ZN10ap_privateILi1ELb0ELb1EEC1Ei will be added to the ProgramContainer
programModel::INFOR: Function _ZN10ap_privateILi1ELb0ELb1EEC2Ei will be added to the ProgramContainer
programModel::INFOR: Function _ZN10ap_privateILi1ELb0ELb1EE10set_canaryEv will be added to the ProgramContainer
programModel::INFOR: Function _ZN10ap_privateILi1ELb0ELb1EE15clearUnusedBitsEv will be added to the ProgramContainer
programModel::INFOR: Function _ZN10ap_privateILi1ELb0ELb1EE12check_canaryEv will be added to the ProgramContainer
programModel::INFOR: Function _ZN12ssdm_int_simILi1ELb0EEC2E10ap_privateILi1ELb0ELb1EE will be added to the ProgramContainer
programModel::INFOR: Function _ZN10ap_privateILi1ELb0ELb1EEaSEi will be added to the ProgramContainer
programModel::INFOR: Function _ZmiILi1ELb0ELi54ELb1EEN11ap_int_baseIXT_EXT0_EE5RTypeIXT1_EXT2_EE5minusERKS1_RKS0_IXT1_EXT2_EE will be added to the ProgramContainer
programModel::INFOR: Function _ZN11ap_int_baseILi55ELb1EEC1ILi1ELb0EEERKS_IXT_EXT0_EE will be added to the ProgramContainer
programModel::INFOR: Function _ZN11ap_int_baseILi55ELb1EEC2ILi1ELb0EEERKS_IXT_EXT0_EE will be added to the ProgramContainer
programModel::INFOR: Function _ZN10ap_privateILi55ELb1ELb1EEC1ILi1ELb0ELb1EEERKS_IXT_EXT0_EXT1_EE will be added to the ProgramContainer
programModel::INFOR: Function _ZN10ap_privateILi55ELb1ELb1EEC2ILi1ELb0ELb1EEERKS_IXT_EXT0_EXT1_EE will be added to the ProgramContainer
programModel::INFOR: Function _ZNK10ap_privateILi1ELb0ELb1EE7get_VALEv will be added to the ProgramContainer
programModel::INFOR: Function _ZN10ap_privateILi55ELb1ELb1EE10set_canaryEv will be added to the ProgramContainer
programModel::INFOR: Function _ZN10ap_privateILi55ELb1ELb1EE15clearUnusedBitsEv will be added to the ProgramContainer
programModel::INFOR: Function _ZN10ap_privateILi55ELb1ELb1EE12check_canaryEv will be added to the ProgramContainer
programModel::INFOR: Function _ZN12ssdm_int_simILi55ELb1EEC2E10ap_privateILi55ELb1ELb1EE will be added to the ProgramContainer
programModel::INFOR: Function _ZN10ap_privateILi55ELb1ELb1EEaSILi1ELb0EEERS0_RKS_IXT_EXT0_EXleT_Li64EEE will be added to the ProgramContainer
programModel::INFOR: Function _ZNK10ap_privateILi1ELb0ELb1EE15get_cleared_VALEv will be added to the ProgramContainer
programModel::INFOR: Function _ZN11ap_int_baseILi55ELb1EEC1ILi54ELb1EEERKS_IXT_EXT0_EE will be added to the ProgramContainer
programModel::INFOR: Function _ZN11ap_int_baseILi55ELb1EEC2ILi54ELb1EEERKS_IXT_EXT0_EE will be added to the ProgramContainer
programModel::INFOR: Function _ZN10ap_privateILi55ELb1ELb1EEC1ILi54ELb1ELb1EEERKS_IXT_EXT0_EXT1_EE will be added to the ProgramContainer
programModel::INFOR: Function _ZN10ap_privateILi55ELb1ELb1EEC2ILi54ELb1ELb1EEERKS_IXT_EXT0_EXT1_EE will be added to the ProgramContainer
programModel::INFOR: Function _ZN10ap_privateILi55ELb1ELb1EEaSILi54ELb1EEERS0_RKS_IXT_EXT0_EXleT_Li64EEE will be added to the ProgramContainer
programModel::INFOR: Function _ZN11ap_int_baseILi55ELb1EEC1Ei will be added to the ProgramContainer
programModel::INFOR: Function _ZN11ap_int_baseILi55ELb1EEC2Ei will be added to the ProgramContainer
programModel::INFOR: Function _ZN10ap_privateILi55ELb1ELb1EEC1Ei will be added to the ProgramContainer
programModel::INFOR: Function _ZN10ap_privateILi55ELb1ELb1EEC2Ei will be added to the ProgramContainer
programModel::INFOR: Function _ZN10ap_privateILi55ELb1ELb1EEaSEi will be added to the ProgramContainer
programModel::INFOR: Function _ZNK10ap_privateILi55ELb1ELb1EEmiILi55ELb1EEENS0_5RTypeIXT_EXT0_EE5minusERKS_IXT_EXT0_EXleT_Li64EEE will be added to the ProgramContainer
programModel::INFOR: Function _ZNK10ap_privateILi55ELb1ELb1EE15get_cleared_VALEv will be added to the ProgramContainer
programModel::INFOR: Function _ZN10ap_privateILi56ELb1ELb1EEC1Ex will be added to the ProgramContainer
programModel::INFOR: Function _ZN10ap_privateILi56ELb1ELb1EEC2Ex will be added to the ProgramContainer
programModel::INFOR: Function _ZN10ap_privateILi56ELb1ELb1EE10set_canaryEv will be added to the ProgramContainer
programModel::INFOR: Function _ZN10ap_privateILi56ELb1ELb1EE15clearUnusedBitsEv will be added to the ProgramContainer
programModel::INFOR: Function _ZN10ap_privateILi56ELb1ELb1EE12check_canaryEv will be added to the ProgramContainer
programModel::INFOR: Function _ZN10ap_privateILi55ELb1ELb1EEaSILi56ELb1EEERS0_RKS_IXT_EXT0_EXleT_Li64EEE will be added to the ProgramContainer
programModel::INFOR: Function _ZNK10ap_privateILi56ELb1ELb1EE15get_cleared_VALEv will be added to the ProgramContainer
programModel::INFOR: Function _ZN6ap_intILi55EEC1ILi55ELb1EEERK11ap_int_baseIXT_EXT0_EE will be added to the ProgramContainer
programModel::INFOR: Function _ZN6ap_intILi55EEC2ILi55ELb1EEERK11ap_int_baseIXT_EXT0_EE will be added to the ProgramContainer
programModel::INFOR: Function _ZN11ap_int_baseILi54ELb1EEaSILi55ELb1EEERS0_RKS_IXT_EXT0_EE will be added to the ProgramContainer
programModel::INFOR: Function _ZN10ap_privateILi54ELb1ELb1EEaSILi55ELb1EEERS0_RKS_IXT_EXT0_EXleT_Li64EEE will be added to the ProgramContainer
programModel::INFOR: Function _Z11DelayAndSumP8ap_fixedILi12ELi4EL9ap_q_mode5EL9ap_o_mode3ELi0EEPS_ILi16ELi11ELS0_5ELS1_3ELi0EEPS_ILi16ELi8ELS0_5ELS1_3ELi0EES7_S7_S7_RN3hls6streamIS_ILi16ELi1ELS0_5ELS1_3ELi0EELi0EEESC_SC_SC_SC_SC_SC_SC_SC_SC_ will be added to the ProgramContainer
programModel::INFOR: Function _Z16CalculateWeights8ap_fixedILi12ELi4EL9ap_q_mode5EL9ap_o_mode3ELi0EES_ILi16ELi11ELS0_5ELS1_3ELi0EES_ILi16ELi8ELS0_5ELS1_3ELi0EES4_S4_S4_RS_ILi16ELi1ELS0_5ELS1_3ELi0EES6_S6_S6_S6_S6_S6_S6_.74 will be added to the ProgramContainer
programModel::INFOR: Function _Z16CalculateElement8ap_fixedILi12ELi4EL9ap_q_mode5EL9ap_o_mode3ELi0EES_ILi16ELi11ELS0_5ELS1_3ELi0EES_ILi16ELi8ELS0_5ELS1_3ELi0EERS_ILi16ELi1ELS0_5ELS1_3ELi0EES6_.78 will be added to the ProgramContainer
programModel::INFOR: Function _ZN3hls3cosILi12ELi4EEE8ap_fixedIXplmiT_T0_Li2EELi2EL9ap_q_mode5EL9ap_o_mode3ELi0EES1_IXT_EXT0_ELS2_5ELS3_3ELi0EE.81 will be added to the ProgramContainer
programModel::INFOR: Function _ZN14cordic_apfixed14generic_sincosILi12ELi4EEEv8ap_fixedIXT_EXT0_EL9ap_q_mode5EL9ap_o_mode3ELi0EERS1_IXplmiT_T0_Li2EELi2ELS2_5ELS3_3ELi0EES6_.251 will be added to the ProgramContainer
programModel::INFOR: Function _ZN14cordic_apfixed16circ_range_reduxILi12ELi4ELi13EEEv9ap_ufixedIXT_EXT0_EL9ap_q_mode5EL9ap_o_mode3ELi0EER7ap_uintILi2EERS1_IXT1_ELi1ELS2_5ELS3_3ELi0EE.256 will be added to the ProgramContainer
programModel::INFOR: Function _ZN14cordic_apfixed19cordic_circ_apfixedILi14ELi3ELi0EEEvR8ap_fixedIXT_EXT0_EL9ap_q_mode5EL9ap_o_mode3ELi0EES5_S5_.263 will be added to the ProgramContainer
programModel::INFOR: Function _ZN3hls3cosILi8ELi1EEE8ap_fixedIXplmiT_T0_Li2EELi2EL9ap_q_mode5EL9ap_o_mode3ELi0EES1_IXT_EXT0_ELS2_5ELS3_3ELi0EE.85 will be added to the ProgramContainer
programModel::INFOR: Function _ZN14cordic_apfixed14generic_sincosILi8ELi1EEEv8ap_fixedIXT_EXT0_EL9ap_q_mode5EL9ap_o_mode3ELi0EERS1_IXplmiT_T0_Li2EELi2ELS2_5ELS3_3ELi0EES6_.89 will be added to the ProgramContainer
programModel::INFOR: Function _ZN14cordic_apfixed16circ_range_reduxILi8ELi1ELi9EEEv9ap_ufixedIXT_EXT0_EL9ap_q_mode5EL9ap_o_mode3ELi0EER7ap_uintILi2EERS1_IXT1_ELi1ELS2_5ELS3_3ELi0EE.96 will be added to the ProgramContainer
programModel::INFOR: Function _ZN14cordic_apfixed19cordic_circ_apfixedILi10ELi3ELi0EEEvR8ap_fixedIXT_EXT0_EL9ap_q_mode5EL9ap_o_mode3ELi0EES5_S5_.106 will be added to the ProgramContainer
programModel::INFOR: Function _ZN3hls3sinILi8ELi1EEE8ap_fixedIXplmiT_T0_Li2EELi2EL9ap_q_mode5EL9ap_o_mode3ELi0EES1_IXT_EXT0_ELS2_5ELS3_3ELi0EE.88 will be added to the ProgramContainer
programModel::INFOR: Function _ZN3hls6streamI8ap_fixedILi16ELi1EL9ap_q_mode5EL9ap_o_mode3ELi0EELi0EErsERS4_ will be added to the ProgramContainer
programModel::INFOR: Function _ZN3hls6streamI8ap_fixedILi16ELi1EL9ap_q_mode5EL9ap_o_mode3ELi0EELi0EE4readERS4_ will be added to the ProgramContainer
programModel::INFOR: Function _ZSt3powIiiEN9__gnu_cxx11__promote_2IT_T0_NS0_9__promoteIS2_Xsr3std12__is_integerIS2_EE7__valueEE6__typeENS4_IS3_Xsr3std12__is_integerIS3_EE7__valueEE6__typeEE6__typeES2_S3_ will be added to the ProgramContainer
programModel::INFOR: Function _ZNK13ap_fixed_baseILi16ELi1ELb1EL9ap_q_mode5EL9ap_o_mode3ELi0EE9to_doubleEv will be added to the ProgramContainer
programModel::INFOR: Function _ZNK10ap_privateILi16ELb1ELb1EEntEv will be added to the ProgramContainer
programModel::INFOR: Function _ZNK10ap_privateILi16ELb1ELb1EE15get_cleared_VALEv will be added to the ProgramContainer
programModel::INFOR: Function _ZNK10ap_privateILi16ELb1ELb1EE7get_bitEi will be added to the ProgramContainer
programModel::INFOR: Function _ZN11ap_int_baseILi16ELb0EEC1Ei will be added to the ProgramContainer
programModel::INFOR: Function _ZN11ap_int_baseILi16ELb0EEC2Ei will be added to the ProgramContainer
programModel::INFOR: Function _ZN10ap_privateILi16ELb0ELb1EEC1Ei will be added to the ProgramContainer
programModel::INFOR: Function _ZN10ap_privateILi16ELb0ELb1EEC2Ei will be added to the ProgramContainer
programModel::INFOR: Function _ZN10ap_privateILi16ELb0ELb1EE10set_canaryEv will be added to the ProgramContainer
programModel::INFOR: Function _ZN10ap_privateILi16ELb0ELb1EE15clearUnusedBitsEv will be added to the ProgramContainer
programModel::INFOR: Function _ZN10ap_privateILi16ELb0ELb1EE12check_canaryEv will be added to the ProgramContainer
programModel::INFOR: Function _ZN12ssdm_int_simILi16ELb0EEC2E10ap_privateILi16ELb0ELb1EE will be added to the ProgramContainer
programModel::INFOR: Function _ZN10ap_privateILi16ELb0ELb1EEaSEi will be added to the ProgramContainer
programModel::INFOR: Function _ZN10ap_privateILi16ELb0ELb1EEaSILi16ELb1EEERS0_RKS_IXT_EXT0_EXleT_Li64EEE will be added to the ProgramContainer
programModel::INFOR: Function _ZNK11ap_int_baseILi16ELb0EE17countLeadingZerosEv will be added to the ProgramContainer
programModel::INFOR: Function _ZNK10ap_privateILi16ELb0ELb1EE17countLeadingZerosEv will be added to the ProgramContainer
programModel::INFOR: Function _ZNK10ap_privateILi16ELb0ELb1EE15get_cleared_VALEv will be added to the ProgramContainer
programModel::INFOR: Function _ZN8AESL_std3minIjEET_S1_S1_ will be added to the ProgramContainer
programModel::INFOR: Function _ZNK10ap_privateILi16ELb0ELb1EEcvtEv will be added to the ProgramContainer
programModel::INFOR: Function _Z20_AP_ctype_op_get_bitIyiEbRT_RKT0_ will be added to the ProgramContainer
programModel::INFOR: Function _Z20_AP_ctype_op_set_bitIyibET_RS0_RKT0_RKT1_ will be added to the ProgramContainer
programModel::INFOR: Function _Z22_AP_ctype_op_set_rangeIyiiiET_RS0_RKT0_RKT1_RKT2_ will be added to the ProgramContainer
programModel::INFOR: Function _Z15rawBitsToDoubley will be added to the ProgramContainer
programModel::INFOR: Function _ZSt3absd will be added to the ProgramContainer
programModel::INFOR: Function _ZNK10ap_privateILi16ELb1ELb1EEngEv will be added to the ProgramContainer
programModel::INFOR: Function _ZNK10ap_privateILi1ELb0ELb1EEmiILi16ELb1EEENS0_5RTypeIXT_EXT0_EE5minusERKS_IXT_EXT0_EXleT_Li64EEE will be added to the ProgramContainer
programModel::INFOR: Function _ZN10ap_privateILi17ELb1ELb1EEC1Ex will be added to the ProgramContainer
programModel::INFOR: Function _ZN10ap_privateILi17ELb1ELb1EEC2Ex will be added to the ProgramContainer
programModel::INFOR: Function _ZN10ap_privateILi17ELb1ELb1EE10set_canaryEv will be added to the ProgramContainer
programModel::INFOR: Function _ZN10ap_privateILi17ELb1ELb1EE15clearUnusedBitsEv will be added to the ProgramContainer
programModel::INFOR: Function _ZN10ap_privateILi17ELb1ELb1EE12check_canaryEv will be added to the ProgramContainer
programModel::INFOR: Function _ZN10ap_privateILi16ELb0ELb1EEaSILi17ELb1EEERS0_RKS_IXT_EXT0_EXleT_Li64EEE will be added to the ProgramContainer
programModel::INFOR: Function _ZNK10ap_privateILi17ELb1ELb1EE15get_cleared_VALEv will be added to the ProgramContainer
programModel::INFOR: Function __dtor_out_imag will be added to the ProgramContainer
programModel::INFOR: Function _ZN3hls6streamI8ap_fixedILi16ELi1EL9ap_q_mode5EL9ap_o_mode3ELi0EELi0EED1Ev will be added to the ProgramContainer
programModel::INFOR: Function _ZN3hls6streamI8ap_fixedILi16ELi1EL9ap_q_mode5EL9ap_o_mode3ELi0EELi0EED2Ev will be added to the ProgramContainer
programModel::INFOR: Function __dtor_out_real will be added to the ProgramContainer
programModel::INFOR: Function __dtor_in4_imag will be added to the ProgramContainer
programModel::INFOR: Function __dtor_in4_real will be added to the ProgramContainer
programModel::INFOR: Function __dtor_in3_imag will be added to the ProgramContainer
programModel::INFOR: Function __dtor_in3_real will be added to the ProgramContainer
programModel::INFOR: Function __dtor_in2_imag will be added to the ProgramContainer
programModel::INFOR: Function __dtor_in2_real will be added to the ProgramContainer
programModel::INFOR: Function __dtor_in1_imag will be added to the ProgramContainer
programModel::INFOR: Function __dtor_in1_real will be added to the ProgramContainer
programModel::INFOR: Function __dtor__ZStL8__ioinit will be added to the ProgramContainer
programModel::INFOR: Function __dtor__ZStL8__ioinit.21 will be added to the ProgramContainer
programModel::INFOR: Function __dtor__ZStL8__ioinit.64 will be added to the ProgramContainer
programModel::INFOR: Function __dtor__ZStL8__ioinit.71 will be added to the ProgramContainer
programModel::INFOR: Function __dtor__ZStL8__ioinit.4 will be added to the ProgramContainer
