INFO: [v++ 60-1548] Creating build summary session with primary output C:/Users/matt/OneDrive/Dokumente/__Master/Vitis_HLS/hls-delay-and-sum/DelayAndSum/DelayAndSum\DelayAndSum.hlscompile_summary, at 04/16/25 19:36:19
INFO: [v++ 82-31] Launching vitis_hls: vitis_hls -nolog -run csynth -work_dir C:/Users/matt/OneDrive/Dokumente/__Master/Vitis_HLS/hls-delay-and-sum/DelayAndSum/DelayAndSum -config C:/Users/matt/OneDrive/Dokumente/__Master/Vitis_HLS/hls-delay-and-sum/DelayAndSum/hls_config.cfg -cmdlineconfig C:/Users/matt/OneDrive/Dokumente/__Master/Vitis_HLS/hls-delay-and-sum/DelayAndSum/DelayAndSum/hls/config.cmdline
INFO: [HLS 200-10] For user 'matt' on host 'laptop-matt' (Windows NT_amd64 version 10.0) on Wed Apr 16 19:36:22 +0200 2025
INFO: [HLS 200-10] In directory 'C:/Users/matt/OneDrive/Dokumente/__Master/Vitis_HLS/hls-delay-and-sum/DelayAndSum'
INFO: [HLS 200-2005] Using work_dir C:/Users/matt/OneDrive/Dokumente/__Master/Vitis_HLS/hls-delay-and-sum/DelayAndSum/DelayAndSum 
INFO: [HLS 200-1505] Using default flow_target 'vivado'
Resolution: For help on HLS 200-1505 see docs.xilinx.com/access/sources/dita/topic?Doc_Version=2024.1%20English&url=ug1448-hls-guidance&resourceid=200-1505.html
INFO: [HLS 200-1465] Applying ini 'syn.file=DelayAndSum.cpp' from C:/Users/matt/OneDrive/Dokumente/__Master/Vitis_HLS/hls-delay-and-sum/DelayAndSum/hls_config.cfg(17)
INFO: [HLS 200-10] Adding design file 'C:/Users/matt/OneDrive/Dokumente/__Master/Vitis_HLS/hls-delay-and-sum/DelayAndSum/DelayAndSum.cpp' to the project
INFO: [HLS 200-1465] Applying ini 'syn.file=DelayAndSum.hpp' from C:/Users/matt/OneDrive/Dokumente/__Master/Vitis_HLS/hls-delay-and-sum/DelayAndSum/hls_config.cfg(18)
INFO: [HLS 200-10] Adding design file 'C:/Users/matt/OneDrive/Dokumente/__Master/Vitis_HLS/hls-delay-and-sum/DelayAndSum/DelayAndSum.hpp' to the project
INFO: [HLS 200-1465] Applying ini 'syn.file=CalculateWeights.cpp' from C:/Users/matt/OneDrive/Dokumente/__Master/Vitis_HLS/hls-delay-and-sum/DelayAndSum/hls_config.cfg(19)
INFO: [HLS 200-10] Adding design file 'C:/Users/matt/OneDrive/Dokumente/__Master/Vitis_HLS/hls-delay-and-sum/DelayAndSum/CalculateWeights.cpp' to the project
INFO: [HLS 200-1465] Applying ini 'syn.file=CalculateWeights.hpp' from C:/Users/matt/OneDrive/Dokumente/__Master/Vitis_HLS/hls-delay-and-sum/DelayAndSum/hls_config.cfg(20)
INFO: [HLS 200-10] Adding design file 'C:/Users/matt/OneDrive/Dokumente/__Master/Vitis_HLS/hls-delay-and-sum/DelayAndSum/CalculateWeights.hpp' to the project
INFO: [HLS 200-1465] Applying ini 'tb.file=DelayAndSumTB.cpp' from C:/Users/matt/OneDrive/Dokumente/__Master/Vitis_HLS/hls-delay-and-sum/DelayAndSum/hls_config.cfg(12)
INFO: [HLS 200-10] Adding test bench file 'C:/Users/matt/OneDrive/Dokumente/__Master/Vitis_HLS/hls-delay-and-sum/DelayAndSum/DelayAndSumTB.cpp' to the project
INFO: [HLS 200-1465] Applying ini 'tb.file=TestData.hpp' from C:/Users/matt/OneDrive/Dokumente/__Master/Vitis_HLS/hls-delay-and-sum/DelayAndSum/hls_config.cfg(13)
INFO: [HLS 200-10] Adding test bench file 'C:/Users/matt/OneDrive/Dokumente/__Master/Vitis_HLS/hls-delay-and-sum/DelayAndSum/TestData.hpp' to the project
INFO: [HLS 200-1465] Applying ini 'tb.cflags=-DALLOW_EMPTY_HLS_STREAM_READS' from C:/Users/matt/OneDrive/Dokumente/__Master/Vitis_HLS/hls-delay-and-sum/DelayAndSum/hls_config.cfg(24)
INFO: [HLS 200-1465] Applying ini 'syn.top=DelayAndSum' from C:/Users/matt/OneDrive/Dokumente/__Master/Vitis_HLS/hls-delay-and-sum/DelayAndSum/hls_config.cfg(11)
INFO: [HLS 200-1465] Applying ini 'flow_target=vivado' from C:/Users/matt/OneDrive/Dokumente/__Master/Vitis_HLS/hls-delay-and-sum/DelayAndSum/hls_config.cfg(4)
INFO: [HLS 200-1505] Using flow_target 'vivado'
Resolution: For help on HLS 200-1505 see docs.xilinx.com/access/sources/dita/topic?Doc_Version=2024.1%20English&url=ug1448-hls-guidance&resourceid=200-1505.html
INFO: [HLS 200-1465] Applying ini 'part=xczu48dr-ffvg1517-2-e' from C:/Users/matt/OneDrive/Dokumente/__Master/Vitis_HLS/hls-delay-and-sum/DelayAndSum/hls_config.cfg(1)
INFO: [HLS 200-1611] Setting target device to 'xczu48dr-ffvg1517-2-e'
INFO: [HLS 200-1465] Applying ini 'clock=200MHz' from C:/Users/matt/OneDrive/Dokumente/__Master/Vitis_HLS/hls-delay-and-sum/DelayAndSum/hls_config.cfg(7)
INFO: [SYN 201-201] Setting up clock 'default' with a period of 5ns.
INFO: [HLS 200-1465] Applying ini 'cosim.rtl=vhdl' from C:/Users/matt/OneDrive/Dokumente/__Master/Vitis_HLS/hls-delay-and-sum/DelayAndSum/hls_config.cfg(26)
INFO: [HLS 200-1465] Applying ini 'cosim.trace_level=port' from C:/Users/matt/OneDrive/Dokumente/__Master/Vitis_HLS/hls-delay-and-sum/DelayAndSum/hls_config.cfg(23)
INFO: [HLS 200-1465] Applying ini 'cosim.wave_debug=1' from C:/Users/matt/OneDrive/Dokumente/__Master/Vitis_HLS/hls-delay-and-sum/DelayAndSum/hls_config.cfg(25)
INFO: [HLS 200-1465] Applying ini 'csim.code_analyzer=0' from C:/Users/matt/OneDrive/Dokumente/__Master/Vitis_HLS/hls-delay-and-sum/DelayAndSum/hls_config.cfg(9)
INFO: [HLS 200-1465] Applying ini 'csim.sanitize_address=0' from C:/Users/matt/OneDrive/Dokumente/__Master/Vitis_HLS/hls-delay-and-sum/DelayAndSum/hls_config.cfg(10)
INFO: [HLS 200-1465] Applying ini 'csim.sanitize_undefined=0' from C:/Users/matt/OneDrive/Dokumente/__Master/Vitis_HLS/hls-delay-and-sum/DelayAndSum/hls_config.cfg(8)
INFO: [HLS 200-1465] Applying ini 'package.ip.description=4 channel delay-and-sum beamformer' from C:/Users/matt/OneDrive/Dokumente/__Master/Vitis_HLS/hls-delay-and-sum/DelayAndSum/hls_config.cfg(16)
INFO: [HLS 200-1465] Applying ini 'package.ip.display_name=DelayAndSum' from C:/Users/matt/OneDrive/Dokumente/__Master/Vitis_HLS/hls-delay-and-sum/DelayAndSum/hls_config.cfg(15)
INFO: [HLS 200-1465] Applying ini 'package.ip.vendor=othr' from C:/Users/matt/OneDrive/Dokumente/__Master/Vitis_HLS/hls-delay-and-sum/DelayAndSum/hls_config.cfg(22)
INFO: [HLS 200-1465] Applying ini 'package.ip.version=2.0' from C:/Users/matt/OneDrive/Dokumente/__Master/Vitis_HLS/hls-delay-and-sum/DelayAndSum/hls_config.cfg(27)
INFO: [HLS 200-1465] Applying ini 'package.output.file=C:\Users\matt\OneDrive\Dokumente\__Master\Vivado\Vitis_HLS\DelayAndSum\DelayAndSum\DelayAndSum\DelayAndSum.zip' from C:/Users/matt/OneDrive/Dokumente/__Master/Vitis_HLS/hls-delay-and-sum/DelayAndSum/hls_config.cfg(14)
INFO: [HLS 200-1465] Applying ini 'package.output.format=ip_catalog' from C:/Users/matt/OneDrive/Dokumente/__Master/Vitis_HLS/hls-delay-and-sum/DelayAndSum/hls_config.cfg(5)
INFO: [HLS 200-1465] Applying ini 'syn.interface.s_axilite_auto_restart_counter=1' from C:/Users/matt/OneDrive/Dokumente/__Master/Vitis_HLS/hls-delay-and-sum/DelayAndSum/hls_config.cfg(28)
INFO: [HLS 200-1465] Applying ini 'syn.interface.s_axilite_sw_reset=1' from C:/Users/matt/OneDrive/Dokumente/__Master/Vitis_HLS/hls-delay-and-sum/DelayAndSum/hls_config.cfg(29)
INFO: [HLS 200-1465] Applying ini 'syn.rtl.reset=state' from C:/Users/matt/OneDrive/Dokumente/__Master/Vitis_HLS/hls-delay-and-sum/DelayAndSum/hls_config.cfg(30)
INFO: [HLS 200-1465] Applying ini 'vivado.rtl=vhdl' from C:/Users/matt/OneDrive/Dokumente/__Master/Vitis_HLS/hls-delay-and-sum/DelayAndSum/hls_config.cfg(21)
INFO: [HLS 200-111] Finished File checks and directory preparation: CPU user time: 2 seconds. CPU system time: 1 seconds. Elapsed time: 6.25 seconds; current allocated memory: 230.449 MB.
INFO: [HLS 200-10] Analyzing design file 'CalculateWeights.cpp' ... 
INFO: [HLS 200-10] Analyzing design file 'DelayAndSum.cpp' ... 
INFO: [HLS 200-111] Finished Source Code Analysis and Preprocessing: CPU user time: 1 seconds. CPU system time: 0 seconds. Elapsed time: 41.735 seconds; current allocated memory: 238.055 MB.
INFO: [HLS 200-777] Using interface defaults for 'Vivado' flow target.
INFO: [HLS 200-1995] There were 86,744 instructions in the design after the 'Compile/Link' phase of compilation. See the Design Size Report for more details: C:/Users/matt/OneDrive/Dokumente/__Master/Vitis_HLS/hls-delay-and-sum/DelayAndSum/DelayAndSum/hls/syn/report/csynth_design_size.rpt
INFO: [HLS 200-1995] There were 68,794 instructions in the design after the 'Unroll/Inline (step 1)' phase of compilation. See the Design Size Report for more details: C:/Users/matt/OneDrive/Dokumente/__Master/Vitis_HLS/hls-delay-and-sum/DelayAndSum/DelayAndSum/hls/syn/report/csynth_design_size.rpt
INFO: [HLS 200-1995] There were 20,672 instructions in the design after the 'Unroll/Inline (step 2)' phase of compilation. See the Design Size Report for more details: C:/Users/matt/OneDrive/Dokumente/__Master/Vitis_HLS/hls-delay-and-sum/DelayAndSum/DelayAndSum/hls/syn/report/csynth_design_size.rpt
INFO: [HLS 200-1995] There were 20,034 instructions in the design after the 'Unroll/Inline (step 3)' phase of compilation. See the Design Size Report for more details: C:/Users/matt/OneDrive/Dokumente/__Master/Vitis_HLS/hls-delay-and-sum/DelayAndSum/DelayAndSum/hls/syn/report/csynth_design_size.rpt
INFO: [HLS 200-1995] There were 15,986 instructions in the design after the 'Unroll/Inline (step 4)' phase of compilation. See the Design Size Report for more details: C:/Users/matt/OneDrive/Dokumente/__Master/Vitis_HLS/hls-delay-and-sum/DelayAndSum/DelayAndSum/hls/syn/report/csynth_design_size.rpt
INFO: [HLS 200-1995] There were 16,082 instructions in the design after the 'Array/Struct (step 1)' phase of compilation. See the Design Size Report for more details: C:/Users/matt/OneDrive/Dokumente/__Master/Vitis_HLS/hls-delay-and-sum/DelayAndSum/DelayAndSum/hls/syn/report/csynth_design_size.rpt
INFO: [HLS 200-1995] There were 16,082 instructions in the design after the 'Array/Struct (step 2)' phase of compilation. See the Design Size Report for more details: C:/Users/matt/OneDrive/Dokumente/__Master/Vitis_HLS/hls-delay-and-sum/DelayAndSum/DelayAndSum/hls/syn/report/csynth_design_size.rpt
INFO: [HLS 200-1995] There were 16,082 instructions in the design after the 'Array/Struct (step 3)' phase of compilation. See the Design Size Report for more details: C:/Users/matt/OneDrive/Dokumente/__Master/Vitis_HLS/hls-delay-and-sum/DelayAndSum/DelayAndSum/hls/syn/report/csynth_design_size.rpt
INFO: [HLS 200-1995] There were 16,082 instructions in the design after the 'Array/Struct (step 4)' phase of compilation. See the Design Size Report for more details: C:/Users/matt/OneDrive/Dokumente/__Master/Vitis_HLS/hls-delay-and-sum/DelayAndSum/DelayAndSum/hls/syn/report/csynth_design_size.rpt
INFO: [HLS 200-1995] There were 16,114 instructions in the design after the 'Array/Struct (step 5)' phase of compilation. See the Design Size Report for more details: C:/Users/matt/OneDrive/Dokumente/__Master/Vitis_HLS/hls-delay-and-sum/DelayAndSum/DelayAndSum/hls/syn/report/csynth_design_size.rpt
INFO: [HLS 200-1995] There were 16,114 instructions in the design after the 'Performance (step 1)' phase of compilation. See the Design Size Report for more details: C:/Users/matt/OneDrive/Dokumente/__Master/Vitis_HLS/hls-delay-and-sum/DelayAndSum/DelayAndSum/hls/syn/report/csynth_design_size.rpt
INFO: [HLS 200-1995] There were 15,603 instructions in the design after the 'Performance (step 2)' phase of compilation. See the Design Size Report for more details: C:/Users/matt/OneDrive/Dokumente/__Master/Vitis_HLS/hls-delay-and-sum/DelayAndSum/DelayAndSum/hls/syn/report/csynth_design_size.rpt
INFO: [HLS 200-1995] There were 14,813 instructions in the design after the 'Performance (step 3)' phase of compilation. See the Design Size Report for more details: C:/Users/matt/OneDrive/Dokumente/__Master/Vitis_HLS/hls-delay-and-sum/DelayAndSum/DelayAndSum/hls/syn/report/csynth_design_size.rpt
INFO: [HLS 200-1995] There were 14,813 instructions in the design after the 'Performance (step 4)' phase of compilation. See the Design Size Report for more details: C:/Users/matt/OneDrive/Dokumente/__Master/Vitis_HLS/hls-delay-and-sum/DelayAndSum/DelayAndSum/hls/syn/report/csynth_design_size.rpt
INFO: [HLS 200-1995] There were 15,675 instructions in the design after the 'HW Transforms (step 1)' phase of compilation. See the Design Size Report for more details: C:/Users/matt/OneDrive/Dokumente/__Master/Vitis_HLS/hls-delay-and-sum/DelayAndSum/DelayAndSum/hls/syn/report/csynth_design_size.rpt
INFO: [HLS 200-1995] There were 12,231 instructions in the design after the 'HW Transforms (step 2)' phase of compilation. See the Design Size Report for more details: C:/Users/matt/OneDrive/Dokumente/__Master/Vitis_HLS/hls-delay-and-sum/DelayAndSum/DelayAndSum/hls/syn/report/csynth_design_size.rpt
INFO: [HLS 214-291] Loop 'VITIS_LOOP_61_1' is marked as complete unroll implied by the pipeline pragma (C:/Xilinx/Vitis_HLS/2024.1/common/technology/autopilot/etc/hls_cordic_apfixed.h:61:22)
INFO: [HLS 214-186] Unrolling loop 'VITIS_LOOP_61_1' (C:/Xilinx/Vitis_HLS/2024.1/common/technology/autopilot/etc/hls_cordic_apfixed.h:61:22) in function 'cordic_apfixed::cordic_circ_apfixed<20, 3, 0>' completely with a factor of 20 (C:/Xilinx/Vitis_HLS/2024.1/common/technology/autopilot/etc/hls_cordic_apfixed.h:53:0)
WARNING: [HLS 214-189] Pipeline directive for loop 'VITIS_LOOP_61_1' (C:/Xilinx/Vitis_HLS/2024.1/common/technology/autopilot/etc/hls_cordic_apfixed.h:61:22) in function 'cordic_apfixed::cordic_circ_apfixed<20, 3, 0>' has been removed because the loop is unrolled completely (C:/Xilinx/Vitis_HLS/2024.1/common/technology/autopilot/etc/hls_cordic_apfixed.h:53:0)
INFO: [HLS 214-186] Unrolling loop 'VITIS_LOOP_61_1' (C:/Xilinx/Vitis_HLS/2024.1/common/technology/autopilot/etc/hls_cordic_apfixed.h:61:22) in function 'cordic_apfixed::cordic_circ_apfixed<22, 3, 0>' completely with a factor of 22 (C:/Xilinx/Vitis_HLS/2024.1/common/technology/autopilot/etc/hls_cordic_apfixed.h:53:0)
WARNING: [HLS 214-189] Pipeline directive for loop 'VITIS_LOOP_61_1' (C:/Xilinx/Vitis_HLS/2024.1/common/technology/autopilot/etc/hls_cordic_apfixed.h:61:22) in function 'cordic_apfixed::cordic_circ_apfixed<22, 3, 0>' has been removed because the loop is unrolled completely (C:/Xilinx/Vitis_HLS/2024.1/common/technology/autopilot/etc/hls_cordic_apfixed.h:53:0)
INFO: [HLS 214-178] Inlining function 'void cordic_apfixed::circ_range_redux<20, 3, 21>(ap_ufixed<20, 3, (ap_q_mode)5, (ap_o_mode)3, 0>, ap_uint<2>&, ap_ufixed<21, 1, (ap_q_mode)5, (ap_o_mode)3, 0>&)' into 'void cordic_apfixed::generic_sincos<20, 3>(ap_fixed<20, 3, (ap_q_mode)5, (ap_o_mode)3, 0>, ap_fixed<((20) - (3)) + (2), 2, (ap_q_mode)5, (ap_o_mode)3, 0>&, ap_fixed<((20) - (3)) + (2), 2, (ap_q_mode)5, (ap_o_mode)3, 0>&) (.71)' (C:/Xilinx/Vitis_HLS/2024.1/common/technology/autopilot/etc/hls_cordic_apfixed.h:202:0)
INFO: [HLS 214-178] Inlining function 'void cordic_apfixed::generic_sincos<20, 3>(ap_fixed<20, 3, (ap_q_mode)5, (ap_o_mode)3, 0>, ap_fixed<((20) - (3)) + (2), 2, (ap_q_mode)5, (ap_o_mode)3, 0>&, ap_fixed<((20) - (3)) + (2), 2, (ap_q_mode)5, (ap_o_mode)3, 0>&) (.71)' into 'ap_fixed<((20) - (3)) + (2), 2, (ap_q_mode)5, (ap_o_mode)3, 0> hls::cos<20, 3>(ap_fixed<20, 3, (ap_q_mode)5, (ap_o_mode)3, 0>)' (C:/Xilinx/Vitis_HLS/2024.1/common/technology/autopilot\hls_math.h:1941:0)
INFO: [HLS 214-178] Inlining function 'void cordic_apfixed::circ_range_redux<18, 4, 19>(ap_ufixed<18, 4, (ap_q_mode)5, (ap_o_mode)3, 0>, ap_uint<2>&, ap_ufixed<19, 1, (ap_q_mode)5, (ap_o_mode)3, 0>&)' into 'void cordic_apfixed::generic_sincos<18, 4>(ap_fixed<18, 4, (ap_q_mode)5, (ap_o_mode)3, 0>, ap_fixed<((18) - (4)) + (2), 2, (ap_q_mode)5, (ap_o_mode)3, 0>&, ap_fixed<((18) - (4)) + (2), 2, (ap_q_mode)5, (ap_o_mode)3, 0>&) (.55)' (C:/Xilinx/Vitis_HLS/2024.1/common/technology/autopilot/etc/hls_cordic_apfixed.h:202:0)
INFO: [HLS 214-178] Inlining function 'void cordic_apfixed::generic_sincos<18, 4>(ap_fixed<18, 4, (ap_q_mode)5, (ap_o_mode)3, 0>, ap_fixed<((18) - (4)) + (2), 2, (ap_q_mode)5, (ap_o_mode)3, 0>&, ap_fixed<((18) - (4)) + (2), 2, (ap_q_mode)5, (ap_o_mode)3, 0>&) (.55)' into 'ap_fixed<((18) - (4)) + (2), 2, (ap_q_mode)5, (ap_o_mode)3, 0> hls::cos<18, 4>(ap_fixed<18, 4, (ap_q_mode)5, (ap_o_mode)3, 0>)' (C:/Xilinx/Vitis_HLS/2024.1/common/technology/autopilot\hls_math.h:1941:0)
INFO: [HLS 214-178] Inlining function 'void cordic_apfixed::generic_sincos<18, 4>(ap_fixed<18, 4, (ap_q_mode)5, (ap_o_mode)3, 0>, ap_fixed<((18) - (4)) + (2), 2, (ap_q_mode)5, (ap_o_mode)3, 0>&, ap_fixed<((18) - (4)) + (2), 2, (ap_q_mode)5, (ap_o_mode)3, 0>&) (.55)' into 'ap_fixed<((18) - (4)) + (2), 2, (ap_q_mode)5, (ap_o_mode)3, 0> hls::sin<18, 4>(ap_fixed<18, 4, (ap_q_mode)5, (ap_o_mode)3, 0>)' (C:/Xilinx/Vitis_HLS/2024.1/common/technology/autopilot\hls_math.h:1922:0)
INFO: [HLS 214-178] Inlining function 'ap_fixed<((18) - (4)) + (2), 2, (ap_q_mode)5, (ap_o_mode)3, 0> hls::cos<18, 4>(ap_fixed<18, 4, (ap_q_mode)5, (ap_o_mode)3, 0>)' into 'CalculateElement(ap_fixed<20, 3, (ap_q_mode)5, (ap_o_mode)3, 0>, ap_fixed<32, 16, (ap_q_mode)5, (ap_o_mode)3, 0>, ap_fixed<32, 16, (ap_q_mode)5, (ap_o_mode)3, 0>, ap_fixed<16, 1, (ap_q_mode)5, (ap_o_mode)3, 0>&, ap_fixed<16, 1, (ap_q_mode)5, (ap_o_mode)3, 0>&)' (CalculateWeights.cpp:4:0)
INFO: [HLS 214-178] Inlining function 'ap_fixed<((18) - (4)) + (2), 2, (ap_q_mode)5, (ap_o_mode)3, 0> hls::sin<18, 4>(ap_fixed<18, 4, (ap_q_mode)5, (ap_o_mode)3, 0>)' into 'CalculateElement(ap_fixed<20, 3, (ap_q_mode)5, (ap_o_mode)3, 0>, ap_fixed<32, 16, (ap_q_mode)5, (ap_o_mode)3, 0>, ap_fixed<32, 16, (ap_q_mode)5, (ap_o_mode)3, 0>, ap_fixed<16, 1, (ap_q_mode)5, (ap_o_mode)3, 0>&, ap_fixed<16, 1, (ap_q_mode)5, (ap_o_mode)3, 0>&)' (CalculateWeights.cpp:4:0)
INFO: [HLS 214-178] Inlining function 'CalculateWeights(ap_fixed<20, 3, (ap_q_mode)5, (ap_o_mode)3, 0>, ap_fixed<32, 16, (ap_q_mode)5, (ap_o_mode)3, 0>, ap_fixed<32, 16, (ap_q_mode)5, (ap_o_mode)3, 0>, ap_fixed<32, 16, (ap_q_mode)5, (ap_o_mode)3, 0>, ap_fixed<32, 16, (ap_q_mode)5, (ap_o_mode)3, 0>, ap_fixed<32, 16, (ap_q_mode)5, (ap_o_mode)3, 0>, ap_fixed<16, 1, (ap_q_mode)5, (ap_o_mode)3, 0>&, ap_fixed<16, 1, (ap_q_mode)5, (ap_o_mode)3, 0>&, ap_fixed<16, 1, (ap_q_mode)5, (ap_o_mode)3, 0>&, ap_fixed<16, 1, (ap_q_mode)5, (ap_o_mode)3, 0>&, ap_fixed<16, 1, (ap_q_mode)5, (ap_o_mode)3, 0>&, ap_fixed<16, 1, (ap_q_mode)5, (ap_o_mode)3, 0>&, ap_fixed<16, 1, (ap_q_mode)5, (ap_o_mode)3, 0>&, ap_fixed<16, 1, (ap_q_mode)5, (ap_o_mode)3, 0>&)' into 'DelayAndSum(ap_fixed<20, 3, (ap_q_mode)5, (ap_o_mode)3, 0>*, ap_fixed<32, 16, (ap_q_mode)5, (ap_o_mode)3, 0>*, ap_fixed<32, 16, (ap_q_mode)5, (ap_o_mode)3, 0>*, ap_fixed<32, 16, (ap_q_mode)5, (ap_o_mode)3, 0>*, ap_fixed<32, 16, (ap_q_mode)5, (ap_o_mode)3, 0>*, ap_fixed<32, 16, (ap_q_mode)5, (ap_o_mode)3, 0>*, ap_uint<26>*, ap_uint<10>*, hls::stream<ap_fixed<16, 1, (ap_q_mode)5, (ap_o_mode)3, 0>, 0>&, hls::stream<ap_fixed<16, 1, (ap_q_mode)5, (ap_o_mode)3, 0>, 0>&, hls::stream<ap_fixed<16, 1, (ap_q_mode)5, (ap_o_mode)3, 0>, 0>&, hls::stream<ap_fixed<16, 1, (ap_q_mode)5, (ap_o_mode)3, 0>, 0>&, hls::stream<ap_fixed<16, 1, (ap_q_mode)5, (ap_o_mode)3, 0>, 0>&, hls::stream<ap_fixed<16, 1, (ap_q_mode)5, (ap_o_mode)3, 0>, 0>&, hls::stream<ap_fixed<16, 1, (ap_q_mode)5, (ap_o_mode)3, 0>, 0>&, hls::stream<ap_fixed<16, 1, (ap_q_mode)5, (ap_o_mode)3, 0>, 0>&, hls::stream<hls::axis<ap_fixed<16, 1, (ap_q_mode)5, (ap_o_mode)3, 0>, 0ul, 0ul, 0ul, (unsigned char)17, true>, 0>&, hls::stream<hls::axis<ap_fixed<16, 1, (ap_q_mode)5, (ap_o_mode)3, 0>, 0ul, 0ul, 0ul, (unsigned char)17, true>, 0>&)' (DelayAndSum.cpp:37:0)
INFO: [HLS 214-364] Automatically inlining function 'CalculateElement(ap_fixed<20, 3, (ap_q_mode)5, (ap_o_mode)3, 0>, ap_fixed<32, 16, (ap_q_mode)5, (ap_o_mode)3, 0>, ap_fixed<32, 16, (ap_q_mode)5, (ap_o_mode)3, 0>, ap_fixed<16, 1, (ap_q_mode)5, (ap_o_mode)3, 0>&, ap_fixed<16, 1, (ap_q_mode)5, (ap_o_mode)3, 0>&)' to improve effectiveness of pipeline pragma in function 'DelayAndSum(ap_fixed<20, 3, (ap_q_mode)5, (ap_o_mode)3, 0>*, ap_fixed<32, 16, (ap_q_mode)5, (ap_o_mode)3, 0>*, ap_fixed<32, 16, (ap_q_mode)5, (ap_o_mode)3, 0>*, ap_fixed<32, 16, (ap_q_mode)5, (ap_o_mode)3, 0>*, ap_fixed<32, 16, (ap_q_mode)5, (ap_o_mode)3, 0>*, ap_fixed<32, 16, (ap_q_mode)5, (ap_o_mode)3, 0>*, ap_uint<26>*, ap_uint<10>*, hls::stream<ap_fixed<16, 1, (ap_q_mode)5, (ap_o_mode)3, 0>, 0>&, hls::stream<ap_fixed<16, 1, (ap_q_mode)5, (ap_o_mode)3, 0>, 0>&, hls::stream<ap_fixed<16, 1, (ap_q_mode)5, (ap_o_mode)3, 0>, 0>&, hls::stream<ap_fixed<16, 1, (ap_q_mode)5, (ap_o_mode)3, 0>, 0>&, hls::stream<ap_fixed<16, 1, (ap_q_mode)5, (ap_o_mode)3, 0>, 0>&, hls::stream<ap_fixed<16, 1, (ap_q_mode)5, (ap_o_mode)3, 0>, 0>&, hls::stream<ap_fixed<16, 1, (ap_q_mode)5, (ap_o_mode)3, 0>, 0>&, hls::stream<ap_fixed<16, 1, (ap_q_mode)5, (ap_o_mode)3, 0>, 0>&, hls::stream<hls::axis<ap_fixed<16, 1, (ap_q_mode)5, (ap_o_mode)3, 0>, 0ul, 0ul, 0ul, (unsigned char)17, true>, 0>&, hls::stream<hls::axis<ap_fixed<16, 1, (ap_q_mode)5, (ap_o_mode)3, 0>, 0ul, 0ul, 0ul, (unsigned char)17, true>, 0>&)' (CalculateWeights.cpp:40:5)
INFO: [HLS 214-364] Automatically inlining function 'CalculateElement(ap_fixed<20, 3, (ap_q_mode)5, (ap_o_mode)3, 0>, ap_fixed<32, 16, (ap_q_mode)5, (ap_o_mode)3, 0>, ap_fixed<32, 16, (ap_q_mode)5, (ap_o_mode)3, 0>, ap_fixed<16, 1, (ap_q_mode)5, (ap_o_mode)3, 0>&, ap_fixed<16, 1, (ap_q_mode)5, (ap_o_mode)3, 0>&)' to improve effectiveness of pipeline pragma in function 'DelayAndSum(ap_fixed<20, 3, (ap_q_mode)5, (ap_o_mode)3, 0>*, ap_fixed<32, 16, (ap_q_mode)5, (ap_o_mode)3, 0>*, ap_fixed<32, 16, (ap_q_mode)5, (ap_o_mode)3, 0>*, ap_fixed<32, 16, (ap_q_mode)5, (ap_o_mode)3, 0>*, ap_fixed<32, 16, (ap_q_mode)5, (ap_o_mode)3, 0>*, ap_fixed<32, 16, (ap_q_mode)5, (ap_o_mode)3, 0>*, ap_uint<26>*, ap_uint<10>*, hls::stream<ap_fixed<16, 1, (ap_q_mode)5, (ap_o_mode)3, 0>, 0>&, hls::stream<ap_fixed<16, 1, (ap_q_mode)5, (ap_o_mode)3, 0>, 0>&, hls::stream<ap_fixed<16, 1, (ap_q_mode)5, (ap_o_mode)3, 0>, 0>&, hls::stream<ap_fixed<16, 1, (ap_q_mode)5, (ap_o_mode)3, 0>, 0>&, hls::stream<ap_fixed<16, 1, (ap_q_mode)5, (ap_o_mode)3, 0>, 0>&, hls::stream<ap_fixed<16, 1, (ap_q_mode)5, (ap_o_mode)3, 0>, 0>&, hls::stream<ap_fixed<16, 1, (ap_q_mode)5, (ap_o_mode)3, 0>, 0>&, hls::stream<ap_fixed<16, 1, (ap_q_mode)5, (ap_o_mode)3, 0>, 0>&, hls::stream<hls::axis<ap_fixed<16, 1, (ap_q_mode)5, (ap_o_mode)3, 0>, 0ul, 0ul, 0ul, (unsigned char)17, true>, 0>&, hls::stream<hls::axis<ap_fixed<16, 1, (ap_q_mode)5, (ap_o_mode)3, 0>, 0ul, 0ul, 0ul, (unsigned char)17, true>, 0>&)' (CalculateWeights.cpp:41:5)
INFO: [HLS 214-364] Automatically inlining function 'CalculateElement(ap_fixed<20, 3, (ap_q_mode)5, (ap_o_mode)3, 0>, ap_fixed<32, 16, (ap_q_mode)5, (ap_o_mode)3, 0>, ap_fixed<32, 16, (ap_q_mode)5, (ap_o_mode)3, 0>, ap_fixed<16, 1, (ap_q_mode)5, (ap_o_mode)3, 0>&, ap_fixed<16, 1, (ap_q_mode)5, (ap_o_mode)3, 0>&)' to improve effectiveness of pipeline pragma in function 'DelayAndSum(ap_fixed<20, 3, (ap_q_mode)5, (ap_o_mode)3, 0>*, ap_fixed<32, 16, (ap_q_mode)5, (ap_o_mode)3, 0>*, ap_fixed<32, 16, (ap_q_mode)5, (ap_o_mode)3, 0>*, ap_fixed<32, 16, (ap_q_mode)5, (ap_o_mode)3, 0>*, ap_fixed<32, 16, (ap_q_mode)5, (ap_o_mode)3, 0>*, ap_fixed<32, 16, (ap_q_mode)5, (ap_o_mode)3, 0>*, ap_uint<26>*, ap_uint<10>*, hls::stream<ap_fixed<16, 1, (ap_q_mode)5, (ap_o_mode)3, 0>, 0>&, hls::stream<ap_fixed<16, 1, (ap_q_mode)5, (ap_o_mode)3, 0>, 0>&, hls::stream<ap_fixed<16, 1, (ap_q_mode)5, (ap_o_mode)3, 0>, 0>&, hls::stream<ap_fixed<16, 1, (ap_q_mode)5, (ap_o_mode)3, 0>, 0>&, hls::stream<ap_fixed<16, 1, (ap_q_mode)5, (ap_o_mode)3, 0>, 0>&, hls::stream<ap_fixed<16, 1, (ap_q_mode)5, (ap_o_mode)3, 0>, 0>&, hls::stream<ap_fixed<16, 1, (ap_q_mode)5, (ap_o_mode)3, 0>, 0>&, hls::stream<ap_fixed<16, 1, (ap_q_mode)5, (ap_o_mode)3, 0>, 0>&, hls::stream<hls::axis<ap_fixed<16, 1, (ap_q_mode)5, (ap_o_mode)3, 0>, 0ul, 0ul, 0ul, (unsigned char)17, true>, 0>&, hls::stream<hls::axis<ap_fixed<16, 1, (ap_q_mode)5, (ap_o_mode)3, 0>, 0ul, 0ul, 0ul, (unsigned char)17, true>, 0>&)' (CalculateWeights.cpp:42:5)
INFO: [HLS 214-364] Automatically inlining function 'CalculateElement(ap_fixed<20, 3, (ap_q_mode)5, (ap_o_mode)3, 0>, ap_fixed<32, 16, (ap_q_mode)5, (ap_o_mode)3, 0>, ap_fixed<32, 16, (ap_q_mode)5, (ap_o_mode)3, 0>, ap_fixed<16, 1, (ap_q_mode)5, (ap_o_mode)3, 0>&, ap_fixed<16, 1, (ap_q_mode)5, (ap_o_mode)3, 0>&)' to improve effectiveness of pipeline pragma in function 'DelayAndSum(ap_fixed<20, 3, (ap_q_mode)5, (ap_o_mode)3, 0>*, ap_fixed<32, 16, (ap_q_mode)5, (ap_o_mode)3, 0>*, ap_fixed<32, 16, (ap_q_mode)5, (ap_o_mode)3, 0>*, ap_fixed<32, 16, (ap_q_mode)5, (ap_o_mode)3, 0>*, ap_fixed<32, 16, (ap_q_mode)5, (ap_o_mode)3, 0>*, ap_fixed<32, 16, (ap_q_mode)5, (ap_o_mode)3, 0>*, ap_uint<26>*, ap_uint<10>*, hls::stream<ap_fixed<16, 1, (ap_q_mode)5, (ap_o_mode)3, 0>, 0>&, hls::stream<ap_fixed<16, 1, (ap_q_mode)5, (ap_o_mode)3, 0>, 0>&, hls::stream<ap_fixed<16, 1, (ap_q_mode)5, (ap_o_mode)3, 0>, 0>&, hls::stream<ap_fixed<16, 1, (ap_q_mode)5, (ap_o_mode)3, 0>, 0>&, hls::stream<ap_fixed<16, 1, (ap_q_mode)5, (ap_o_mode)3, 0>, 0>&, hls::stream<ap_fixed<16, 1, (ap_q_mode)5, (ap_o_mode)3, 0>, 0>&, hls::stream<ap_fixed<16, 1, (ap_q_mode)5, (ap_o_mode)3, 0>, 0>&, hls::stream<ap_fixed<16, 1, (ap_q_mode)5, (ap_o_mode)3, 0>, 0>&, hls::stream<hls::axis<ap_fixed<16, 1, (ap_q_mode)5, (ap_o_mode)3, 0>, 0ul, 0ul, 0ul, (unsigned char)17, true>, 0>&, hls::stream<hls::axis<ap_fixed<16, 1, (ap_q_mode)5, (ap_o_mode)3, 0>, 0ul, 0ul, 0ul, (unsigned char)17, true>, 0>&)' (CalculateWeights.cpp:43:5)
INFO: [HLS 214-364] Automatically inlining function 'ap_fixed<((20) - (3)) + (2), 2, (ap_q_mode)5, (ap_o_mode)3, 0> hls::cos<20, 3>(ap_fixed<20, 3, (ap_q_mode)5, (ap_o_mode)3, 0>)' to improve effectiveness of pipeline pragma in function 'DelayAndSum(ap_fixed<20, 3, (ap_q_mode)5, (ap_o_mode)3, 0>*, ap_fixed<32, 16, (ap_q_mode)5, (ap_o_mode)3, 0>*, ap_fixed<32, 16, (ap_q_mode)5, (ap_o_mode)3, 0>*, ap_fixed<32, 16, (ap_q_mode)5, (ap_o_mode)3, 0>*, ap_fixed<32, 16, (ap_q_mode)5, (ap_o_mode)3, 0>*, ap_fixed<32, 16, (ap_q_mode)5, (ap_o_mode)3, 0>*, ap_uint<26>*, ap_uint<10>*, hls::stream<ap_fixed<16, 1, (ap_q_mode)5, (ap_o_mode)3, 0>, 0>&, hls::stream<ap_fixed<16, 1, (ap_q_mode)5, (ap_o_mode)3, 0>, 0>&, hls::stream<ap_fixed<16, 1, (ap_q_mode)5, (ap_o_mode)3, 0>, 0>&, hls::stream<ap_fixed<16, 1, (ap_q_mode)5, (ap_o_mode)3, 0>, 0>&, hls::stream<ap_fixed<16, 1, (ap_q_mode)5, (ap_o_mode)3, 0>, 0>&, hls::stream<ap_fixed<16, 1, (ap_q_mode)5, (ap_o_mode)3, 0>, 0>&, hls::stream<ap_fixed<16, 1, (ap_q_mode)5, (ap_o_mode)3, 0>, 0>&, hls::stream<ap_fixed<16, 1, (ap_q_mode)5, (ap_o_mode)3, 0>, 0>&, hls::stream<hls::axis<ap_fixed<16, 1, (ap_q_mode)5, (ap_o_mode)3, 0>, 0ul, 0ul, 0ul, (unsigned char)17, true>, 0>&, hls::stream<hls::axis<ap_fixed<16, 1, (ap_q_mode)5, (ap_o_mode)3, 0>, 0ul, 0ul, 0ul, (unsigned char)17, true>, 0>&)' (CalculateWeights.cpp:13:49)
INFO: [HLS 214-364] Automatically inlining function 'void cordic_apfixed::cordic_circ_apfixed<20, 3, 0>(ap_fixed<20, 3, (ap_q_mode)5, (ap_o_mode)3, 0>&, ap_fixed<20, 3, (ap_q_mode)5, (ap_o_mode)3, 0>&, ap_fixed<20, 3, (ap_q_mode)5, (ap_o_mode)3, 0>&)' to improve effectiveness of pipeline pragma in function 'DelayAndSum(ap_fixed<20, 3, (ap_q_mode)5, (ap_o_mode)3, 0>*, ap_fixed<32, 16, (ap_q_mode)5, (ap_o_mode)3, 0>*, ap_fixed<32, 16, (ap_q_mode)5, (ap_o_mode)3, 0>*, ap_fixed<32, 16, (ap_q_mode)5, (ap_o_mode)3, 0>*, ap_fixed<32, 16, (ap_q_mode)5, (ap_o_mode)3, 0>*, ap_fixed<32, 16, (ap_q_mode)5, (ap_o_mode)3, 0>*, ap_uint<26>*, ap_uint<10>*, hls::stream<ap_fixed<16, 1, (ap_q_mode)5, (ap_o_mode)3, 0>, 0>&, hls::stream<ap_fixed<16, 1, (ap_q_mode)5, (ap_o_mode)3, 0>, 0>&, hls::stream<ap_fixed<16, 1, (ap_q_mode)5, (ap_o_mode)3, 0>, 0>&, hls::stream<ap_fixed<16, 1, (ap_q_mode)5, (ap_o_mode)3, 0>, 0>&, hls::stream<ap_fixed<16, 1, (ap_q_mode)5, (ap_o_mode)3, 0>, 0>&, hls::stream<ap_fixed<16, 1, (ap_q_mode)5, (ap_o_mode)3, 0>, 0>&, hls::stream<ap_fixed<16, 1, (ap_q_mode)5, (ap_o_mode)3, 0>, 0>&, hls::stream<ap_fixed<16, 1, (ap_q_mode)5, (ap_o_mode)3, 0>, 0>&, hls::stream<hls::axis<ap_fixed<16, 1, (ap_q_mode)5, (ap_o_mode)3, 0>, 0ul, 0ul, 0ul, (unsigned char)17, true>, 0>&, hls::stream<hls::axis<ap_fixed<16, 1, (ap_q_mode)5, (ap_o_mode)3, 0>, 0ul, 0ul, 0ul, (unsigned char)17, true>, 0>&)' (C:/Xilinx/Vitis_HLS/2024.1/common/technology/autopilot/etc/hls_cordic_apfixed.h:240:5)
INFO: [HLS 214-364] Automatically inlining function 'ap_fixed<((20) - (3)) + (2), 2, (ap_q_mode)5, (ap_o_mode)3, 0> hls::cos<20, 3>(ap_fixed<20, 3, (ap_q_mode)5, (ap_o_mode)3, 0>)' to improve effectiveness of pipeline pragma in function 'DelayAndSum(ap_fixed<20, 3, (ap_q_mode)5, (ap_o_mode)3, 0>*, ap_fixed<32, 16, (ap_q_mode)5, (ap_o_mode)3, 0>*, ap_fixed<32, 16, (ap_q_mode)5, (ap_o_mode)3, 0>*, ap_fixed<32, 16, (ap_q_mode)5, (ap_o_mode)3, 0>*, ap_fixed<32, 16, (ap_q_mode)5, (ap_o_mode)3, 0>*, ap_fixed<32, 16, (ap_q_mode)5, (ap_o_mode)3, 0>*, ap_uint<26>*, ap_uint<10>*, hls::stream<ap_fixed<16, 1, (ap_q_mode)5, (ap_o_mode)3, 0>, 0>&, hls::stream<ap_fixed<16, 1, (ap_q_mode)5, (ap_o_mode)3, 0>, 0>&, hls::stream<ap_fixed<16, 1, (ap_q_mode)5, (ap_o_mode)3, 0>, 0>&, hls::stream<ap_fixed<16, 1, (ap_q_mode)5, (ap_o_mode)3, 0>, 0>&, hls::stream<ap_fixed<16, 1, (ap_q_mode)5, (ap_o_mode)3, 0>, 0>&, hls::stream<ap_fixed<16, 1, (ap_q_mode)5, (ap_o_mode)3, 0>, 0>&, hls::stream<ap_fixed<16, 1, (ap_q_mode)5, (ap_o_mode)3, 0>, 0>&, hls::stream<ap_fixed<16, 1, (ap_q_mode)5, (ap_o_mode)3, 0>, 0>&, hls::stream<hls::axis<ap_fixed<16, 1, (ap_q_mode)5, (ap_o_mode)3, 0>, 0ul, 0ul, 0ul, (unsigned char)17, true>, 0>&, hls::stream<hls::axis<ap_fixed<16, 1, (ap_q_mode)5, (ap_o_mode)3, 0>, 0ul, 0ul, 0ul, (unsigned char)17, true>, 0>&)' (CalculateWeights.cpp:14:49)
INFO: [HLS 214-364] Automatically inlining function 'void cordic_apfixed::cordic_circ_apfixed<22, 3, 0>(ap_fixed<22, 3, (ap_q_mode)5, (ap_o_mode)3, 0>&, ap_fixed<22, 3, (ap_q_mode)5, (ap_o_mode)3, 0>&, ap_fixed<22, 3, (ap_q_mode)5, (ap_o_mode)3, 0>&)' to improve effectiveness of pipeline pragma in function 'DelayAndSum(ap_fixed<20, 3, (ap_q_mode)5, (ap_o_mode)3, 0>*, ap_fixed<32, 16, (ap_q_mode)5, (ap_o_mode)3, 0>*, ap_fixed<32, 16, (ap_q_mode)5, (ap_o_mode)3, 0>*, ap_fixed<32, 16, (ap_q_mode)5, (ap_o_mode)3, 0>*, ap_fixed<32, 16, (ap_q_mode)5, (ap_o_mode)3, 0>*, ap_fixed<32, 16, (ap_q_mode)5, (ap_o_mode)3, 0>*, ap_uint<26>*, ap_uint<10>*, hls::stream<ap_fixed<16, 1, (ap_q_mode)5, (ap_o_mode)3, 0>, 0>&, hls::stream<ap_fixed<16, 1, (ap_q_mode)5, (ap_o_mode)3, 0>, 0>&, hls::stream<ap_fixed<16, 1, (ap_q_mode)5, (ap_o_mode)3, 0>, 0>&, hls::stream<ap_fixed<16, 1, (ap_q_mode)5, (ap_o_mode)3, 0>, 0>&, hls::stream<ap_fixed<16, 1, (ap_q_mode)5, (ap_o_mode)3, 0>, 0>&, hls::stream<ap_fixed<16, 1, (ap_q_mode)5, (ap_o_mode)3, 0>, 0>&, hls::stream<ap_fixed<16, 1, (ap_q_mode)5, (ap_o_mode)3, 0>, 0>&, hls::stream<ap_fixed<16, 1, (ap_q_mode)5, (ap_o_mode)3, 0>, 0>&, hls::stream<hls::axis<ap_fixed<16, 1, (ap_q_mode)5, (ap_o_mode)3, 0>, 0ul, 0ul, 0ul, (unsigned char)17, true>, 0>&, hls::stream<hls::axis<ap_fixed<16, 1, (ap_q_mode)5, (ap_o_mode)3, 0>, 0ul, 0ul, 0ul, (unsigned char)17, true>, 0>&)' (C:/Xilinx/Vitis_HLS/2024.1/common/technology/autopilot/etc/hls_cordic_apfixed.h:240:5)
INFO: [HLS 200-111] Finished Compiling Optimization and Transform: CPU user time: 0 seconds. CPU system time: 0 seconds. Elapsed time: 17.235 seconds; current allocated memory: 239.902 MB.
INFO: [HLS 200-111] Finished Checking Pragmas: CPU user time: 0 seconds. CPU system time: 0 seconds. Elapsed time: 0.015 seconds; current allocated memory: 239.910 MB.
INFO: [HLS 200-10] Starting code transformations ...
INFO: [HLS 200-111] Finished Standard Transforms: CPU user time: 0 seconds. CPU system time: 0 seconds. Elapsed time: 0.463 seconds; current allocated memory: 260.934 MB.
INFO: [HLS 200-10] Checking synthesizability ...
INFO: [HLS 200-111] Finished Checking Synthesizability: CPU user time: 0 seconds. CPU system time: 0 seconds. Elapsed time: 0.42 seconds; current allocated memory: 268.199 MB.
INFO: [XFORM 203-401] Performing if-conversion on hyperblock from (DelayAndSum.cpp:69:9) to (DelayAndSum.cpp:116:8) in function 'DelayAndSum'... converting 993 basic blocks.
INFO: [XFORM 203-11] Balancing expressions in function 'DelayAndSum' (DelayAndSum.cpp:5:19)...7 expression(s) balanced.
INFO: [HLS 200-111] Finished Loop, function and other optimizations: CPU user time: 1 seconds. CPU system time: 0 seconds. Elapsed time: 1.61 seconds; current allocated memory: 316.395 MB.
INFO: [HLS 200-111] Finished Architecture Synthesis: CPU user time: 0 seconds. CPU system time: 0 seconds. Elapsed time: 0.568 seconds; current allocated memory: 316.395 MB.
INFO: [HLS 200-10] Starting hardware synthesis ...
INFO: [HLS 200-10] Synthesizing 'DelayAndSum' ...
INFO: [HLS 200-10] ----------------------------------------------------------------
INFO: [HLS 200-42] -- Implementing module 'DelayAndSum' 
INFO: [HLS 200-10] ----------------------------------------------------------------
INFO: [SCHED 204-11] Starting scheduling ...
INFO: [HLS 200-486] Changing DSP latency (root=add_ln42_4) to 3 in order to utilize available DSP registers.
INFO: [HLS 200-486] Changing DSP latency (root=add_ln42_3) to 3 in order to utilize available DSP registers.
INFO: [HLS 200-486] Changing DSP latency (root=add_ln42_2) to 3 in order to utilize available DSP registers.
INFO: [HLS 200-486] Changing DSP latency (root=add_ln42_1) to 3 in order to utilize available DSP registers.
INFO: [HLS 200-486] Changing DSP latency (root=add_ln42) to 3 in order to utilize available DSP registers.
INFO: [HLS 200-486] Changing DSP latency (root=sub_ln147) to 3 in order to utilize available DSP registers.
INFO: [HLS 200-486] Changing DSP latency (root=add_ln147) to 3 in order to utilize available DSP registers.
INFO: [HLS 200-486] Changing DSP latency (root=sub_ln147_1) to 3 in order to utilize available DSP registers.
INFO: [HLS 200-486] Changing DSP latency (root=add_ln147_1) to 3 in order to utilize available DSP registers.
INFO: [HLS 200-486] Changing DSP latency (root=sub_ln145) to 3 in order to utilize available DSP registers.
INFO: [HLS 200-486] Changing DSP latency (root=add_ln145) to 3 in order to utilize available DSP registers.
INFO: [HLS 200-486] Changing DSP latency (root=sub_ln144) to 3 in order to utilize available DSP registers.
INFO: [HLS 200-486] Changing DSP latency (root=add_ln143_3) to 3 in order to utilize available DSP registers.
INFO: [HLS 200-486] Changing DSP latency (root=add_ln143_1) to 3 in order to utilize available DSP registers.
INFO: [HLS 200-486] Changing DSP latency (root=add_ln143) to 3 in order to utilize available DSP registers.
INFO: [HLS 200-486] Changing DSP latency (root=add_ln141_1) to 3 in order to utilize available DSP registers.
INFO: [HLS 200-486] Changing DSP latency (root=add_ln141) to 3 in order to utilize available DSP registers.
INFO: [HLS 200-486] Changing DSP latency (root=add_ln140) to 3 in order to utilize available DSP registers.
INFO: [SCHED 204-61] Pipelining function 'DelayAndSum'.
INFO: [HLS 200-1470] Pipelining result : Target II = 1, Final II = 1, Depth = 44, function 'DelayAndSum'
INFO: [SCHED 204-11] Finished scheduling.
INFO: [HLS 200-111] Finished Scheduling: CPU user time: 1 seconds. CPU system time: 0 seconds. Elapsed time: 1.98 seconds; current allocated memory: 324.031 MB.
INFO: [BIND 205-100] Starting micro-architecture generation ...
INFO: [BIND 205-101] Performing variable lifetime analysis.
INFO: [BIND 205-101] Exploring resource sharing.
INFO: [BIND 205-101] Binding ...
INFO: [BIND 205-100] Finished micro-architecture generation.
INFO: [HLS 200-111] Finished Binding: CPU user time: 1 seconds. CPU system time: 0 seconds. Elapsed time: 0.882 seconds; current allocated memory: 325.273 MB.
INFO: [HLS 200-10] ----------------------------------------------------------------
INFO: [HLS 200-10] -- Generating RTL for module 'DelayAndSum' 
INFO: [HLS 200-10] ----------------------------------------------------------------
WARNING: [RTGEN 206-101] Design contains AXI ports. Reset is fixed to synchronous and active low.
INFO: [RTGEN 206-500] Setting interface mode on port 'DelayAndSum/phi' to 's_axilite & ap_none'.
INFO: [RTGEN 206-500] Setting interface mode on port 'DelayAndSum/fc' to 's_axilite & ap_none'.
INFO: [RTGEN 206-500] Setting interface mode on port 'DelayAndSum/xpos1' to 's_axilite & ap_none'.
INFO: [RTGEN 206-500] Setting interface mode on port 'DelayAndSum/xpos2' to 's_axilite & ap_none'.
INFO: [RTGEN 206-500] Setting interface mode on port 'DelayAndSum/xpos3' to 's_axilite & ap_none'.
INFO: [RTGEN 206-500] Setting interface mode on port 'DelayAndSum/xpos4' to 's_axilite & ap_none'.
INFO: [RTGEN 206-500] Setting interface mode on port 'DelayAndSum/axis_packet_size' to 's_axilite & ap_none'.
INFO: [RTGEN 206-500] Setting interface mode on port 'DelayAndSum/invert_channel' to 's_axilite & ap_none'.
INFO: [RTGEN 206-500] Setting interface mode on port 'DelayAndSum/in1_real' to 'axis' (register, both mode).
INFO: [RTGEN 206-500] Setting interface mode on port 'DelayAndSum/in1_imag' to 'axis' (register, both mode).
INFO: [RTGEN 206-500] Setting interface mode on port 'DelayAndSum/in2_real' to 'axis' (register, both mode).
INFO: [RTGEN 206-500] Setting interface mode on port 'DelayAndSum/in2_imag' to 'axis' (register, both mode).
INFO: [RTGEN 206-500] Setting interface mode on port 'DelayAndSum/in3_real' to 'axis' (register, both mode).
INFO: [RTGEN 206-500] Setting interface mode on port 'DelayAndSum/in3_imag' to 'axis' (register, both mode).
INFO: [RTGEN 206-500] Setting interface mode on port 'DelayAndSum/in4_real' to 'axis' (register, both mode).
INFO: [RTGEN 206-500] Setting interface mode on port 'DelayAndSum/in4_imag' to 'axis' (register, both mode).
INFO: [RTGEN 206-500] Setting interface mode on port 'DelayAndSum/out_real_V_data_V' to 'axis' (register, both mode).
INFO: [RTGEN 206-500] Setting interface mode on port 'DelayAndSum/out_real_V_last_V' to 'axis' (register, both mode).
INFO: [RTGEN 206-500] Setting interface mode on port 'DelayAndSum/out_imag_V_data_V' to 'axis' (register, both mode).
INFO: [RTGEN 206-500] Setting interface mode on port 'DelayAndSum/out_imag_V_last_V' to 'axis' (register, both mode).
INFO: [RTGEN 206-500] Setting interface mode on function 'DelayAndSum' to 's_axilite & ap_ctrl_hs'.
INFO: [HLS 200-1030] Apply Unified Pipeline Control on module 'DelayAndSum' pipeline 'DelayAndSum' pipeline type 'function pipeline'
INFO: [RTGEN 206-100] Bundling port 'phi', 'fc', 'xpos1', 'xpos2', 'xpos3', 'xpos4', 'axis_packet_size', 'invert_channel' to AXI-Lite port control.
INFO: [HLS 200-1552] Enabling free running pipeline (frp) architecture on pipeline 'DelayAndSum' in module 'DelayAndSum'. Estimated max control fanout for pipeline is 13934.
INFO: [RTGEN 206-104] Estimated max fanout for 'DelayAndSum' is 10918 from HDL expression: (1'b0 == ap_block_pp0_stage0_11001)
INFO: [RTGEN 206-100] Generating core module 'mac_muladd_16s_16s_32s_33_4_1': 3 instance(s).
INFO: [RTGEN 206-100] Generating core module 'mac_muladd_16s_16s_33s_33_4_1': 2 instance(s).
INFO: [RTGEN 206-100] Generating core module 'mac_muladd_16s_16s_33s_34_4_1': 2 instance(s).
INFO: [RTGEN 206-100] Generating core module 'mac_muladd_16s_16s_34s_34_4_1': 2 instance(s).
INFO: [RTGEN 206-100] Generating core module 'mac_muladd_18ns_4ns_20ns_20_4_1': 4 instance(s).
INFO: [RTGEN 206-100] Generating core module 'mac_muladd_20ns_3ns_22ns_22_4_1': 1 instance(s).
INFO: [RTGEN 206-100] Generating core module 'mac_mulsub_16s_16s_32s_32_4_1': 1 instance(s).
INFO: [RTGEN 206-100] Generating core module 'mac_mulsub_16s_16s_33s_33_4_1': 1 instance(s).
INFO: [RTGEN 206-100] Generating core module 'mac_mulsub_16s_16s_34s_34_4_1': 2 instance(s).
INFO: [RTGEN 206-100] Generating core module 'mul_16s_16s_32_1_1': 3 instance(s).
INFO: [RTGEN 206-100] Generating core module 'mul_18ns_24ns_41_1_1': 4 instance(s).
INFO: [RTGEN 206-100] Generating core module 'mul_20ns_25ns_44_1_1': 1 instance(s).
INFO: [RTGEN 206-100] Generating core module 'mul_50s_19s_67_2_1': 1 instance(s).
INFO: [RTGEN 206-100] Generating core module 'mul_67s_32s_85_3_1': 4 instance(s).
INFO: [RTGEN 206-100] Generating core module 'sparsemux_9_3_15_1_1': 8 instance(s).
INFO: [RTGEN 206-100] Generating core module 'sparsemux_9_3_19_1_1': 1 instance(s).
INFO: [RTGEN 206-100] Finished creating RTL model for 'DelayAndSum'.
INFO: [HLS 200-111] Finished Creating RTL model: CPU user time: 0 seconds. CPU system time: 0 seconds. Elapsed time: 2.704 seconds; current allocated memory: 340.703 MB.
INFO: [HLS 200-111] Finished Generating all RTL models: CPU user time: 1 seconds. CPU system time: 3 seconds. Elapsed time: 7.462 seconds; current allocated memory: 371.102 MB.
INFO: [HLS 200-111] Finished Updating report files: CPU user time: 1 seconds. CPU system time: 0 seconds. Elapsed time: 2.976 seconds; current allocated memory: 385.652 MB.
INFO: [VHDL 208-304] Generating VHDL RTL for DelayAndSum.
INFO: [VLOG 209-307] Generating Verilog RTL for DelayAndSum.
INFO: [HLS 200-789] **** Estimated Fmax: 282.46 MHz
INFO: [HLS 200-112] Total CPU user time: 8 seconds. Total CPU system time: 4 seconds. Total elapsed time: 84.461 seconds; peak allocated memory: 385.703 MB.
INFO: [v++ 60-791] Total elapsed time: 0h 1m 29s
