INFO: [vitis-run 60-1548] Creating build summary session with primary output C:/Users/matt/OneDrive/Dokumente/__Master/Vivado/Vitis_HLS/DelayAndSum/DelayAndSum/DelayAndSum\DelayAndSum.hlsrun_cosim_summary, at 02/10/25 18:41:02
INFO: [vitis-run 82-31] Launching vitis_hls: vitis_hls -nolog -run cosim -work_dir C:/Users/matt/OneDrive/Dokumente/__Master/Vivado/Vitis_HLS/DelayAndSum/DelayAndSum/DelayAndSum -config C:/Users/matt/OneDrive/Dokumente/__Master/Vivado/Vitis_HLS/DelayAndSum/DelayAndSum/hls_config.cfg -cmdlineconfig C:/Users/matt/OneDrive/Dokumente/__Master/Vivado/Vitis_HLS/DelayAndSum/DelayAndSum/DelayAndSum/hls/config.cmdline
INFO: [HLS 200-10] For user 'matt' on host 'laptop-matt' (Windows NT_amd64 version 10.0) on Mon Feb 10 18:41:05 +0100 2025
INFO: [HLS 200-10] In directory 'C:/Users/matt/OneDrive/Dokumente/__Master/Vivado/Vitis_HLS/DelayAndSum/DelayAndSum'
INFO: [HLS 200-2005] Using work_dir C:/Users/matt/OneDrive/Dokumente/__Master/Vivado/Vitis_HLS/DelayAndSum/DelayAndSum/DelayAndSum 
INFO: [HLS 200-1611] Setting target device to 'xczu48dr-ffvg1517-2-e'
INFO: [HLS 200-1505] Using default flow_target 'vivado'
Resolution: For help on HLS 200-1505 see docs.xilinx.com/access/sources/dita/topic?Doc_Version=2024.1%20English&url=ug1448-hls-guidance&resourceid=200-1505.html
INFO: [HLS 200-1465] Applying ini 'syn.file=DelayAndSum.cpp' from C:/Users/matt/OneDrive/Dokumente/__Master/Vivado/Vitis_HLS/DelayAndSum/DelayAndSum/hls_config.cfg(17)
INFO: [HLS 200-10] Adding design file 'C:/Users/matt/OneDrive/Dokumente/__Master/Vivado/Vitis_HLS/DelayAndSum/DelayAndSum/DelayAndSum.cpp' to the project
INFO: [HLS 200-1465] Applying ini 'syn.file=DelayAndSum.hpp' from C:/Users/matt/OneDrive/Dokumente/__Master/Vivado/Vitis_HLS/DelayAndSum/DelayAndSum/hls_config.cfg(18)
INFO: [HLS 200-10] Adding design file 'C:/Users/matt/OneDrive/Dokumente/__Master/Vivado/Vitis_HLS/DelayAndSum/DelayAndSum/DelayAndSum.hpp' to the project
INFO: [HLS 200-1465] Applying ini 'syn.file=CalculateWeights.cpp' from C:/Users/matt/OneDrive/Dokumente/__Master/Vivado/Vitis_HLS/DelayAndSum/DelayAndSum/hls_config.cfg(19)
INFO: [HLS 200-10] Adding design file 'C:/Users/matt/OneDrive/Dokumente/__Master/Vivado/Vitis_HLS/DelayAndSum/DelayAndSum/CalculateWeights.cpp' to the project
INFO: [HLS 200-1465] Applying ini 'syn.file=CalculateWeights.hpp' from C:/Users/matt/OneDrive/Dokumente/__Master/Vivado/Vitis_HLS/DelayAndSum/DelayAndSum/hls_config.cfg(20)
INFO: [HLS 200-10] Adding design file 'C:/Users/matt/OneDrive/Dokumente/__Master/Vivado/Vitis_HLS/DelayAndSum/DelayAndSum/CalculateWeights.hpp' to the project
INFO: [HLS 200-1465] Applying ini 'tb.file=DelayAndSumTB.cpp' from C:/Users/matt/OneDrive/Dokumente/__Master/Vivado/Vitis_HLS/DelayAndSum/DelayAndSum/hls_config.cfg(12)
INFO: [HLS 200-10] Adding test bench file 'C:/Users/matt/OneDrive/Dokumente/__Master/Vivado/Vitis_HLS/DelayAndSum/DelayAndSum/DelayAndSumTB.cpp' to the project
INFO: [HLS 200-1465] Applying ini 'tb.file=TestData.hpp' from C:/Users/matt/OneDrive/Dokumente/__Master/Vivado/Vitis_HLS/DelayAndSum/DelayAndSum/hls_config.cfg(13)
INFO: [HLS 200-10] Adding test bench file 'C:/Users/matt/OneDrive/Dokumente/__Master/Vivado/Vitis_HLS/DelayAndSum/DelayAndSum/TestData.hpp' to the project
INFO: [HLS 200-1465] Applying ini 'tb.cflags=-DALLOW_EMPTY_HLS_STREAM_READS' from C:/Users/matt/OneDrive/Dokumente/__Master/Vivado/Vitis_HLS/DelayAndSum/DelayAndSum/hls_config.cfg(24)
INFO: [HLS 200-1465] Applying ini 'syn.top=DelayAndSum' from C:/Users/matt/OneDrive/Dokumente/__Master/Vivado/Vitis_HLS/DelayAndSum/DelayAndSum/hls_config.cfg(11)
INFO: [HLS 200-1465] Applying ini 'flow_target=vivado' from C:/Users/matt/OneDrive/Dokumente/__Master/Vivado/Vitis_HLS/DelayAndSum/DelayAndSum/hls_config.cfg(4)
INFO: [HLS 200-1505] Using flow_target 'vivado'
Resolution: For help on HLS 200-1505 see docs.xilinx.com/access/sources/dita/topic?Doc_Version=2024.1%20English&url=ug1448-hls-guidance&resourceid=200-1505.html
INFO: [HLS 200-1465] Applying ini 'part=xczu48dr-ffvg1517-2-e' from C:/Users/matt/OneDrive/Dokumente/__Master/Vivado/Vitis_HLS/DelayAndSum/DelayAndSum/hls_config.cfg(1)
INFO: [HLS 200-1465] Applying ini 'clock=200MHz' from C:/Users/matt/OneDrive/Dokumente/__Master/Vivado/Vitis_HLS/DelayAndSum/DelayAndSum/hls_config.cfg(7)
INFO: [SYN 201-201] Setting up clock 'default' with a period of 5ns.
INFO: [HLS 200-1465] Applying ini 'cosim.trace_level=port' from C:/Users/matt/OneDrive/Dokumente/__Master/Vivado/Vitis_HLS/DelayAndSum/DelayAndSum/hls_config.cfg(23)
INFO: [HLS 200-1465] Applying ini 'csim.code_analyzer=1' from C:/Users/matt/OneDrive/Dokumente/__Master/Vivado/Vitis_HLS/DelayAndSum/DelayAndSum/hls_config.cfg(9)
INFO: [HLS 200-1465] Applying ini 'csim.sanitize_address=0' from C:/Users/matt/OneDrive/Dokumente/__Master/Vivado/Vitis_HLS/DelayAndSum/DelayAndSum/hls_config.cfg(10)
INFO: [HLS 200-1465] Applying ini 'csim.sanitize_undefined=0' from C:/Users/matt/OneDrive/Dokumente/__Master/Vivado/Vitis_HLS/DelayAndSum/DelayAndSum/hls_config.cfg(8)
INFO: [HLS 200-1465] Applying ini 'package.ip.description=4 channel delay and sum beamformer' from C:/Users/matt/OneDrive/Dokumente/__Master/Vivado/Vitis_HLS/DelayAndSum/DelayAndSum/hls_config.cfg(16)
INFO: [HLS 200-1465] Applying ini 'package.ip.display_name=DelayAndSum' from C:/Users/matt/OneDrive/Dokumente/__Master/Vivado/Vitis_HLS/DelayAndSum/DelayAndSum/hls_config.cfg(15)
INFO: [HLS 200-1465] Applying ini 'package.ip.vendor=othr' from C:/Users/matt/OneDrive/Dokumente/__Master/Vivado/Vitis_HLS/DelayAndSum/DelayAndSum/hls_config.cfg(22)
INFO: [HLS 200-1465] Applying ini 'package.output.file=C:\Users\matt\OneDrive\Dokumente\__Master\Vivado\Vitis_HLS\DelayAndSum\DelayAndSum\DelayAndSum\DelayAndSum.zip' from C:/Users/matt/OneDrive/Dokumente/__Master/Vivado/Vitis_HLS/DelayAndSum/DelayAndSum/hls_config.cfg(14)
INFO: [HLS 200-1465] Applying ini 'package.output.format=ip_catalog' from C:/Users/matt/OneDrive/Dokumente/__Master/Vivado/Vitis_HLS/DelayAndSum/DelayAndSum/hls_config.cfg(5)
INFO: [HLS 200-1465] Applying ini 'vivado.rtl=vhdl' from C:/Users/matt/OneDrive/Dokumente/__Master/Vivado/Vitis_HLS/DelayAndSum/DelayAndSum/hls_config.cfg(21)
WARNING: [COSIM] found non-self-synchronizing top I/O axis_packet_size
INFO: [COSIM 212-47] Using XSIM for RTL simulation.
INFO: [COSIM 212-14] Instrumenting C test bench ...
   Build using "C:/Xilinx/Vitis_HLS/2024.1/vcxx/libexec/clang++"
   Compiling DelayAndSumTB.cpp_pre.cpp.tb.cpp
   Compiling apatb_DelayAndSum_util.cpp
   Compiling apatb_DelayAndSum.cpp
   Compiling DelayAndSum.cpp_pre.cpp.tb.cpp
   Compiling CalculateWeights.cpp_pre.cpp.tb.cpp
   Compiling apatb_DelayAndSum_ir.ll
   Generating cosim.tv.exe
INFO: [COSIM 212-302] Starting C TB testing ... 
INFO [HLS SIM]: The maximum depth reached by any hls::stream() instance in the design is 1
INFO: [COSIM 212-333] Generating C post check test bench ...
INFO: [COSIM 212-12] Generating RTL test bench ...
WARNING: [COSIM 212-376] This design uses AXI slave interface and pipeline mode, which can result in simulation dead-lock and/or mismatching results (due to AXI slave FIFO sizing).
INFO: [COSIM 212-1] *** C/RTL co-simulation file generation completed. ***
INFO: [COSIM 212-323] Starting verilog simulation. 
INFO: [COSIM 212-15] Starting XSIM ...

C:\Users\matt\OneDrive\Dokumente\__Master\Vivado\Vitis_HLS\DelayAndSum\DelayAndSum\DelayAndSum\hls\sim\verilog>set PATH= 

C:\Users\matt\OneDrive\Dokumente\__Master\Vivado\Vitis_HLS\DelayAndSum\DelayAndSum\DelayAndSum\hls\sim\verilog>call C:/Xilinx/Vivado/2024.1/bin/xelab xil_defaultlib.apatb_DelayAndSum_top glbl -Oenable_linking_all_libraries  -prj DelayAndSum.prj -L smartconnect_v1_0 -L axi_protocol_checker_v1_1_12 -L axi_protocol_checker_v1_1_13 -L axis_protocol_checker_v1_1_11 -L axis_protocol_checker_v1_1_12 -L xil_defaultlib -L unisims_ver -L xpm  -L floating_point_v7_0_23 -L floating_point_v7_1_18 --lib "ieee_proposed=./ieee_proposed" -s DelayAndSum -debug all 
Vivado Simulator v2024.1
Copyright 1986-2022 Xilinx, Inc. All Rights Reserved.
Copyright 2022-2024 Advanced Micro Devices, Inc. All Rights Reserved.
Running: C:/Xilinx/Vivado/2024.1/bin/unwrapped/win64.o/xelab.exe xil_defaultlib.apatb_DelayAndSum_top glbl -Oenable_linking_all_libraries -prj DelayAndSum.prj -L smartconnect_v1_0 -L axi_protocol_checker_v1_1_12 -L axi_protocol_checker_v1_1_13 -L axis_protocol_checker_v1_1_11 -L axis_protocol_checker_v1_1_12 -L xil_defaultlib -L unisims_ver -L xpm -L floating_point_v7_0_23 -L floating_point_v7_1_18 --lib ieee_proposed=./ieee_proposed -s DelayAndSum -debug all 
Multi-threading is on. Using 6 slave threads.
INFO: [VRFC 10-2263] Analyzing SystemVerilog file "C:/Users/matt/OneDrive/Dokumente/__Master/Vivado/Vitis_HLS/DelayAndSum/DelayAndSum/DelayAndSum/hls/sim/verilog/glbl.v" into library work
INFO: [VRFC 10-311] analyzing module glbl
INFO: [VRFC 10-2263] Analyzing SystemVerilog file "C:/Users/matt/OneDrive/Dokumente/__Master/Vivado/Vitis_HLS/DelayAndSum/DelayAndSum/DelayAndSum/hls/sim/verilog/AESL_axi_slave_control.v" into library xil_defaultlib
INFO: [VRFC 10-311] analyzing module AESL_axi_slave_control
INFO: [VRFC 10-2263] Analyzing SystemVerilog file "C:/Users/matt/OneDrive/Dokumente/__Master/Vivado/Vitis_HLS/DelayAndSum/DelayAndSum/DelayAndSum/hls/sim/verilog/AESL_axi_s_in1_imag.v" into library xil_defaultlib
INFO: [VRFC 10-311] analyzing module AESL_axi_s_in1_imag
INFO: [VRFC 10-2263] Analyzing SystemVerilog file "C:/Users/matt/OneDrive/Dokumente/__Master/Vivado/Vitis_HLS/DelayAndSum/DelayAndSum/DelayAndSum/hls/sim/verilog/AESL_axi_s_in1_real.v" into library xil_defaultlib
INFO: [VRFC 10-311] analyzing module AESL_axi_s_in1_real
INFO: [VRFC 10-2263] Analyzing SystemVerilog file "C:/Users/matt/OneDrive/Dokumente/__Master/Vivado/Vitis_HLS/DelayAndSum/DelayAndSum/DelayAndSum/hls/sim/verilog/AESL_axi_s_in2_imag.v" into library xil_defaultlib
INFO: [VRFC 10-311] analyzing module AESL_axi_s_in2_imag
INFO: [VRFC 10-2263] Analyzing SystemVerilog file "C:/Users/matt/OneDrive/Dokumente/__Master/Vivado/Vitis_HLS/DelayAndSum/DelayAndSum/DelayAndSum/hls/sim/verilog/AESL_axi_s_in2_real.v" into library xil_defaultlib
INFO: [VRFC 10-311] analyzing module AESL_axi_s_in2_real
INFO: [VRFC 10-2263] Analyzing SystemVerilog file "C:/Users/matt/OneDrive/Dokumente/__Master/Vivado/Vitis_HLS/DelayAndSum/DelayAndSum/DelayAndSum/hls/sim/verilog/AESL_axi_s_in3_imag.v" into library xil_defaultlib
INFO: [VRFC 10-311] analyzing module AESL_axi_s_in3_imag
INFO: [VRFC 10-2263] Analyzing SystemVerilog file "C:/Users/matt/OneDrive/Dokumente/__Master/Vivado/Vitis_HLS/DelayAndSum/DelayAndSum/DelayAndSum/hls/sim/verilog/AESL_axi_s_in3_real.v" into library xil_defaultlib
INFO: [VRFC 10-311] analyzing module AESL_axi_s_in3_real
INFO: [VRFC 10-2263] Analyzing SystemVerilog file "C:/Users/matt/OneDrive/Dokumente/__Master/Vivado/Vitis_HLS/DelayAndSum/DelayAndSum/DelayAndSum/hls/sim/verilog/AESL_axi_s_in4_imag.v" into library xil_defaultlib
INFO: [VRFC 10-311] analyzing module AESL_axi_s_in4_imag
INFO: [VRFC 10-2263] Analyzing SystemVerilog file "C:/Users/matt/OneDrive/Dokumente/__Master/Vivado/Vitis_HLS/DelayAndSum/DelayAndSum/DelayAndSum/hls/sim/verilog/AESL_axi_s_in4_real.v" into library xil_defaultlib
INFO: [VRFC 10-311] analyzing module AESL_axi_s_in4_real
INFO: [VRFC 10-2263] Analyzing SystemVerilog file "C:/Users/matt/OneDrive/Dokumente/__Master/Vivado/Vitis_HLS/DelayAndSum/DelayAndSum/DelayAndSum/hls/sim/verilog/AESL_axi_s_out_imag.v" into library xil_defaultlib
INFO: [VRFC 10-311] analyzing module AESL_axi_s_out_imag
INFO: [VRFC 10-2263] Analyzing SystemVerilog file "C:/Users/matt/OneDrive/Dokumente/__Master/Vivado/Vitis_HLS/DelayAndSum/DelayAndSum/DelayAndSum/hls/sim/verilog/AESL_axi_s_out_real.v" into library xil_defaultlib
INFO: [VRFC 10-311] analyzing module AESL_axi_s_out_real
INFO: [VRFC 10-2263] Analyzing SystemVerilog file "C:/Users/matt/OneDrive/Dokumente/__Master/Vivado/Vitis_HLS/DelayAndSum/DelayAndSum/DelayAndSum/hls/sim/verilog/AESL_deadlock_idx0_monitor.v" into library xil_defaultlib
INFO: [VRFC 10-311] analyzing module AESL_deadlock_idx0_monitor
INFO: [VRFC 10-2263] Analyzing SystemVerilog file "C:/Users/matt/OneDrive/Dokumente/__Master/Vivado/Vitis_HLS/DelayAndSum/DelayAndSum/DelayAndSum/hls/sim/verilog/AESL_deadlock_kernel_monitor_top.v" into library xil_defaultlib
INFO: [VRFC 10-311] analyzing module AESL_deadlock_kernel_monitor_top
INFO: [VRFC 10-2263] Analyzing SystemVerilog file "C:/Users/matt/OneDrive/Dokumente/__Master/Vivado/Vitis_HLS/DelayAndSum/DelayAndSum/DelayAndSum/hls/sim/verilog/AESL_fifo.v" into library xil_defaultlib
INFO: [VRFC 10-311] analyzing module fifo
INFO: [VRFC 10-2263] Analyzing SystemVerilog file "C:/Users/matt/OneDrive/Dokumente/__Master/Vivado/Vitis_HLS/DelayAndSum/DelayAndSum/DelayAndSum/hls/sim/verilog/DelayAndSum.autotb.v" into library xil_defaultlib
INFO: [VRFC 10-311] analyzing module apatb_DelayAndSum_top
INFO: [VRFC 10-2263] Analyzing SystemVerilog file "C:/Users/matt/OneDrive/Dokumente/__Master/Vivado/Vitis_HLS/DelayAndSum/DelayAndSum/DelayAndSum/hls/sim/verilog/DelayAndSum.v" into library xil_defaultlib
INFO: [VRFC 10-311] analyzing module DelayAndSum
INFO: [VRFC 10-2263] Analyzing SystemVerilog file "C:/Users/matt/OneDrive/Dokumente/__Master/Vivado/Vitis_HLS/DelayAndSum/DelayAndSum/DelayAndSum/hls/sim/verilog/DelayAndSum_control_s_axi.v" into library xil_defaultlib
INFO: [VRFC 10-311] analyzing module DelayAndSum_control_s_axi
INFO: [VRFC 10-2263] Analyzing SystemVerilog file "C:/Users/matt/OneDrive/Dokumente/__Master/Vivado/Vitis_HLS/DelayAndSum/DelayAndSum/DelayAndSum/hls/sim/verilog/DelayAndSum_frp_fifoout.v" into library xil_defaultlib
INFO: [VRFC 10-311] analyzing module DelayAndSum_frp_fifoout
INFO: [VRFC 10-2263] Analyzing SystemVerilog file "C:/Users/matt/OneDrive/Dokumente/__Master/Vivado/Vitis_HLS/DelayAndSum/DelayAndSum/DelayAndSum/hls/sim/verilog/DelayAndSum_frp_pipeline_valid.v" into library xil_defaultlib
INFO: [VRFC 10-311] analyzing module DelayAndSum_frp_pipeline_valid
INFO: [VRFC 10-2263] Analyzing SystemVerilog file "C:/Users/matt/OneDrive/Dokumente/__Master/Vivado/Vitis_HLS/DelayAndSum/DelayAndSum/DelayAndSum/hls/sim/verilog/DelayAndSum_mac_muladd_16s_16s_31ns_31_4_1.v" into library xil_defaultlib
INFO: [VRFC 10-311] analyzing module DelayAndSum_mac_muladd_16s_16s_31ns_31_4_1_DSP48_0
INFO: [VRFC 10-311] analyzing module DelayAndSum_mac_muladd_16s_16s_31ns_31_4_1
INFO: [VRFC 10-2263] Analyzing SystemVerilog file "C:/Users/matt/OneDrive/Dokumente/__Master/Vivado/Vitis_HLS/DelayAndSum/DelayAndSum/DelayAndSum/hls/sim/verilog/DelayAndSum_mac_muladd_16s_16s_31s_31_4_1.v" into library xil_defaultlib
INFO: [VRFC 10-311] analyzing module DelayAndSum_mac_muladd_16s_16s_31s_31_4_1_DSP48_0
INFO: [VRFC 10-311] analyzing module DelayAndSum_mac_muladd_16s_16s_31s_31_4_1
INFO: [VRFC 10-2263] Analyzing SystemVerilog file "C:/Users/matt/OneDrive/Dokumente/__Master/Vivado/Vitis_HLS/DelayAndSum/DelayAndSum/DelayAndSum/hls/sim/verilog/DelayAndSum_mac_muladd_8ns_3ns_10ns_10_4_1.v" into library xil_defaultlib
INFO: [VRFC 10-311] analyzing module DelayAndSum_mac_muladd_8ns_3ns_10ns_10_4_1_DSP48_0
INFO: [VRFC 10-311] analyzing module DelayAndSum_mac_muladd_8ns_3ns_10ns_10_4_1
INFO: [VRFC 10-2263] Analyzing SystemVerilog file "C:/Users/matt/OneDrive/Dokumente/__Master/Vivado/Vitis_HLS/DelayAndSum/DelayAndSum/DelayAndSum/hls/sim/verilog/DelayAndSum_mac_mulsub_16s_16s_31ns_31_4_1.v" into library xil_defaultlib
INFO: [VRFC 10-311] analyzing module DelayAndSum_mac_mulsub_16s_16s_31ns_31_4_1_DSP48_0
INFO: [VRFC 10-311] analyzing module DelayAndSum_mac_mulsub_16s_16s_31ns_31_4_1
INFO: [VRFC 10-2263] Analyzing SystemVerilog file "C:/Users/matt/OneDrive/Dokumente/__Master/Vivado/Vitis_HLS/DelayAndSum/DelayAndSum/DelayAndSum/hls/sim/verilog/DelayAndSum_mac_mulsub_16s_16s_31s_31_4_1.v" into library xil_defaultlib
INFO: [VRFC 10-311] analyzing module DelayAndSum_mac_mulsub_16s_16s_31s_31_4_1_DSP48_0
INFO: [VRFC 10-311] analyzing module DelayAndSum_mac_mulsub_16s_16s_31s_31_4_1
INFO: [VRFC 10-2263] Analyzing SystemVerilog file "C:/Users/matt/OneDrive/Dokumente/__Master/Vivado/Vitis_HLS/DelayAndSum/DelayAndSum/DelayAndSum/hls/sim/verilog/DelayAndSum_mul_16ns_19ns_34_1_1.v" into library xil_defaultlib
INFO: [VRFC 10-311] analyzing module DelayAndSum_mul_16ns_19ns_34_1_1
INFO: [VRFC 10-2263] Analyzing SystemVerilog file "C:/Users/matt/OneDrive/Dokumente/__Master/Vivado/Vitis_HLS/DelayAndSum/DelayAndSum/DelayAndSum/hls/sim/verilog/DelayAndSum_mul_16s_16s_31_1_1.v" into library xil_defaultlib
INFO: [VRFC 10-311] analyzing module DelayAndSum_mul_16s_16s_31_1_1
INFO: [VRFC 10-2263] Analyzing SystemVerilog file "C:/Users/matt/OneDrive/Dokumente/__Master/Vivado/Vitis_HLS/DelayAndSum/DelayAndSum/DelayAndSum/hls/sim/verilog/DelayAndSum_mul_32s_32s_63_1_1.v" into library xil_defaultlib
INFO: [VRFC 10-311] analyzing module DelayAndSum_mul_32s_32s_63_1_1
INFO: [VRFC 10-2263] Analyzing SystemVerilog file "C:/Users/matt/OneDrive/Dokumente/__Master/Vivado/Vitis_HLS/DelayAndSum/DelayAndSum/DelayAndSum/hls/sim/verilog/DelayAndSum_mul_63s_7s_69_3_1.v" into library xil_defaultlib
INFO: [VRFC 10-311] analyzing module DelayAndSum_mul_63s_7s_69_3_1
INFO: [VRFC 10-2263] Analyzing SystemVerilog file "C:/Users/matt/OneDrive/Dokumente/__Master/Vivado/Vitis_HLS/DelayAndSum/DelayAndSum/DelayAndSum/hls/sim/verilog/DelayAndSum_mul_69s_32s_85_3_1.v" into library xil_defaultlib
INFO: [VRFC 10-311] analyzing module DelayAndSum_mul_69s_32s_85_3_1
INFO: [VRFC 10-2263] Analyzing SystemVerilog file "C:/Users/matt/OneDrive/Dokumente/__Master/Vivado/Vitis_HLS/DelayAndSum/DelayAndSum/DelayAndSum/hls/sim/verilog/DelayAndSum_mul_8ns_13ns_20_1_1.v" into library xil_defaultlib
INFO: [VRFC 10-311] analyzing module DelayAndSum_mul_8ns_13ns_20_1_1
INFO: [VRFC 10-2263] Analyzing SystemVerilog file "C:/Users/matt/OneDrive/Dokumente/__Master/Vivado/Vitis_HLS/DelayAndSum/DelayAndSum/DelayAndSum/hls/sim/verilog/DelayAndSum_regslice_both.v" into library xil_defaultlib
INFO: [VRFC 10-311] analyzing module DelayAndSum_regslice_both
INFO: [VRFC 10-2263] Analyzing SystemVerilog file "C:/Users/matt/OneDrive/Dokumente/__Master/Vivado/Vitis_HLS/DelayAndSum/DelayAndSum/DelayAndSum/hls/sim/verilog/DelayAndSum_sparsemux_7_2_17_1_1.v" into library xil_defaultlib
INFO: [VRFC 10-311] analyzing module DelayAndSum_sparsemux_7_2_17_1_1
INFO: [VRFC 10-2263] Analyzing SystemVerilog file "C:/Users/matt/OneDrive/Dokumente/__Master/Vivado/Vitis_HLS/DelayAndSum/DelayAndSum/DelayAndSum/hls/sim/verilog/DelayAndSum_sparsemux_9_3_7_1_1.v" into library xil_defaultlib
INFO: [VRFC 10-311] analyzing module DelayAndSum_sparsemux_9_3_7_1_1
INFO: [VRFC 10-2263] Analyzing SystemVerilog file "C:/Users/matt/OneDrive/Dokumente/__Master/Vivado/Vitis_HLS/DelayAndSum/DelayAndSum/DelayAndSum/hls/sim/verilog/dataflow_monitor.sv" into library xil_defaultlib
INFO: [VRFC 10-311] analyzing module dataflow_monitor
Starting static elaboration
Pass Through NonSizing Optimizer
Completed static elaboration
Starting simulation data flow analysis
Completed simulation data flow analysis
Time Resolution for simulation is 1ps
Compiling package xil_defaultlib.$unit_dataflow_monitor_sv
Compiling module xil_defaultlib.DelayAndSum_control_s_axi
Compiling module xil_defaultlib.DelayAndSum_mul_32s_32s_63_1_1(N...
Compiling module xil_defaultlib.DelayAndSum_mul_63s_7s_69_3_1(NU...
Compiling module xil_defaultlib.DelayAndSum_mul_69s_32s_85_3_1(N...
Compiling module xil_defaultlib.DelayAndSum_mul_8ns_13ns_20_1_1(...
Compiling module xil_defaultlib.DelayAndSum_sparsemux_9_3_7_1_1(...
Compiling module xil_defaultlib.DelayAndSum_mul_16ns_19ns_34_1_1...
Compiling module xil_defaultlib.DelayAndSum_sparsemux_7_2_17_1_1...
Compiling module xil_defaultlib.DelayAndSum_mul_16s_16s_31_1_1(N...
Compiling module xil_defaultlib.DelayAndSum_mac_muladd_8ns_3ns_1...
Compiling module xil_defaultlib.DelayAndSum_mac_muladd_8ns_3ns_1...
Compiling module xil_defaultlib.DelayAndSum_mac_muladd_16s_16s_3...
Compiling module xil_defaultlib.DelayAndSum_mac_muladd_16s_16s_3...
Compiling module xil_defaultlib.DelayAndSum_mac_mulsub_16s_16s_3...
Compiling module xil_defaultlib.DelayAndSum_mac_mulsub_16s_16s_3...
Compiling module xil_defaultlib.DelayAndSum_mac_muladd_16s_16s_3...
Compiling module xil_defaultlib.DelayAndSum_mac_muladd_16s_16s_3...
Compiling module xil_defaultlib.DelayAndSum_mac_mulsub_16s_16s_3...
Compiling module xil_defaultlib.DelayAndSum_mac_mulsub_16s_16s_3...
Compiling module xil_defaultlib.DelayAndSum_frp_pipeline_valid(P...
Compiling module xil_defaultlib.DelayAndSum_frp_fifoout(PipeLate...
Compiling module xil_defaultlib.DelayAndSum_regslice_both(DataWi...
Compiling module xil_defaultlib.DelayAndSum
Compiling module xil_defaultlib.fifo(DEPTH=2,WIDTH=16)
Compiling module xil_defaultlib.AESL_axi_s_in1_real
Compiling module xil_defaultlib.AESL_axi_s_in1_imag
Compiling module xil_defaultlib.AESL_axi_s_in2_real
Compiling module xil_defaultlib.AESL_axi_s_in2_imag
Compiling module xil_defaultlib.AESL_axi_s_in3_real
Compiling module xil_defaultlib.AESL_axi_s_in3_imag
Compiling module xil_defaultlib.AESL_axi_s_in4_real
Compiling module xil_defaultlib.AESL_axi_s_in4_imag
Compiling module xil_defaultlib.fifo(DEPTH=2,WIDTH=1)
Compiling module xil_defaultlib.AESL_axi_s_out_real
Compiling module xil_defaultlib.AESL_axi_s_out_imag
Compiling module xil_defaultlib.AESL_axi_slave_control
Compiling module xil_defaultlib.AESL_deadlock_idx0_monitor
Compiling module xil_defaultlib.AESL_deadlock_kernel_monitor_top...
Compiling module xil_defaultlib.nodf_module_intf_default
Compiling module xil_defaultlib.dataflow_monitor
Compiling module xil_defaultlib.apatb_DelayAndSum_top
Compiling module work.glbl
Built simulation snapshot DelayAndSum

****** xsim v2024.1 (64-bit)
  **** SW Build 5076996 on Wed May 22 18:37:14 MDT 2024
  **** IP Build 5075265 on Wed May 22 21:45:21 MDT 2024
  **** SharedData Build 5076995 on Wed May 22 18:29:18 MDT 2024
  **** Start of session at: Mon Feb 10 18:42:11 2025
    ** Copyright 1986-2022 Xilinx, Inc. All Rights Reserved.
    ** Copyright 2022-2024 Advanced Micro Devices, Inc. All Rights Reserved.

source xsim.dir/DelayAndSum/xsim_script.tcl
# xsim {DelayAndSum} -view {{DelayAndSum_dataflow_ana.wcfg}} -tclbatch {DelayAndSum.tcl} -protoinst {DelayAndSum.protoinst}
INFO: [Wavedata 42-565] Reading protoinst file DelayAndSum.protoinst
Time resolution is 1 ps
open_wave_config DelayAndSum_dataflow_ana.wcfg
source DelayAndSum.tcl
## log_wave [get_objects -filter {type == in_port || type == out_port || type == inout_port || type == port} /apatb_DelayAndSum_top/AESL_inst_DelayAndSum/*]
## set designtopgroup [add_wave_group "Design Top Signals"]
## set coutputgroup [add_wave_group "C Outputs" -into $designtopgroup]
## set return_group [add_wave_group return(axis) -into $coutputgroup]
## add_wave /apatb_DelayAndSum_top/AESL_inst_DelayAndSum/out_imag_TLAST -into $return_group -color #ffff00 -radix hex
## add_wave /apatb_DelayAndSum_top/AESL_inst_DelayAndSum/out_imag_TREADY -into $return_group -color #ffff00 -radix hex
## add_wave /apatb_DelayAndSum_top/AESL_inst_DelayAndSum/out_imag_TVALID -into $return_group -color #ffff00 -radix hex
## add_wave /apatb_DelayAndSum_top/AESL_inst_DelayAndSum/out_imag_TDATA -into $return_group -radix hex
## add_wave /apatb_DelayAndSum_top/AESL_inst_DelayAndSum/out_real_TLAST -into $return_group -color #ffff00 -radix hex
## add_wave /apatb_DelayAndSum_top/AESL_inst_DelayAndSum/out_real_TREADY -into $return_group -color #ffff00 -radix hex
## add_wave /apatb_DelayAndSum_top/AESL_inst_DelayAndSum/out_real_TVALID -into $return_group -color #ffff00 -radix hex
## add_wave /apatb_DelayAndSum_top/AESL_inst_DelayAndSum/out_real_TDATA -into $return_group -radix hex
## set cinputgroup [add_wave_group "C Inputs" -into $designtopgroup]
## set return_group [add_wave_group return(axis) -into $cinputgroup]
## add_wave /apatb_DelayAndSum_top/AESL_inst_DelayAndSum/in4_imag_TREADY -into $return_group -color #ffff00 -radix hex
## add_wave /apatb_DelayAndSum_top/AESL_inst_DelayAndSum/in4_imag_TVALID -into $return_group -color #ffff00 -radix hex
## add_wave /apatb_DelayAndSum_top/AESL_inst_DelayAndSum/in4_imag_TDATA -into $return_group -radix hex
## add_wave /apatb_DelayAndSum_top/AESL_inst_DelayAndSum/in4_real_TREADY -into $return_group -color #ffff00 -radix hex
## add_wave /apatb_DelayAndSum_top/AESL_inst_DelayAndSum/in4_real_TVALID -into $return_group -color #ffff00 -radix hex
## add_wave /apatb_DelayAndSum_top/AESL_inst_DelayAndSum/in4_real_TDATA -into $return_group -radix hex
## add_wave /apatb_DelayAndSum_top/AESL_inst_DelayAndSum/in3_imag_TREADY -into $return_group -color #ffff00 -radix hex
## add_wave /apatb_DelayAndSum_top/AESL_inst_DelayAndSum/in3_imag_TVALID -into $return_group -color #ffff00 -radix hex
## add_wave /apatb_DelayAndSum_top/AESL_inst_DelayAndSum/in3_imag_TDATA -into $return_group -radix hex
## add_wave /apatb_DelayAndSum_top/AESL_inst_DelayAndSum/in3_real_TREADY -into $return_group -color #ffff00 -radix hex
## add_wave /apatb_DelayAndSum_top/AESL_inst_DelayAndSum/in3_real_TVALID -into $return_group -color #ffff00 -radix hex
## add_wave /apatb_DelayAndSum_top/AESL_inst_DelayAndSum/in3_real_TDATA -into $return_group -radix hex
## add_wave /apatb_DelayAndSum_top/AESL_inst_DelayAndSum/in2_imag_TREADY -into $return_group -color #ffff00 -radix hex
## add_wave /apatb_DelayAndSum_top/AESL_inst_DelayAndSum/in2_imag_TVALID -into $return_group -color #ffff00 -radix hex
## add_wave /apatb_DelayAndSum_top/AESL_inst_DelayAndSum/in2_imag_TDATA -into $return_group -radix hex
## add_wave /apatb_DelayAndSum_top/AESL_inst_DelayAndSum/in2_real_TREADY -into $return_group -color #ffff00 -radix hex
## add_wave /apatb_DelayAndSum_top/AESL_inst_DelayAndSum/in2_real_TVALID -into $return_group -color #ffff00 -radix hex
## add_wave /apatb_DelayAndSum_top/AESL_inst_DelayAndSum/in2_real_TDATA -into $return_group -radix hex
## add_wave /apatb_DelayAndSum_top/AESL_inst_DelayAndSum/in1_imag_TREADY -into $return_group -color #ffff00 -radix hex
## add_wave /apatb_DelayAndSum_top/AESL_inst_DelayAndSum/in1_imag_TVALID -into $return_group -color #ffff00 -radix hex
## add_wave /apatb_DelayAndSum_top/AESL_inst_DelayAndSum/in1_imag_TDATA -into $return_group -radix hex
## add_wave /apatb_DelayAndSum_top/AESL_inst_DelayAndSum/in1_real_TREADY -into $return_group -color #ffff00 -radix hex
## add_wave /apatb_DelayAndSum_top/AESL_inst_DelayAndSum/in1_real_TVALID -into $return_group -color #ffff00 -radix hex
## add_wave /apatb_DelayAndSum_top/AESL_inst_DelayAndSum/in1_real_TDATA -into $return_group -radix hex
## set axis_packet_size__phi__fc__xpos1__xpos2__xpos3__xpos4_group [add_wave_group axis_packet_size__phi__fc__xpos1__xpos2__xpos3__xpos4(axi_slave) -into $cinputgroup]
## add_wave /apatb_DelayAndSum_top/AESL_inst_DelayAndSum/s_axi_control_BRESP -into $axis_packet_size__phi__fc__xpos1__xpos2__xpos3__xpos4_group -radix hex
## add_wave /apatb_DelayAndSum_top/AESL_inst_DelayAndSum/s_axi_control_BREADY -into $axis_packet_size__phi__fc__xpos1__xpos2__xpos3__xpos4_group -color #ffff00 -radix hex
## add_wave /apatb_DelayAndSum_top/AESL_inst_DelayAndSum/s_axi_control_BVALID -into $axis_packet_size__phi__fc__xpos1__xpos2__xpos3__xpos4_group -color #ffff00 -radix hex
## add_wave /apatb_DelayAndSum_top/AESL_inst_DelayAndSum/s_axi_control_RRESP -into $axis_packet_size__phi__fc__xpos1__xpos2__xpos3__xpos4_group -radix hex
## add_wave /apatb_DelayAndSum_top/AESL_inst_DelayAndSum/s_axi_control_RDATA -into $axis_packet_size__phi__fc__xpos1__xpos2__xpos3__xpos4_group -radix hex
## add_wave /apatb_DelayAndSum_top/AESL_inst_DelayAndSum/s_axi_control_RREADY -into $axis_packet_size__phi__fc__xpos1__xpos2__xpos3__xpos4_group -color #ffff00 -radix hex
## add_wave /apatb_DelayAndSum_top/AESL_inst_DelayAndSum/s_axi_control_RVALID -into $axis_packet_size__phi__fc__xpos1__xpos2__xpos3__xpos4_group -color #ffff00 -radix hex
## add_wave /apatb_DelayAndSum_top/AESL_inst_DelayAndSum/s_axi_control_ARREADY -into $axis_packet_size__phi__fc__xpos1__xpos2__xpos3__xpos4_group -color #ffff00 -radix hex
## add_wave /apatb_DelayAndSum_top/AESL_inst_DelayAndSum/s_axi_control_ARVALID -into $axis_packet_size__phi__fc__xpos1__xpos2__xpos3__xpos4_group -color #ffff00 -radix hex
## add_wave /apatb_DelayAndSum_top/AESL_inst_DelayAndSum/s_axi_control_ARADDR -into $axis_packet_size__phi__fc__xpos1__xpos2__xpos3__xpos4_group -radix hex
## add_wave /apatb_DelayAndSum_top/AESL_inst_DelayAndSum/s_axi_control_WSTRB -into $axis_packet_size__phi__fc__xpos1__xpos2__xpos3__xpos4_group -radix hex
## add_wave /apatb_DelayAndSum_top/AESL_inst_DelayAndSum/s_axi_control_WDATA -into $axis_packet_size__phi__fc__xpos1__xpos2__xpos3__xpos4_group -radix hex
## add_wave /apatb_DelayAndSum_top/AESL_inst_DelayAndSum/s_axi_control_WREADY -into $axis_packet_size__phi__fc__xpos1__xpos2__xpos3__xpos4_group -color #ffff00 -radix hex
## add_wave /apatb_DelayAndSum_top/AESL_inst_DelayAndSum/s_axi_control_WVALID -into $axis_packet_size__phi__fc__xpos1__xpos2__xpos3__xpos4_group -color #ffff00 -radix hex
## add_wave /apatb_DelayAndSum_top/AESL_inst_DelayAndSum/s_axi_control_AWREADY -into $axis_packet_size__phi__fc__xpos1__xpos2__xpos3__xpos4_group -color #ffff00 -radix hex
## add_wave /apatb_DelayAndSum_top/AESL_inst_DelayAndSum/s_axi_control_AWVALID -into $axis_packet_size__phi__fc__xpos1__xpos2__xpos3__xpos4_group -color #ffff00 -radix hex
## add_wave /apatb_DelayAndSum_top/AESL_inst_DelayAndSum/s_axi_control_AWADDR -into $axis_packet_size__phi__fc__xpos1__xpos2__xpos3__xpos4_group -radix hex
## set resetgroup [add_wave_group "Reset" -into $designtopgroup]
## add_wave /apatb_DelayAndSum_top/AESL_inst_DelayAndSum/ap_rst_n -into $resetgroup
## set clockgroup [add_wave_group "Clock" -into $designtopgroup]
## add_wave /apatb_DelayAndSum_top/AESL_inst_DelayAndSum/ap_clk -into $clockgroup
## save_wave_config DelayAndSum.wcfg
## run all
////////////////////////////////////////////////////////////////////////////////////
// Inter-Transaction Progress: Completed Transaction / Total Transaction
// Intra-Transaction Progress: Measured Latency / Latency Estimation * 100%
//
// RTL Simulation : "Inter-Transaction Progress" ["Intra-Transaction Progress"] @ "Simulation Time"
////////////////////////////////////////////////////////////////////////////////////
// RTL Simulation : 0 / 128 [0.00%] @ "113000"
// RTL Simulation : 1 / 128 [94.12%] @ "288000"
// RTL Simulation : 2 / 128 [94.12%] @ "293000"
// RTL Simulation : 3 / 128 [94.12%] @ "298000"
// RTL Simulation : 4 / 128 [94.12%] @ "303000"
// RTL Simulation : 5 / 128 [94.12%] @ "308000"
// RTL Simulation : 6 / 128 [94.12%] @ "313000"
// RTL Simulation : 7 / 128 [94.12%] @ "318000"
// RTL Simulation : 8 / 128 [94.12%] @ "323000"
// RTL Simulation : 9 / 128 [94.12%] @ "328000"
// RTL Simulation : 10 / 128 [94.12%] @ "333000"
// RTL Simulation : 11 / 128 [94.12%] @ "338000"
// RTL Simulation : 12 / 128 [94.12%] @ "343000"
// RTL Simulation : 13 / 128 [94.12%] @ "348000"
// RTL Simulation : 14 / 128 [94.12%] @ "353000"
// RTL Simulation : 15 / 128 [94.12%] @ "358000"
// RTL Simulation : 16 / 128 [94.12%] @ "363000"
// RTL Simulation : 17 / 128 [94.12%] @ "368000"
// RTL Simulation : 18 / 128 [94.12%] @ "373000"
// RTL Simulation : 19 / 128 [94.12%] @ "378000"
// RTL Simulation : 20 / 128 [94.12%] @ "383000"
// RTL Simulation : 21 / 128 [94.12%] @ "388000"
// RTL Simulation : 22 / 128 [94.12%] @ "393000"
// RTL Simulation : 23 / 128 [94.12%] @ "398000"
// RTL Simulation : 24 / 128 [94.12%] @ "403000"
// RTL Simulation : 25 / 128 [94.12%] @ "408000"
// RTL Simulation : 26 / 128 [94.12%] @ "413000"
// RTL Simulation : 27 / 128 [94.12%] @ "418000"
// RTL Simulation : 28 / 128 [94.12%] @ "423000"
// RTL Simulation : 29 / 128 [94.12%] @ "428000"
// RTL Simulation : 30 / 128 [94.12%] @ "433000"
// RTL Simulation : 31 / 128 [94.12%] @ "438000"
// RTL Simulation : 32 / 128 [94.12%] @ "443000"
// RTL Simulation : 33 / 128 [94.12%] @ "448000"
// RTL Simulation : 34 / 128 [94.12%] @ "453000"
// RTL Simulation : 35 / 128 [94.12%] @ "458000"
// RTL Simulation : 36 / 128 [94.12%] @ "463000"
// RTL Simulation : 37 / 128 [94.12%] @ "468000"
// RTL Simulation : 38 / 128 [94.12%] @ "473000"
// RTL Simulation : 39 / 128 [94.12%] @ "478000"
// RTL Simulation : 40 / 128 [94.12%] @ "483000"
// RTL Simulation : 41 / 128 [94.12%] @ "488000"
// RTL Simulation : 42 / 128 [94.12%] @ "493000"
// RTL Simulation : 43 / 128 [94.12%] @ "498000"
// RTL Simulation : 44 / 128 [94.12%] @ "503000"
// RTL Simulation : 45 / 128 [94.12%] @ "508000"
// RTL Simulation : 46 / 128 [94.12%] @ "513000"
// RTL Simulation : 47 / 128 [94.12%] @ "518000"
// RTL Simulation : 48 / 128 [94.12%] @ "523000"
// RTL Simulation : 49 / 128 [94.12%] @ "528000"
// RTL Simulation : 50 / 128 [94.12%] @ "533000"
// RTL Simulation : 51 / 128 [94.12%] @ "538000"
// RTL Simulation : 52 / 128 [94.12%] @ "543000"
// RTL Simulation : 53 / 128 [94.12%] @ "548000"
// RTL Simulation : 54 / 128 [94.12%] @ "553000"
// RTL Simulation : 55 / 128 [94.12%] @ "558000"
// RTL Simulation : 56 / 128 [94.12%] @ "563000"
// RTL Simulation : 57 / 128 [94.12%] @ "568000"
// RTL Simulation : 58 / 128 [94.12%] @ "573000"
// RTL Simulation : 59 / 128 [94.12%] @ "578000"
// RTL Simulation : 60 / 128 [94.12%] @ "583000"
// RTL Simulation : 61 / 128 [94.12%] @ "588000"
// RTL Simulation : 62 / 128 [94.12%] @ "593000"
// RTL Simulation : 63 / 128 [94.12%] @ "598000"
// RTL Simulation : 64 / 128 [94.12%] @ "603000"
// RTL Simulation : 65 / 128 [94.12%] @ "608000"
// RTL Simulation : 66 / 128 [94.12%] @ "613000"
// RTL Simulation : 67 / 128 [94.12%] @ "618000"
// RTL Simulation : 68 / 128 [94.12%] @ "623000"
// RTL Simulation : 69 / 128 [94.12%] @ "628000"
// RTL Simulation : 70 / 128 [94.12%] @ "633000"
// RTL Simulation : 71 / 128 [94.12%] @ "638000"
// RTL Simulation : 72 / 128 [94.12%] @ "643000"
// RTL Simulation : 73 / 128 [94.12%] @ "648000"
// RTL Simulation : 74 / 128 [94.12%] @ "653000"
// RTL Simulation : 75 / 128 [94.12%] @ "658000"
// RTL Simulation : 76 / 128 [94.12%] @ "663000"
// RTL Simulation : 77 / 128 [94.12%] @ "668000"
// RTL Simulation : 78 / 128 [94.12%] @ "673000"
// RTL Simulation : 79 / 128 [94.12%] @ "678000"
// RTL Simulation : 80 / 128 [94.12%] @ "683000"
// RTL Simulation : 81 / 128 [94.12%] @ "688000"
// RTL Simulation : 82 / 128 [94.12%] @ "693000"
// RTL Simulation : 83 / 128 [94.12%] @ "698000"
// RTL Simulation : 84 / 128 [94.12%] @ "703000"
// RTL Simulation : 85 / 128 [94.12%] @ "708000"
// RTL Simulation : 86 / 128 [94.12%] @ "713000"
// RTL Simulation : 87 / 128 [94.12%] @ "718000"
// RTL Simulation : 88 / 128 [94.12%] @ "723000"
// RTL Simulation : 89 / 128 [94.12%] @ "728000"
// RTL Simulation : 90 / 128 [94.12%] @ "733000"
// RTL Simulation : 91 / 128 [94.12%] @ "738000"
// RTL Simulation : 92 / 128 [94.12%] @ "743000"
// RTL Simulation : 93 / 128 [94.12%] @ "748000"
// RTL Simulation : 94 / 128 [94.12%] @ "753000"
// RTL Simulation : 95 / 128 [94.12%] @ "758000"
// RTL Simulation : 96 / 128 [94.12%] @ "763000"
// RTL Simulation : 97 / 128 [94.12%] @ "768000"
// RTL Simulation : 98 / 128 [94.12%] @ "773000"
// RTL Simulation : 99 / 128 [94.12%] @ "778000"
// RTL Simulation : 100 / 128 [94.12%] @ "783000"
// RTL Simulation : 101 / 128 [94.12%] @ "788000"
// RTL Simulation : 102 / 128 [94.12%] @ "793000"
// RTL Simulation : 103 / 128 [94.12%] @ "798000"
// RTL Simulation : 104 / 128 [94.12%] @ "803000"
// RTL Simulation : 105 / 128 [94.12%] @ "808000"
// RTL Simulation : 106 / 128 [94.12%] @ "813000"
// RTL Simulation : 107 / 128 [94.12%] @ "818000"
// RTL Simulation : 108 / 128 [94.12%] @ "823000"
// RTL Simulation : 109 / 128 [94.12%] @ "828000"
// RTL Simulation : 110 / 128 [94.12%] @ "833000"
// RTL Simulation : 111 / 128 [94.12%] @ "838000"
// RTL Simulation : 112 / 128 [94.12%] @ "843000"
// RTL Simulation : 113 / 128 [94.12%] @ "848000"
// RTL Simulation : 114 / 128 [94.12%] @ "853000"
// RTL Simulation : 115 / 128 [94.12%] @ "858000"
// RTL Simulation : 116 / 128 [94.12%] @ "863000"
// RTL Simulation : 117 / 128 [94.12%] @ "868000"
// RTL Simulation : 118 / 128 [94.12%] @ "873000"
// RTL Simulation : 119 / 128 [94.12%] @ "878000"
// RTL Simulation : 120 / 128 [94.12%] @ "883000"
// RTL Simulation : 121 / 128 [94.12%] @ "888000"
// RTL Simulation : 122 / 128 [94.12%] @ "893000"
// RTL Simulation : 123 / 128 [94.12%] @ "898000"
// RTL Simulation : 124 / 128 [94.12%] @ "903000"
// RTL Simulation : 125 / 128 [94.12%] @ "908000"
// RTL Simulation : 126 / 128 [94.12%] @ "913000"
// RTL Simulation : 127 / 128 [94.12%] @ "918000"
// RTL Simulation : 128 / 128 [100.00%] @ "923000"
////////////////////////////////////////////////////////////////////////////////////
$finish called at time : 952500 ps : File "C:/Users/matt/OneDrive/Dokumente/__Master/Vivado/Vitis_HLS/DelayAndSum/DelayAndSum/DelayAndSum/hls/sim/verilog/DelayAndSum.autotb.v" Line 636
## quit
INFO: [Common 17-206] Exiting xsim at Mon Feb 10 18:42:14 2025...
INFO: [COSIM 212-316] Starting C post checking ...
WARNING [HLS SIM]: hls::stream 'hls::stream<hls::axis<ap_fixed<16, 1, (ap_q_mode)5, (ap_o_mode)3, 0>, 0ull, 0ull, 0ull, (unsigned char)17, true>, 0>0' is read while empty, which may result in RTL simulation hanging.
WARNING [HLS SIM]: hls::stream 'hls::stream<hls::axis<ap_fixed<16, 1, (ap_q_mode)5, (ap_o_mode)3, 0>, 0ull, 0ull, 0ull, (unsigned char)17, true>, 0>1' is read while empty, which may result in RTL simulation hanging.
INFO [HLS SIM]: The maximum depth reached by any hls::stream() instance in the design is 1
INFO: [COSIM 212-1000] *** C/RTL co-simulation finished: PASS ***
INFO: [HLS 200-112] Total CPU user time: 2 seconds. Total CPU system time: 1 seconds. Total elapsed time: 71.564 seconds; peak allocated memory: 297.055 MB.
INFO: [vitis-run 60-791] Total elapsed time: 0h 1m 15s
