INFO: [v++ 60-1548] Creating build summary session with primary output C:/Users/matt/OneDrive/Dokumente/__Master/Vivado/Vitis_HLS/DelayAndSum/DelayAndSum/DelayAndSum\DelayAndSum.hlscompile_summary, at 02/11/25 18:20:50
INFO: [v++ 82-31] Launching vitis_hls: vitis_hls -nolog -run csynth -work_dir C:/Users/matt/OneDrive/Dokumente/__Master/Vivado/Vitis_HLS/DelayAndSum/DelayAndSum/DelayAndSum -config C:/Users/matt/OneDrive/Dokumente/__Master/Vivado/Vitis_HLS/DelayAndSum/DelayAndSum/hls_config.cfg -cmdlineconfig C:/Users/matt/OneDrive/Dokumente/__Master/Vivado/Vitis_HLS/DelayAndSum/DelayAndSum/DelayAndSum/hls/config.cmdline
INFO: [HLS 200-10] For user 'matt' on host 'laptop-matt' (Windows NT_amd64 version 10.0) on Tue Feb 11 18:20:53 +0100 2025
INFO: [HLS 200-10] In directory 'C:/Users/matt/OneDrive/Dokumente/__Master/Vivado/Vitis_HLS/DelayAndSum/DelayAndSum'
INFO: [HLS 200-2005] Using work_dir C:/Users/matt/OneDrive/Dokumente/__Master/Vivado/Vitis_HLS/DelayAndSum/DelayAndSum/DelayAndSum 
INFO: [HLS 200-1505] Using default flow_target 'vivado'
Resolution: For help on HLS 200-1505 see docs.xilinx.com/access/sources/dita/topic?Doc_Version=2024.1%20English&url=ug1448-hls-guidance&resourceid=200-1505.html
INFO: [HLS 200-1465] Applying ini 'syn.file=DelayAndSum.cpp' from C:/Users/matt/OneDrive/Dokumente/__Master/Vivado/Vitis_HLS/DelayAndSum/DelayAndSum/hls_config.cfg(17)
INFO: [HLS 200-10] Adding design file 'C:/Users/matt/OneDrive/Dokumente/__Master/Vivado/Vitis_HLS/DelayAndSum/DelayAndSum/DelayAndSum.cpp' to the project
INFO: [HLS 200-1465] Applying ini 'syn.file=DelayAndSum.hpp' from C:/Users/matt/OneDrive/Dokumente/__Master/Vivado/Vitis_HLS/DelayAndSum/DelayAndSum/hls_config.cfg(18)
INFO: [HLS 200-10] Adding design file 'C:/Users/matt/OneDrive/Dokumente/__Master/Vivado/Vitis_HLS/DelayAndSum/DelayAndSum/DelayAndSum.hpp' to the project
INFO: [HLS 200-1465] Applying ini 'syn.file=CalculateWeights.cpp' from C:/Users/matt/OneDrive/Dokumente/__Master/Vivado/Vitis_HLS/DelayAndSum/DelayAndSum/hls_config.cfg(19)
INFO: [HLS 200-10] Adding design file 'C:/Users/matt/OneDrive/Dokumente/__Master/Vivado/Vitis_HLS/DelayAndSum/DelayAndSum/CalculateWeights.cpp' to the project
INFO: [HLS 200-1465] Applying ini 'syn.file=CalculateWeights.hpp' from C:/Users/matt/OneDrive/Dokumente/__Master/Vivado/Vitis_HLS/DelayAndSum/DelayAndSum/hls_config.cfg(20)
INFO: [HLS 200-10] Adding design file 'C:/Users/matt/OneDrive/Dokumente/__Master/Vivado/Vitis_HLS/DelayAndSum/DelayAndSum/CalculateWeights.hpp' to the project
INFO: [HLS 200-1465] Applying ini 'tb.file=DelayAndSumTB.cpp' from C:/Users/matt/OneDrive/Dokumente/__Master/Vivado/Vitis_HLS/DelayAndSum/DelayAndSum/hls_config.cfg(12)
INFO: [HLS 200-10] Adding test bench file 'C:/Users/matt/OneDrive/Dokumente/__Master/Vivado/Vitis_HLS/DelayAndSum/DelayAndSum/DelayAndSumTB.cpp' to the project
INFO: [HLS 200-1465] Applying ini 'tb.file=TestData.hpp' from C:/Users/matt/OneDrive/Dokumente/__Master/Vivado/Vitis_HLS/DelayAndSum/DelayAndSum/hls_config.cfg(13)
INFO: [HLS 200-10] Adding test bench file 'C:/Users/matt/OneDrive/Dokumente/__Master/Vivado/Vitis_HLS/DelayAndSum/DelayAndSum/TestData.hpp' to the project
INFO: [HLS 200-1465] Applying ini 'tb.cflags=-DALLOW_EMPTY_HLS_STREAM_READS' from C:/Users/matt/OneDrive/Dokumente/__Master/Vivado/Vitis_HLS/DelayAndSum/DelayAndSum/hls_config.cfg(24)
INFO: [HLS 200-1465] Applying ini 'syn.top=DelayAndSum' from C:/Users/matt/OneDrive/Dokumente/__Master/Vivado/Vitis_HLS/DelayAndSum/DelayAndSum/hls_config.cfg(11)
INFO: [HLS 200-1465] Applying ini 'flow_target=vivado' from C:/Users/matt/OneDrive/Dokumente/__Master/Vivado/Vitis_HLS/DelayAndSum/DelayAndSum/hls_config.cfg(4)
INFO: [HLS 200-1505] Using flow_target 'vivado'
Resolution: For help on HLS 200-1505 see docs.xilinx.com/access/sources/dita/topic?Doc_Version=2024.1%20English&url=ug1448-hls-guidance&resourceid=200-1505.html
INFO: [HLS 200-1465] Applying ini 'part=xczu48dr-ffvg1517-2-e' from C:/Users/matt/OneDrive/Dokumente/__Master/Vivado/Vitis_HLS/DelayAndSum/DelayAndSum/hls_config.cfg(1)
INFO: [HLS 200-1611] Setting target device to 'xczu48dr-ffvg1517-2-e'
INFO: [HLS 200-1465] Applying ini 'clock=200MHz' from C:/Users/matt/OneDrive/Dokumente/__Master/Vivado/Vitis_HLS/DelayAndSum/DelayAndSum/hls_config.cfg(7)
INFO: [SYN 201-201] Setting up clock 'default' with a period of 5ns.
INFO: [HLS 200-1465] Applying ini 'cosim.rtl=verilog' from C:/Users/matt/OneDrive/Dokumente/__Master/Vivado/Vitis_HLS/DelayAndSum/DelayAndSum/hls_config.cfg(26)
INFO: [HLS 200-1465] Applying ini 'cosim.trace_level=port' from C:/Users/matt/OneDrive/Dokumente/__Master/Vivado/Vitis_HLS/DelayAndSum/DelayAndSum/hls_config.cfg(23)
INFO: [HLS 200-1465] Applying ini 'cosim.wave_debug=1' from C:/Users/matt/OneDrive/Dokumente/__Master/Vivado/Vitis_HLS/DelayAndSum/DelayAndSum/hls_config.cfg(25)
INFO: [HLS 200-1465] Applying ini 'csim.code_analyzer=0' from C:/Users/matt/OneDrive/Dokumente/__Master/Vivado/Vitis_HLS/DelayAndSum/DelayAndSum/hls_config.cfg(9)
INFO: [HLS 200-1465] Applying ini 'csim.sanitize_address=0' from C:/Users/matt/OneDrive/Dokumente/__Master/Vivado/Vitis_HLS/DelayAndSum/DelayAndSum/hls_config.cfg(10)
INFO: [HLS 200-1465] Applying ini 'csim.sanitize_undefined=0' from C:/Users/matt/OneDrive/Dokumente/__Master/Vivado/Vitis_HLS/DelayAndSum/DelayAndSum/hls_config.cfg(8)
INFO: [HLS 200-1465] Applying ini 'package.ip.description=4 channel delay and sum beamformer' from C:/Users/matt/OneDrive/Dokumente/__Master/Vivado/Vitis_HLS/DelayAndSum/DelayAndSum/hls_config.cfg(16)
INFO: [HLS 200-1465] Applying ini 'package.ip.display_name=DelayAndSum' from C:/Users/matt/OneDrive/Dokumente/__Master/Vivado/Vitis_HLS/DelayAndSum/DelayAndSum/hls_config.cfg(15)
INFO: [HLS 200-1465] Applying ini 'package.ip.vendor=othr' from C:/Users/matt/OneDrive/Dokumente/__Master/Vivado/Vitis_HLS/DelayAndSum/DelayAndSum/hls_config.cfg(22)
INFO: [HLS 200-1465] Applying ini 'package.output.file=C:\Users\matt\OneDrive\Dokumente\__Master\Vivado\Vitis_HLS\DelayAndSum\DelayAndSum\DelayAndSum\DelayAndSum.zip' from C:/Users/matt/OneDrive/Dokumente/__Master/Vivado/Vitis_HLS/DelayAndSum/DelayAndSum/hls_config.cfg(14)
INFO: [HLS 200-1465] Applying ini 'package.output.format=ip_catalog' from C:/Users/matt/OneDrive/Dokumente/__Master/Vivado/Vitis_HLS/DelayAndSum/DelayAndSum/hls_config.cfg(5)
INFO: [HLS 200-1465] Applying ini 'vivado.rtl=vhdl' from C:/Users/matt/OneDrive/Dokumente/__Master/Vivado/Vitis_HLS/DelayAndSum/DelayAndSum/hls_config.cfg(21)
INFO: [HLS 200-111] Finished File checks and directory preparation: CPU user time: 2 seconds. CPU system time: 0 seconds. Elapsed time: 3.883 seconds; current allocated memory: 230.914 MB.
INFO: [HLS 200-10] Analyzing design file 'CalculateWeights.cpp' ... 
INFO: [HLS 200-10] Analyzing design file 'DelayAndSum.cpp' ... 
WARNING: [HLS 214-113] Either use an argument of the function or declare the variable inside the dataflow loop body (DelayAndSum.cpp:101:25)
Resolution: For help on HLS 214-113 see docs.xilinx.com/access/sources/dita/topic?Doc_Version=2024.1%20English&url=ug1448-hls-guidance&resourceid=214-113.html
WARNING: [HLS 214-113] Either use an argument of the function or declare the variable inside the dataflow loop body (DelayAndSum.cpp:105:25)
Resolution: For help on HLS 214-113 see docs.xilinx.com/access/sources/dita/topic?Doc_Version=2024.1%20English&url=ug1448-hls-guidance&resourceid=214-113.html
WARNING: [HLS 214-111] Static scalars and arrays declared inside a dataflow region will be treated like local variables (DelayAndSum.cpp:111:22)
Resolution: For help on HLS 214-111 see docs.xilinx.com/access/sources/dita/topic?Doc_Version=2024.1%20English&url=ug1448-hls-guidance&resourceid=214-111.html
WARNING: [HLS 214-114] Since the only kind of statements allowed in a canonical dataflow region are variable declarations and function calls, the compiler may not be able to correctly handle the region (DelayAndSum.cpp:62:9)
Resolution: For help on HLS 214-114 see docs.xilinx.com/access/sources/dita/topic?Doc_Version=2024.1%20English&url=ug1448-hls-guidance&resourceid=214-114.html
WARNING: [HLS 200-471] Dataflow form checks found 4 issue(s) in file DelayAndSum.cpp
Resolution: For help on HLS 200-471 see docs.xilinx.com/access/sources/dita/topic?Doc_Version=2024.1%20English&url=ug1448-hls-guidance&resourceid=200-471.html
INFO: [HLS 200-111] Finished Source Code Analysis and Preprocessing: CPU user time: 0 seconds. CPU system time: 1 seconds. Elapsed time: 35.365 seconds; current allocated memory: 238.656 MB.
INFO: [HLS 200-777] Using interface defaults for 'Vivado' flow target.
INFO: [HLS 200-1995] There were 84,344 instructions in the design after the 'Compile/Link' phase of compilation. See the Design Size Report for more details: C:/Users/matt/OneDrive/Dokumente/__Master/Vivado/Vitis_HLS/DelayAndSum/DelayAndSum/DelayAndSum/hls/syn/report/csynth_design_size.rpt
INFO: [HLS 200-1995] There were 47,936 instructions in the design after the 'Unroll/Inline (step 1)' phase of compilation. See the Design Size Report for more details: C:/Users/matt/OneDrive/Dokumente/__Master/Vivado/Vitis_HLS/DelayAndSum/DelayAndSum/DelayAndSum/hls/syn/report/csynth_design_size.rpt
INFO: [HLS 200-1995] There were 14,496 instructions in the design after the 'Unroll/Inline (step 2)' phase of compilation. See the Design Size Report for more details: C:/Users/matt/OneDrive/Dokumente/__Master/Vivado/Vitis_HLS/DelayAndSum/DelayAndSum/DelayAndSum/hls/syn/report/csynth_design_size.rpt
INFO: [HLS 200-1995] There were 13,840 instructions in the design after the 'Unroll/Inline (step 3)' phase of compilation. See the Design Size Report for more details: C:/Users/matt/OneDrive/Dokumente/__Master/Vivado/Vitis_HLS/DelayAndSum/DelayAndSum/DelayAndSum/hls/syn/report/csynth_design_size.rpt
INFO: [HLS 200-1995] There were 10,872 instructions in the design after the 'Unroll/Inline (step 4)' phase of compilation. See the Design Size Report for more details: C:/Users/matt/OneDrive/Dokumente/__Master/Vivado/Vitis_HLS/DelayAndSum/DelayAndSum/DelayAndSum/hls/syn/report/csynth_design_size.rpt
INFO: [HLS 200-1995] There were 13,804 instructions in the design after the 'Array/Struct (step 1)' phase of compilation. See the Design Size Report for more details: C:/Users/matt/OneDrive/Dokumente/__Master/Vivado/Vitis_HLS/DelayAndSum/DelayAndSum/DelayAndSum/hls/syn/report/csynth_design_size.rpt
INFO: [HLS 200-1995] There were 13,804 instructions in the design after the 'Array/Struct (step 2)' phase of compilation. See the Design Size Report for more details: C:/Users/matt/OneDrive/Dokumente/__Master/Vivado/Vitis_HLS/DelayAndSum/DelayAndSum/DelayAndSum/hls/syn/report/csynth_design_size.rpt
INFO: [HLS 200-1995] There were 13,804 instructions in the design after the 'Array/Struct (step 3)' phase of compilation. See the Design Size Report for more details: C:/Users/matt/OneDrive/Dokumente/__Master/Vivado/Vitis_HLS/DelayAndSum/DelayAndSum/DelayAndSum/hls/syn/report/csynth_design_size.rpt
INFO: [HLS 200-1995] There were 13,804 instructions in the design after the 'Array/Struct (step 4)' phase of compilation. See the Design Size Report for more details: C:/Users/matt/OneDrive/Dokumente/__Master/Vivado/Vitis_HLS/DelayAndSum/DelayAndSum/DelayAndSum/hls/syn/report/csynth_design_size.rpt
INFO: [HLS 200-1995] There were 13,836 instructions in the design after the 'Array/Struct (step 5)' phase of compilation. See the Design Size Report for more details: C:/Users/matt/OneDrive/Dokumente/__Master/Vivado/Vitis_HLS/DelayAndSum/DelayAndSum/DelayAndSum/hls/syn/report/csynth_design_size.rpt
INFO: [HLS 200-1995] There were 13,836 instructions in the design after the 'Performance (step 1)' phase of compilation. See the Design Size Report for more details: C:/Users/matt/OneDrive/Dokumente/__Master/Vivado/Vitis_HLS/DelayAndSum/DelayAndSum/DelayAndSum/hls/syn/report/csynth_design_size.rpt
INFO: [HLS 200-1995] There were 13,009 instructions in the design after the 'Performance (step 2)' phase of compilation. See the Design Size Report for more details: C:/Users/matt/OneDrive/Dokumente/__Master/Vivado/Vitis_HLS/DelayAndSum/DelayAndSum/DelayAndSum/hls/syn/report/csynth_design_size.rpt
INFO: [HLS 200-1995] There were 12,191 instructions in the design after the 'Performance (step 3)' phase of compilation. See the Design Size Report for more details: C:/Users/matt/OneDrive/Dokumente/__Master/Vivado/Vitis_HLS/DelayAndSum/DelayAndSum/DelayAndSum/hls/syn/report/csynth_design_size.rpt
INFO: [HLS 200-1995] There were 12,191 instructions in the design after the 'Performance (step 4)' phase of compilation. See the Design Size Report for more details: C:/Users/matt/OneDrive/Dokumente/__Master/Vivado/Vitis_HLS/DelayAndSum/DelayAndSum/DelayAndSum/hls/syn/report/csynth_design_size.rpt
INFO: [HLS 200-1995] There were 12,880 instructions in the design after the 'HW Transforms (step 1)' phase of compilation. See the Design Size Report for more details: C:/Users/matt/OneDrive/Dokumente/__Master/Vivado/Vitis_HLS/DelayAndSum/DelayAndSum/DelayAndSum/hls/syn/report/csynth_design_size.rpt
INFO: [HLS 200-1995] There were 10,098 instructions in the design after the 'HW Transforms (step 2)' phase of compilation. See the Design Size Report for more details: C:/Users/matt/OneDrive/Dokumente/__Master/Vivado/Vitis_HLS/DelayAndSum/DelayAndSum/DelayAndSum/hls/syn/report/csynth_design_size.rpt
INFO: [HLS 214-291] Loop 'VITIS_LOOP_61_1' is marked as complete unroll implied by the pipeline pragma (C:/Xilinx/Vitis_HLS/2024.1/common/technology/autopilot/etc/hls_cordic_apfixed.h:61:22)
INFO: [HLS 214-186] Unrolling loop 'VITIS_LOOP_61_1' (C:/Xilinx/Vitis_HLS/2024.1/common/technology/autopilot/etc/hls_cordic_apfixed.h:61:22) in function 'cordic_apfixed::cordic_circ_apfixed<18, 3, 0>' completely with a factor of 18 (C:/Xilinx/Vitis_HLS/2024.1/common/technology/autopilot/etc/hls_cordic_apfixed.h:53:0)
WARNING: [HLS 214-189] Pipeline directive for loop 'VITIS_LOOP_61_1' (C:/Xilinx/Vitis_HLS/2024.1/common/technology/autopilot/etc/hls_cordic_apfixed.h:61:22) in function 'cordic_apfixed::cordic_circ_apfixed<18, 3, 0>' has been removed because the loop is unrolled completely (C:/Xilinx/Vitis_HLS/2024.1/common/technology/autopilot/etc/hls_cordic_apfixed.h:53:0)
INFO: [HLS 214-186] Unrolling loop 'VITIS_LOOP_61_1' (C:/Xilinx/Vitis_HLS/2024.1/common/technology/autopilot/etc/hls_cordic_apfixed.h:61:22) in function 'cordic_apfixed::cordic_circ_apfixed<10, 3, 0>' completely with a factor of 10 (C:/Xilinx/Vitis_HLS/2024.1/common/technology/autopilot/etc/hls_cordic_apfixed.h:53:0)
WARNING: [HLS 214-189] Pipeline directive for loop 'VITIS_LOOP_61_1' (C:/Xilinx/Vitis_HLS/2024.1/common/technology/autopilot/etc/hls_cordic_apfixed.h:61:22) in function 'cordic_apfixed::cordic_circ_apfixed<10, 3, 0>' has been removed because the loop is unrolled completely (C:/Xilinx/Vitis_HLS/2024.1/common/technology/autopilot/etc/hls_cordic_apfixed.h:53:0)
INFO: [HLS 214-178] Inlining function 'void cordic_apfixed::circ_range_redux<8, 3, 9>(ap_ufixed<8, 3, (ap_q_mode)5, (ap_o_mode)3, 0>, ap_uint<2>&, ap_ufixed<9, 1, (ap_q_mode)5, (ap_o_mode)3, 0>&)' into 'void cordic_apfixed::generic_sincos<8, 3>(ap_fixed<8, 3, (ap_q_mode)5, (ap_o_mode)3, 0>, ap_fixed<((8) - (3)) + (2), 2, (ap_q_mode)5, (ap_o_mode)3, 0>&, ap_fixed<((8) - (3)) + (2), 2, (ap_q_mode)5, (ap_o_mode)3, 0>&) (.64)' (C:/Xilinx/Vitis_HLS/2024.1/common/technology/autopilot/etc/hls_cordic_apfixed.h:202:0)
INFO: [HLS 214-178] Inlining function 'void cordic_apfixed::generic_sincos<8, 3>(ap_fixed<8, 3, (ap_q_mode)5, (ap_o_mode)3, 0>, ap_fixed<((8) - (3)) + (2), 2, (ap_q_mode)5, (ap_o_mode)3, 0>&, ap_fixed<((8) - (3)) + (2), 2, (ap_q_mode)5, (ap_o_mode)3, 0>&) (.64)' into 'ap_fixed<((8) - (3)) + (2), 2, (ap_q_mode)5, (ap_o_mode)3, 0> hls::cos<8, 3>(ap_fixed<8, 3, (ap_q_mode)5, (ap_o_mode)3, 0>)' (C:/Xilinx/Vitis_HLS/2024.1/common/technology/autopilot\hls_math.h:1941:0)
INFO: [HLS 214-178] Inlining function 'void cordic_apfixed::circ_range_redux<16, 1, 17>(ap_ufixed<16, 1, (ap_q_mode)5, (ap_o_mode)3, 0>, ap_uint<2>&, ap_ufixed<17, 1, (ap_q_mode)5, (ap_o_mode)3, 0>&)' into 'void cordic_apfixed::generic_sincos<16, 1>(ap_fixed<16, 1, (ap_q_mode)5, (ap_o_mode)3, 0>, ap_fixed<((16) - (1)) + (2), 2, (ap_q_mode)5, (ap_o_mode)3, 0>&, ap_fixed<((16) - (1)) + (2), 2, (ap_q_mode)5, (ap_o_mode)3, 0>&) (.48)' (C:/Xilinx/Vitis_HLS/2024.1/common/technology/autopilot/etc/hls_cordic_apfixed.h:202:0)
INFO: [HLS 214-178] Inlining function 'void cordic_apfixed::generic_sincos<16, 1>(ap_fixed<16, 1, (ap_q_mode)5, (ap_o_mode)3, 0>, ap_fixed<((16) - (1)) + (2), 2, (ap_q_mode)5, (ap_o_mode)3, 0>&, ap_fixed<((16) - (1)) + (2), 2, (ap_q_mode)5, (ap_o_mode)3, 0>&) (.48)' into 'ap_fixed<((16) - (1)) + (2), 2, (ap_q_mode)5, (ap_o_mode)3, 0> hls::cos<16, 1>(ap_fixed<16, 1, (ap_q_mode)5, (ap_o_mode)3, 0>)' (C:/Xilinx/Vitis_HLS/2024.1/common/technology/autopilot\hls_math.h:1941:0)
INFO: [HLS 214-178] Inlining function 'void cordic_apfixed::generic_sincos<16, 1>(ap_fixed<16, 1, (ap_q_mode)5, (ap_o_mode)3, 0>, ap_fixed<((16) - (1)) + (2), 2, (ap_q_mode)5, (ap_o_mode)3, 0>&, ap_fixed<((16) - (1)) + (2), 2, (ap_q_mode)5, (ap_o_mode)3, 0>&) (.48)' into 'ap_fixed<((16) - (1)) + (2), 2, (ap_q_mode)5, (ap_o_mode)3, 0> hls::sin<16, 1>(ap_fixed<16, 1, (ap_q_mode)5, (ap_o_mode)3, 0>)' (C:/Xilinx/Vitis_HLS/2024.1/common/technology/autopilot\hls_math.h:1922:0)
INFO: [HLS 214-178] Inlining function 'ap_fixed<((16) - (1)) + (2), 2, (ap_q_mode)5, (ap_o_mode)3, 0> hls::cos<16, 1>(ap_fixed<16, 1, (ap_q_mode)5, (ap_o_mode)3, 0>)' into 'CalculateElement(ap_fixed<8, 3, (ap_q_mode)5, (ap_o_mode)3, 0>, ap_fixed<32, 16, (ap_q_mode)5, (ap_o_mode)3, 0>, ap_fixed<32, 16, (ap_q_mode)5, (ap_o_mode)3, 0>, ap_fixed<16, 1, (ap_q_mode)5, (ap_o_mode)3, 0>&, ap_fixed<16, 1, (ap_q_mode)5, (ap_o_mode)3, 0>&)' (CalculateWeights.cpp:4:0)
INFO: [HLS 214-178] Inlining function 'ap_fixed<((16) - (1)) + (2), 2, (ap_q_mode)5, (ap_o_mode)3, 0> hls::sin<16, 1>(ap_fixed<16, 1, (ap_q_mode)5, (ap_o_mode)3, 0>)' into 'CalculateElement(ap_fixed<8, 3, (ap_q_mode)5, (ap_o_mode)3, 0>, ap_fixed<32, 16, (ap_q_mode)5, (ap_o_mode)3, 0>, ap_fixed<32, 16, (ap_q_mode)5, (ap_o_mode)3, 0>, ap_fixed<16, 1, (ap_q_mode)5, (ap_o_mode)3, 0>&, ap_fixed<16, 1, (ap_q_mode)5, (ap_o_mode)3, 0>&)' (CalculateWeights.cpp:4:0)
INFO: [HLS 214-364] Automatically inlining function 'CalculateElement(ap_fixed<8, 3, (ap_q_mode)5, (ap_o_mode)3, 0>, ap_fixed<32, 16, (ap_q_mode)5, (ap_o_mode)3, 0>, ap_fixed<32, 16, (ap_q_mode)5, (ap_o_mode)3, 0>, ap_fixed<16, 1, (ap_q_mode)5, (ap_o_mode)3, 0>&, ap_fixed<16, 1, (ap_q_mode)5, (ap_o_mode)3, 0>&)' to improve effectiveness of pipeline pragma in function 'CalculateWeights(ap_fixed<8, 3, (ap_q_mode)5, (ap_o_mode)3, 0>, ap_fixed<32, 16, (ap_q_mode)5, (ap_o_mode)3, 0>, ap_fixed<32, 16, (ap_q_mode)5, (ap_o_mode)3, 0>, ap_fixed<32, 16, (ap_q_mode)5, (ap_o_mode)3, 0>, ap_fixed<32, 16, (ap_q_mode)5, (ap_o_mode)3, 0>, ap_fixed<32, 16, (ap_q_mode)5, (ap_o_mode)3, 0>, ap_fixed<16, 1, (ap_q_mode)5, (ap_o_mode)3, 0>&, ap_fixed<16, 1, (ap_q_mode)5, (ap_o_mode)3, 0>&, ap_fixed<16, 1, (ap_q_mode)5, (ap_o_mode)3, 0>&, ap_fixed<16, 1, (ap_q_mode)5, (ap_o_mode)3, 0>&, ap_fixed<16, 1, (ap_q_mode)5, (ap_o_mode)3, 0>&, ap_fixed<16, 1, (ap_q_mode)5, (ap_o_mode)3, 0>&, ap_fixed<16, 1, (ap_q_mode)5, (ap_o_mode)3, 0>&, ap_fixed<16, 1, (ap_q_mode)5, (ap_o_mode)3, 0>&)' (CalculateWeights.cpp:42:2)
INFO: [HLS 214-364] Automatically inlining function 'CalculateElement(ap_fixed<8, 3, (ap_q_mode)5, (ap_o_mode)3, 0>, ap_fixed<32, 16, (ap_q_mode)5, (ap_o_mode)3, 0>, ap_fixed<32, 16, (ap_q_mode)5, (ap_o_mode)3, 0>, ap_fixed<16, 1, (ap_q_mode)5, (ap_o_mode)3, 0>&, ap_fixed<16, 1, (ap_q_mode)5, (ap_o_mode)3, 0>&)' to improve effectiveness of pipeline pragma in function 'CalculateWeights(ap_fixed<8, 3, (ap_q_mode)5, (ap_o_mode)3, 0>, ap_fixed<32, 16, (ap_q_mode)5, (ap_o_mode)3, 0>, ap_fixed<32, 16, (ap_q_mode)5, (ap_o_mode)3, 0>, ap_fixed<32, 16, (ap_q_mode)5, (ap_o_mode)3, 0>, ap_fixed<32, 16, (ap_q_mode)5, (ap_o_mode)3, 0>, ap_fixed<32, 16, (ap_q_mode)5, (ap_o_mode)3, 0>, ap_fixed<16, 1, (ap_q_mode)5, (ap_o_mode)3, 0>&, ap_fixed<16, 1, (ap_q_mode)5, (ap_o_mode)3, 0>&, ap_fixed<16, 1, (ap_q_mode)5, (ap_o_mode)3, 0>&, ap_fixed<16, 1, (ap_q_mode)5, (ap_o_mode)3, 0>&, ap_fixed<16, 1, (ap_q_mode)5, (ap_o_mode)3, 0>&, ap_fixed<16, 1, (ap_q_mode)5, (ap_o_mode)3, 0>&, ap_fixed<16, 1, (ap_q_mode)5, (ap_o_mode)3, 0>&, ap_fixed<16, 1, (ap_q_mode)5, (ap_o_mode)3, 0>&)' (CalculateWeights.cpp:43:5)
INFO: [HLS 214-364] Automatically inlining function 'CalculateElement(ap_fixed<8, 3, (ap_q_mode)5, (ap_o_mode)3, 0>, ap_fixed<32, 16, (ap_q_mode)5, (ap_o_mode)3, 0>, ap_fixed<32, 16, (ap_q_mode)5, (ap_o_mode)3, 0>, ap_fixed<16, 1, (ap_q_mode)5, (ap_o_mode)3, 0>&, ap_fixed<16, 1, (ap_q_mode)5, (ap_o_mode)3, 0>&)' to improve effectiveness of pipeline pragma in function 'CalculateWeights(ap_fixed<8, 3, (ap_q_mode)5, (ap_o_mode)3, 0>, ap_fixed<32, 16, (ap_q_mode)5, (ap_o_mode)3, 0>, ap_fixed<32, 16, (ap_q_mode)5, (ap_o_mode)3, 0>, ap_fixed<32, 16, (ap_q_mode)5, (ap_o_mode)3, 0>, ap_fixed<32, 16, (ap_q_mode)5, (ap_o_mode)3, 0>, ap_fixed<32, 16, (ap_q_mode)5, (ap_o_mode)3, 0>, ap_fixed<16, 1, (ap_q_mode)5, (ap_o_mode)3, 0>&, ap_fixed<16, 1, (ap_q_mode)5, (ap_o_mode)3, 0>&, ap_fixed<16, 1, (ap_q_mode)5, (ap_o_mode)3, 0>&, ap_fixed<16, 1, (ap_q_mode)5, (ap_o_mode)3, 0>&, ap_fixed<16, 1, (ap_q_mode)5, (ap_o_mode)3, 0>&, ap_fixed<16, 1, (ap_q_mode)5, (ap_o_mode)3, 0>&, ap_fixed<16, 1, (ap_q_mode)5, (ap_o_mode)3, 0>&, ap_fixed<16, 1, (ap_q_mode)5, (ap_o_mode)3, 0>&)' (CalculateWeights.cpp:44:5)
INFO: [HLS 214-364] Automatically inlining function 'CalculateElement(ap_fixed<8, 3, (ap_q_mode)5, (ap_o_mode)3, 0>, ap_fixed<32, 16, (ap_q_mode)5, (ap_o_mode)3, 0>, ap_fixed<32, 16, (ap_q_mode)5, (ap_o_mode)3, 0>, ap_fixed<16, 1, (ap_q_mode)5, (ap_o_mode)3, 0>&, ap_fixed<16, 1, (ap_q_mode)5, (ap_o_mode)3, 0>&)' to improve effectiveness of pipeline pragma in function 'CalculateWeights(ap_fixed<8, 3, (ap_q_mode)5, (ap_o_mode)3, 0>, ap_fixed<32, 16, (ap_q_mode)5, (ap_o_mode)3, 0>, ap_fixed<32, 16, (ap_q_mode)5, (ap_o_mode)3, 0>, ap_fixed<32, 16, (ap_q_mode)5, (ap_o_mode)3, 0>, ap_fixed<32, 16, (ap_q_mode)5, (ap_o_mode)3, 0>, ap_fixed<32, 16, (ap_q_mode)5, (ap_o_mode)3, 0>, ap_fixed<16, 1, (ap_q_mode)5, (ap_o_mode)3, 0>&, ap_fixed<16, 1, (ap_q_mode)5, (ap_o_mode)3, 0>&, ap_fixed<16, 1, (ap_q_mode)5, (ap_o_mode)3, 0>&, ap_fixed<16, 1, (ap_q_mode)5, (ap_o_mode)3, 0>&, ap_fixed<16, 1, (ap_q_mode)5, (ap_o_mode)3, 0>&, ap_fixed<16, 1, (ap_q_mode)5, (ap_o_mode)3, 0>&, ap_fixed<16, 1, (ap_q_mode)5, (ap_o_mode)3, 0>&, ap_fixed<16, 1, (ap_q_mode)5, (ap_o_mode)3, 0>&)' (CalculateWeights.cpp:45:5)
INFO: [HLS 214-364] Automatically inlining function 'ap_fixed<((8) - (3)) + (2), 2, (ap_q_mode)5, (ap_o_mode)3, 0> hls::cos<8, 3>(ap_fixed<8, 3, (ap_q_mode)5, (ap_o_mode)3, 0>)' to improve effectiveness of pipeline pragma in function 'CalculateWeights(ap_fixed<8, 3, (ap_q_mode)5, (ap_o_mode)3, 0>, ap_fixed<32, 16, (ap_q_mode)5, (ap_o_mode)3, 0>, ap_fixed<32, 16, (ap_q_mode)5, (ap_o_mode)3, 0>, ap_fixed<32, 16, (ap_q_mode)5, (ap_o_mode)3, 0>, ap_fixed<32, 16, (ap_q_mode)5, (ap_o_mode)3, 0>, ap_fixed<32, 16, (ap_q_mode)5, (ap_o_mode)3, 0>, ap_fixed<16, 1, (ap_q_mode)5, (ap_o_mode)3, 0>&, ap_fixed<16, 1, (ap_q_mode)5, (ap_o_mode)3, 0>&, ap_fixed<16, 1, (ap_q_mode)5, (ap_o_mode)3, 0>&, ap_fixed<16, 1, (ap_q_mode)5, (ap_o_mode)3, 0>&, ap_fixed<16, 1, (ap_q_mode)5, (ap_o_mode)3, 0>&, ap_fixed<16, 1, (ap_q_mode)5, (ap_o_mode)3, 0>&, ap_fixed<16, 1, (ap_q_mode)5, (ap_o_mode)3, 0>&, ap_fixed<16, 1, (ap_q_mode)5, (ap_o_mode)3, 0>&)' (CalculateWeights.cpp:14:49)
INFO: [HLS 214-364] Automatically inlining function 'void cordic_apfixed::cordic_circ_apfixed<18, 3, 0>(ap_fixed<18, 3, (ap_q_mode)5, (ap_o_mode)3, 0>&, ap_fixed<18, 3, (ap_q_mode)5, (ap_o_mode)3, 0>&, ap_fixed<18, 3, (ap_q_mode)5, (ap_o_mode)3, 0>&)' to improve effectiveness of pipeline pragma in function 'CalculateWeights(ap_fixed<8, 3, (ap_q_mode)5, (ap_o_mode)3, 0>, ap_fixed<32, 16, (ap_q_mode)5, (ap_o_mode)3, 0>, ap_fixed<32, 16, (ap_q_mode)5, (ap_o_mode)3, 0>, ap_fixed<32, 16, (ap_q_mode)5, (ap_o_mode)3, 0>, ap_fixed<32, 16, (ap_q_mode)5, (ap_o_mode)3, 0>, ap_fixed<32, 16, (ap_q_mode)5, (ap_o_mode)3, 0>, ap_fixed<16, 1, (ap_q_mode)5, (ap_o_mode)3, 0>&, ap_fixed<16, 1, (ap_q_mode)5, (ap_o_mode)3, 0>&, ap_fixed<16, 1, (ap_q_mode)5, (ap_o_mode)3, 0>&, ap_fixed<16, 1, (ap_q_mode)5, (ap_o_mode)3, 0>&, ap_fixed<16, 1, (ap_q_mode)5, (ap_o_mode)3, 0>&, ap_fixed<16, 1, (ap_q_mode)5, (ap_o_mode)3, 0>&, ap_fixed<16, 1, (ap_q_mode)5, (ap_o_mode)3, 0>&, ap_fixed<16, 1, (ap_q_mode)5, (ap_o_mode)3, 0>&)' (C:/Xilinx/Vitis_HLS/2024.1/common/technology/autopilot/etc/hls_cordic_apfixed.h:240:5)
INFO: [HLS 214-364] Automatically inlining function 'ap_fixed<((8) - (3)) + (2), 2, (ap_q_mode)5, (ap_o_mode)3, 0> hls::cos<8, 3>(ap_fixed<8, 3, (ap_q_mode)5, (ap_o_mode)3, 0>)' to improve effectiveness of pipeline pragma in function 'CalculateWeights(ap_fixed<8, 3, (ap_q_mode)5, (ap_o_mode)3, 0>, ap_fixed<32, 16, (ap_q_mode)5, (ap_o_mode)3, 0>, ap_fixed<32, 16, (ap_q_mode)5, (ap_o_mode)3, 0>, ap_fixed<32, 16, (ap_q_mode)5, (ap_o_mode)3, 0>, ap_fixed<32, 16, (ap_q_mode)5, (ap_o_mode)3, 0>, ap_fixed<32, 16, (ap_q_mode)5, (ap_o_mode)3, 0>, ap_fixed<16, 1, (ap_q_mode)5, (ap_o_mode)3, 0>&, ap_fixed<16, 1, (ap_q_mode)5, (ap_o_mode)3, 0>&, ap_fixed<16, 1, (ap_q_mode)5, (ap_o_mode)3, 0>&, ap_fixed<16, 1, (ap_q_mode)5, (ap_o_mode)3, 0>&, ap_fixed<16, 1, (ap_q_mode)5, (ap_o_mode)3, 0>&, ap_fixed<16, 1, (ap_q_mode)5, (ap_o_mode)3, 0>&, ap_fixed<16, 1, (ap_q_mode)5, (ap_o_mode)3, 0>&, ap_fixed<16, 1, (ap_q_mode)5, (ap_o_mode)3, 0>&)' (CalculateWeights.cpp:15:49)
INFO: [HLS 214-364] Automatically inlining function 'void cordic_apfixed::cordic_circ_apfixed<10, 3, 0>(ap_fixed<10, 3, (ap_q_mode)5, (ap_o_mode)3, 0>&, ap_fixed<10, 3, (ap_q_mode)5, (ap_o_mode)3, 0>&, ap_fixed<10, 3, (ap_q_mode)5, (ap_o_mode)3, 0>&)' to improve effectiveness of pipeline pragma in function 'CalculateWeights(ap_fixed<8, 3, (ap_q_mode)5, (ap_o_mode)3, 0>, ap_fixed<32, 16, (ap_q_mode)5, (ap_o_mode)3, 0>, ap_fixed<32, 16, (ap_q_mode)5, (ap_o_mode)3, 0>, ap_fixed<32, 16, (ap_q_mode)5, (ap_o_mode)3, 0>, ap_fixed<32, 16, (ap_q_mode)5, (ap_o_mode)3, 0>, ap_fixed<32, 16, (ap_q_mode)5, (ap_o_mode)3, 0>, ap_fixed<16, 1, (ap_q_mode)5, (ap_o_mode)3, 0>&, ap_fixed<16, 1, (ap_q_mode)5, (ap_o_mode)3, 0>&, ap_fixed<16, 1, (ap_q_mode)5, (ap_o_mode)3, 0>&, ap_fixed<16, 1, (ap_q_mode)5, (ap_o_mode)3, 0>&, ap_fixed<16, 1, (ap_q_mode)5, (ap_o_mode)3, 0>&, ap_fixed<16, 1, (ap_q_mode)5, (ap_o_mode)3, 0>&, ap_fixed<16, 1, (ap_q_mode)5, (ap_o_mode)3, 0>&, ap_fixed<16, 1, (ap_q_mode)5, (ap_o_mode)3, 0>&)' (C:/Xilinx/Vitis_HLS/2024.1/common/technology/autopilot/etc/hls_cordic_apfixed.h:240:5)
INFO: [HLS 200-111] Finished Compiling Optimization and Transform: CPU user time: 0 seconds. CPU system time: 0 seconds. Elapsed time: 16.424 seconds; current allocated memory: 240.199 MB.
INFO: [HLS 200-111] Finished Checking Pragmas: CPU user time: 0 seconds. CPU system time: 0 seconds. Elapsed time: 0.011 seconds; current allocated memory: 240.207 MB.
INFO: [HLS 200-10] Starting code transformations ...
INFO: [HLS 200-111] Finished Standard Transforms: CPU user time: 1 seconds. CPU system time: 0 seconds. Elapsed time: 0.417 seconds; current allocated memory: 258.625 MB.
INFO: [HLS 200-10] Checking synthesizability ...
INFO: [HLS 200-111] Finished Checking Synthesizability: CPU user time: 0 seconds. CPU system time: 0 seconds. Elapsed time: 0.358 seconds; current allocated memory: 263.875 MB.
INFO: [XFORM 203-712] Applying dataflow to function 'DelayAndSum' (DelayAndSum.cpp:5:1), detected/extracted 3 process function(s): 
	 'Block_entry.split_proc2'
	 'CalculateWeights'
	 'Block_entry.split.split.split_proc'.
INFO: [XFORM 203-401] Performing if-conversion on hyperblock to (DelayAndSum.cpp:90:5) in function 'CalculateWeights'... converting 765 basic blocks.
INFO: [XFORM 203-11] Balancing expressions in function 'Block_entry.split.split.split_proc' (DelayAndSum.cpp:101:19)...7 expression(s) balanced.
INFO: [HLS 200-111] Finished Loop, function and other optimizations: CPU user time: 0 seconds. CPU system time: 0 seconds. Elapsed time: 2.133 seconds; current allocated memory: 306.188 MB.
INFO: [HLS 200-111] Finished Architecture Synthesis: CPU user time: 1 seconds. CPU system time: 0 seconds. Elapsed time: 1.066 seconds; current allocated memory: 326.582 MB.
INFO: [HLS 200-10] Starting hardware synthesis ...
INFO: [HLS 200-10] Synthesizing 'DelayAndSum' ...
WARNING: [SYN 201-103] Legalizing function name 'Block_entry.split_proc2' to 'Block_entry_split_proc2'.
WARNING: [SYN 201-103] Legalizing function name 'Block_entry.split.split.split_proc' to 'Block_entry_split_split_split_proc'.
INFO: [HLS 200-10] ----------------------------------------------------------------
INFO: [HLS 200-42] -- Implementing module 'Block_entry_split_proc2' 
INFO: [HLS 200-10] ----------------------------------------------------------------
INFO: [SCHED 204-11] Starting scheduling ...
INFO: [SCHED 204-11] Finished scheduling.
INFO: [HLS 200-111] Finished Scheduling: CPU user time: 0 seconds. CPU system time: 0 seconds. Elapsed time: 0.325 seconds; current allocated memory: 329.465 MB.
INFO: [BIND 205-100] Starting micro-architecture generation ...
INFO: [BIND 205-101] Performing variable lifetime analysis.
INFO: [BIND 205-101] Exploring resource sharing.
INFO: [BIND 205-101] Binding ...
INFO: [BIND 205-100] Finished micro-architecture generation.
INFO: [HLS 200-111] Finished Binding: CPU user time: 0 seconds. CPU system time: 0 seconds. Elapsed time: 0.123 seconds; current allocated memory: 330.605 MB.
INFO: [HLS 200-10] ----------------------------------------------------------------
INFO: [HLS 200-42] -- Implementing module 'CalculateWeights' 
INFO: [HLS 200-10] ----------------------------------------------------------------
INFO: [SCHED 204-11] Starting scheduling ...
INFO: [HLS 200-486] Changing DSP latency (root=add_ln42) to 3 in order to utilize available DSP registers.
INFO: [SCHED 204-61] Pipelining function 'CalculateWeights'.
INFO: [HLS 200-1470] Pipelining result : Target II = 1, Final II = 1, Depth = 24, function 'CalculateWeights'
INFO: [SCHED 204-11] Finished scheduling.
INFO: [HLS 200-111] Finished Scheduling: CPU user time: 1 seconds. CPU system time: 0 seconds. Elapsed time: 2.829 seconds; current allocated memory: 376.598 MB.
INFO: [BIND 205-100] Starting micro-architecture generation ...
INFO: [BIND 205-101] Performing variable lifetime analysis.
INFO: [BIND 205-101] Exploring resource sharing.
INFO: [BIND 205-101] Binding ...
INFO: [BIND 205-100] Finished micro-architecture generation.
INFO: [HLS 200-111] Finished Binding: CPU user time: 1 seconds. CPU system time: 0 seconds. Elapsed time: 1.314 seconds; current allocated memory: 376.598 MB.
INFO: [HLS 200-10] ----------------------------------------------------------------
INFO: [HLS 200-42] -- Implementing module 'Block_entry_split_split_split_proc' 
INFO: [HLS 200-10] ----------------------------------------------------------------
INFO: [SCHED 204-11] Starting scheduling ...
INFO: [SCHED 204-11] Finished scheduling.
INFO: [HLS 200-111] Finished Scheduling: CPU user time: 0 seconds. CPU system time: 0 seconds. Elapsed time: 1.097 seconds; current allocated memory: 376.598 MB.
INFO: [BIND 205-100] Starting micro-architecture generation ...
INFO: [BIND 205-101] Performing variable lifetime analysis.
INFO: [BIND 205-101] Exploring resource sharing.
INFO: [BIND 205-101] Binding ...
INFO: [BIND 205-100] Finished micro-architecture generation.
INFO: [HLS 200-111] Finished Binding: CPU user time: 0 seconds. CPU system time: 0 seconds. Elapsed time: 0.111 seconds; current allocated memory: 376.598 MB.
INFO: [HLS 200-10] ----------------------------------------------------------------
INFO: [HLS 200-42] -- Implementing module 'DelayAndSum' 
INFO: [HLS 200-10] ----------------------------------------------------------------
INFO: [SCHED 204-11] Starting scheduling ...
INFO: [SCHED 204-11] Finished scheduling.
WARNING: [HLS 200-1020] Increasing the depth of FIFO p_loc_channel (from Block_entry_split_proc2_U0 to Block_entry_split_split_split_proc_U0) to 25 to improve performance and/or avoid deadlocks.
WARNING: [HLS 200-1020] Increasing the depth of FIFO p_loc19_channel (from Block_entry_split_proc2_U0 to Block_entry_split_split_split_proc_U0) to 25 to improve performance and/or avoid deadlocks.
WARNING: [HLS 200-1020] Increasing the depth of FIFO p_loc20_channel (from Block_entry_split_proc2_U0 to Block_entry_split_split_split_proc_U0) to 25 to improve performance and/or avoid deadlocks.
WARNING: [HLS 200-1020] Increasing the depth of FIFO p_loc21_channel (from Block_entry_split_proc2_U0 to Block_entry_split_split_split_proc_U0) to 25 to improve performance and/or avoid deadlocks.
WARNING: [HLS 200-1020] Increasing the depth of FIFO p_loc22_channel (from Block_entry_split_proc2_U0 to Block_entry_split_split_split_proc_U0) to 25 to improve performance and/or avoid deadlocks.
WARNING: [HLS 200-1020] Increasing the depth of FIFO p_loc23_channel (from Block_entry_split_proc2_U0 to Block_entry_split_split_split_proc_U0) to 25 to improve performance and/or avoid deadlocks.
WARNING: [HLS 200-1020] Increasing the depth of FIFO p_loc24_channel (from Block_entry_split_proc2_U0 to Block_entry_split_split_split_proc_U0) to 25 to improve performance and/or avoid deadlocks.
WARNING: [HLS 200-1020] Increasing the depth of FIFO p_loc25_channel (from Block_entry_split_proc2_U0 to Block_entry_split_split_split_proc_U0) to 25 to improve performance and/or avoid deadlocks.
WARNING: [HLS 200-1020] Increasing the depth of FIFO axis_packet_size_buffer_loc_channel (from Block_entry_split_proc2_U0 to Block_entry_split_split_split_proc_U0) to 25 to improve performance and/or avoid deadlocks.
INFO: [HLS 200-111] Finished Scheduling: CPU user time: 0 seconds. CPU system time: 0 seconds. Elapsed time: 0.267 seconds; current allocated memory: 376.598 MB.
INFO: [BIND 205-100] Starting micro-architecture generation ...
INFO: [BIND 205-101] Performing variable lifetime analysis.
INFO: [BIND 205-101] Exploring resource sharing.
INFO: [BIND 205-101] Binding ...
INFO: [BIND 205-100] Finished micro-architecture generation.
INFO: [HLS 200-111] Finished Binding: CPU user time: 0 seconds. CPU system time: 0 seconds. Elapsed time: 0.133 seconds; current allocated memory: 376.598 MB.
INFO: [HLS 200-10] ----------------------------------------------------------------
INFO: [HLS 200-10] -- Generating RTL for module 'Block_entry_split_proc2' 
INFO: [HLS 200-10] ----------------------------------------------------------------
INFO: [RTGEN 206-100] Finished creating RTL model for 'Block_entry_split_proc2'.
INFO: [HLS 200-111] Finished Creating RTL model: CPU user time: 0 seconds. CPU system time: 0 seconds. Elapsed time: 0.213 seconds; current allocated memory: 376.598 MB.
INFO: [HLS 200-10] ----------------------------------------------------------------
INFO: [HLS 200-10] -- Generating RTL for module 'CalculateWeights' 
INFO: [HLS 200-10] ----------------------------------------------------------------
INFO: [RTGEN 206-100] Generating core module 'mac_muladd_8ns_3ns_10ns_10_4_1': 1 instance(s).
INFO: [RTGEN 206-100] Generating core module 'mul_16ns_19ns_34_1_1': 4 instance(s).
INFO: [RTGEN 206-100] Generating core module 'mul_32s_32s_63_1_1': 1 instance(s).
INFO: [RTGEN 206-100] Generating core module 'mul_63s_7s_69_3_1': 1 instance(s).
INFO: [RTGEN 206-100] Generating core module 'mul_69s_32s_85_3_1': 4 instance(s).
INFO: [RTGEN 206-100] Generating core module 'mul_8ns_13ns_20_1_1': 1 instance(s).
INFO: [RTGEN 206-100] Generating core module 'sparsemux_7_2_17_1_1': 4 instance(s).
INFO: [RTGEN 206-100] Generating core module 'sparsemux_7_2_9_1_1': 1 instance(s).
INFO: [RTGEN 206-100] Finished creating RTL model for 'CalculateWeights'.
INFO: [HLS 200-111] Finished Creating RTL model: CPU user time: 1 seconds. CPU system time: 0 seconds. Elapsed time: 1.321 seconds; current allocated memory: 386.133 MB.
INFO: [HLS 200-10] ----------------------------------------------------------------
INFO: [HLS 200-10] -- Generating RTL for module 'Block_entry_split_split_split_proc' 
INFO: [HLS 200-10] ----------------------------------------------------------------
WARNING: [RTGEN 206-101] Register 'count' is power-on initialization.
INFO: [RTGEN 206-100] Generating core module 'mul_16s_31s_31_1_1': 16 instance(s).
INFO: [RTGEN 206-100] Finished creating RTL model for 'Block_entry_split_split_split_proc'.
INFO: [HLS 200-111] Finished Creating RTL model: CPU user time: 1 seconds. CPU system time: 1 seconds. Elapsed time: 7.178 seconds; current allocated memory: 453.301 MB.
INFO: [HLS 200-10] ----------------------------------------------------------------
INFO: [HLS 200-10] -- Generating RTL for module 'DelayAndSum' 
INFO: [HLS 200-10] ----------------------------------------------------------------
WARNING: [RTGEN 206-101] Design contains AXI ports. Reset is fixed to synchronous and active low.
INFO: [RTGEN 206-500] Setting interface mode on port 'DelayAndSum/axis_packet_size' to 's_axilite & ap_none'.
INFO: [RTGEN 206-500] Setting interface mode on port 'DelayAndSum/phi' to 's_axilite & ap_none'.
INFO: [RTGEN 206-500] Setting interface mode on port 'DelayAndSum/fc' to 's_axilite & ap_none'.
INFO: [RTGEN 206-500] Setting interface mode on port 'DelayAndSum/xpos1' to 's_axilite & ap_none'.
INFO: [RTGEN 206-500] Setting interface mode on port 'DelayAndSum/xpos2' to 's_axilite & ap_none'.
INFO: [RTGEN 206-500] Setting interface mode on port 'DelayAndSum/xpos3' to 's_axilite & ap_none'.
INFO: [RTGEN 206-500] Setting interface mode on port 'DelayAndSum/xpos4' to 's_axilite & ap_none'.
INFO: [RTGEN 206-500] Setting interface mode on port 'DelayAndSum/in1_real' to 'axis' (register, both mode).
INFO: [RTGEN 206-500] Setting interface mode on port 'DelayAndSum/in1_imag' to 'axis' (register, both mode).
INFO: [RTGEN 206-500] Setting interface mode on port 'DelayAndSum/in2_real' to 'axis' (register, both mode).
INFO: [RTGEN 206-500] Setting interface mode on port 'DelayAndSum/in2_imag' to 'axis' (register, both mode).
INFO: [RTGEN 206-500] Setting interface mode on port 'DelayAndSum/in3_real' to 'axis' (register, both mode).
INFO: [RTGEN 206-500] Setting interface mode on port 'DelayAndSum/in3_imag' to 'axis' (register, both mode).
INFO: [RTGEN 206-500] Setting interface mode on port 'DelayAndSum/in4_real' to 'axis' (register, both mode).
INFO: [RTGEN 206-500] Setting interface mode on port 'DelayAndSum/in4_imag' to 'axis' (register, both mode).
INFO: [RTGEN 206-500] Setting interface mode on port 'DelayAndSum/out_real_V_data_V' to 'axis' (register, both mode).
INFO: [RTGEN 206-500] Setting interface mode on port 'DelayAndSum/out_real_V_last_V' to 'axis' (register, both mode).
INFO: [RTGEN 206-500] Setting interface mode on port 'DelayAndSum/out_imag_V_data_V' to 'axis' (register, both mode).
INFO: [RTGEN 206-500] Setting interface mode on port 'DelayAndSum/out_imag_V_last_V' to 'axis' (register, both mode).
INFO: [RTGEN 206-500] Setting interface mode on function 'DelayAndSum' to 'ap_ctrl_none'.
INFO: [RTGEN 206-100] Bundling port 'axis_packet_size', 'phi', 'fc', 'xpos1', 'xpos2', 'xpos3' and 'xpos4' to AXI-Lite port control.
INFO: [HLS 200-633] Setting ap_ctrl_none interface for DelayAndSum
INFO: [RTGEN 206-100] Finished creating RTL model for 'DelayAndSum'.
INFO: [RTMG 210-285] Implementing FIFO 'p_loc_channel_U(DelayAndSum_fifo_w31_d25_S)' using Shift Registers.
INFO: [RTMG 210-285] Implementing FIFO 'p_loc19_channel_U(DelayAndSum_fifo_w31_d25_S)' using Shift Registers.
INFO: [RTMG 210-285] Implementing FIFO 'p_loc20_channel_U(DelayAndSum_fifo_w31_d25_S)' using Shift Registers.
INFO: [RTMG 210-285] Implementing FIFO 'p_loc21_channel_U(DelayAndSum_fifo_w31_d25_S)' using Shift Registers.
INFO: [RTMG 210-285] Implementing FIFO 'p_loc22_channel_U(DelayAndSum_fifo_w31_d25_S)' using Shift Registers.
INFO: [RTMG 210-285] Implementing FIFO 'p_loc23_channel_U(DelayAndSum_fifo_w31_d25_S)' using Shift Registers.
INFO: [RTMG 210-285] Implementing FIFO 'p_loc24_channel_U(DelayAndSum_fifo_w31_d25_S)' using Shift Registers.
INFO: [RTMG 210-285] Implementing FIFO 'p_loc25_channel_U(DelayAndSum_fifo_w31_d25_S)' using Shift Registers.
INFO: [RTMG 210-285] Implementing FIFO 'axis_packet_size_buffer_loc_channel_U(DelayAndSum_fifo_w26_d25_S)' using Shift Registers.
INFO: [RTMG 210-285] Implementing FIFO 'phi_load_loc_channel_U(DelayAndSum_fifo_w8_d2_S)' using Shift Registers.
INFO: [RTMG 210-285] Implementing FIFO 'fc_load_loc_channel_U(DelayAndSum_fifo_w32_d2_S)' using Shift Registers.
INFO: [RTMG 210-285] Implementing FIFO 'xpos1_load_loc_channel_U(DelayAndSum_fifo_w32_d2_S)' using Shift Registers.
INFO: [RTMG 210-285] Implementing FIFO 'xpos2_load_loc_channel_U(DelayAndSum_fifo_w32_d2_S)' using Shift Registers.
INFO: [RTMG 210-285] Implementing FIFO 'xpos3_load_loc_channel_U(DelayAndSum_fifo_w32_d2_S)' using Shift Registers.
INFO: [RTMG 210-285] Implementing FIFO 'xpos4_load_loc_channel_U(DelayAndSum_fifo_w32_d2_S)' using Shift Registers.
INFO: [RTMG 210-285] Implementing FIFO 'w1_real_U(DelayAndSum_fifo_w16_d2_S)' using Shift Registers.
INFO: [RTMG 210-285] Implementing FIFO 'w1_imag_U(DelayAndSum_fifo_w16_d2_S)' using Shift Registers.
INFO: [RTMG 210-285] Implementing FIFO 'w2_real_U(DelayAndSum_fifo_w16_d2_S)' using Shift Registers.
INFO: [RTMG 210-285] Implementing FIFO 'w2_imag_U(DelayAndSum_fifo_w16_d2_S)' using Shift Registers.
INFO: [RTMG 210-285] Implementing FIFO 'w3_real_U(DelayAndSum_fifo_w16_d2_S)' using Shift Registers.
INFO: [RTMG 210-285] Implementing FIFO 'w3_imag_U(DelayAndSum_fifo_w16_d2_S)' using Shift Registers.
INFO: [RTMG 210-285] Implementing FIFO 'w4_real_U(DelayAndSum_fifo_w16_d2_S)' using Shift Registers.
INFO: [RTMG 210-285] Implementing FIFO 'w4_imag_U(DelayAndSum_fifo_w16_d2_S)' using Shift Registers.
INFO: [HLS 200-111] Finished Creating RTL model: CPU user time: 0 seconds. CPU system time: 0 seconds. Elapsed time: 1.283 seconds; current allocated memory: 453.301 MB.
INFO: [HLS 200-111] Finished Generating all RTL models: CPU user time: 0 seconds. CPU system time: 0 seconds. Elapsed time: 1.619 seconds; current allocated memory: 454.992 MB.
INFO: [HLS 200-111] Finished Updating report files: CPU user time: 1 seconds. CPU system time: 1 seconds. Elapsed time: 2.259 seconds; current allocated memory: 480.668 MB.
INFO: [VHDL 208-304] Generating VHDL RTL for DelayAndSum.
INFO: [VLOG 209-307] Generating Verilog RTL for DelayAndSum.
INFO: [HLS 200-789] **** Estimated Fmax: 274.46 MHz
INFO: [HLS 200-112] Total CPU user time: 9 seconds. Total CPU system time: 3 seconds. Total elapsed time: 80.067 seconds; peak allocated memory: 480.668 MB.
INFO: [v++ 60-791] Total elapsed time: 0h 1m 24s
