INFO: [v++ 60-1548] Creating build summary session with primary output C:/Users/matt/OneDrive/Dokumente/__Master/Vivado/Vitis_HLS/DelayAndSum/DelayAndSum/DelayAndSum\DelayAndSum.hlscompile_summary, at 10/21/24 15:48:13
INFO: [v++ 82-31] Launching vitis_hls: vitis_hls -nolog -run csynth -work_dir C:/Users/matt/OneDrive/Dokumente/__Master/Vivado/Vitis_HLS/DelayAndSum/DelayAndSum/DelayAndSum -config C:/Users/matt/OneDrive/Dokumente/__Master/Vivado/Vitis_HLS/DelayAndSum/DelayAndSum/hls_config.cfg -cmdlineconfig C:/Users/matt/OneDrive/Dokumente/__Master/Vivado/Vitis_HLS/DelayAndSum/DelayAndSum/DelayAndSum/hls/config.cmdline
INFO: [HLS 200-10] For user 'matt' on host 'laptop-matt' (Windows NT_amd64 version 10.0) on Mon Oct 21 15:48:16 +0200 2024
INFO: [HLS 200-10] In directory 'C:/Users/matt/OneDrive/Dokumente/__Master/Vivado/Vitis_HLS/DelayAndSum/DelayAndSum'
INFO: [HLS 200-2005] Using work_dir C:/Users/matt/OneDrive/Dokumente/__Master/Vivado/Vitis_HLS/DelayAndSum/DelayAndSum/DelayAndSum 
INFO: [HLS 200-1505] Using default flow_target 'vivado'
Resolution: For help on HLS 200-1505 see docs.xilinx.com/access/sources/dita/topic?Doc_Version=2024.1%20English&url=ug1448-hls-guidance&resourceid=200-1505.html
INFO: [HLS 200-1465] Applying ini 'syn.file=DelayAndSum.cpp' from C:/Users/matt/OneDrive/Dokumente/__Master/Vivado/Vitis_HLS/DelayAndSum/DelayAndSum/hls_config.cfg(17)
INFO: [HLS 200-10] Adding design file 'C:/Users/matt/OneDrive/Dokumente/__Master/Vivado/Vitis_HLS/DelayAndSum/DelayAndSum/DelayAndSum.cpp' to the project
INFO: [HLS 200-1465] Applying ini 'syn.file=DelayAndSum.hpp' from C:/Users/matt/OneDrive/Dokumente/__Master/Vivado/Vitis_HLS/DelayAndSum/DelayAndSum/hls_config.cfg(18)
INFO: [HLS 200-10] Adding design file 'C:/Users/matt/OneDrive/Dokumente/__Master/Vivado/Vitis_HLS/DelayAndSum/DelayAndSum/DelayAndSum.hpp' to the project
INFO: [HLS 200-1465] Applying ini 'syn.file=CalculateWeights.cpp' from C:/Users/matt/OneDrive/Dokumente/__Master/Vivado/Vitis_HLS/DelayAndSum/DelayAndSum/hls_config.cfg(19)
INFO: [HLS 200-10] Adding design file 'C:/Users/matt/OneDrive/Dokumente/__Master/Vivado/Vitis_HLS/DelayAndSum/DelayAndSum/CalculateWeights.cpp' to the project
INFO: [HLS 200-1465] Applying ini 'syn.file=CalculateWeights.hpp' from C:/Users/matt/OneDrive/Dokumente/__Master/Vivado/Vitis_HLS/DelayAndSum/DelayAndSum/hls_config.cfg(20)
INFO: [HLS 200-10] Adding design file 'C:/Users/matt/OneDrive/Dokumente/__Master/Vivado/Vitis_HLS/DelayAndSum/DelayAndSum/CalculateWeights.hpp' to the project
INFO: [HLS 200-1465] Applying ini 'tb.file=DelayAndSumTB.cpp' from C:/Users/matt/OneDrive/Dokumente/__Master/Vivado/Vitis_HLS/DelayAndSum/DelayAndSum/hls_config.cfg(12)
INFO: [HLS 200-10] Adding test bench file 'C:/Users/matt/OneDrive/Dokumente/__Master/Vivado/Vitis_HLS/DelayAndSum/DelayAndSum/DelayAndSumTB.cpp' to the project
INFO: [HLS 200-1465] Applying ini 'tb.file=TestData.hpp' from C:/Users/matt/OneDrive/Dokumente/__Master/Vivado/Vitis_HLS/DelayAndSum/DelayAndSum/hls_config.cfg(13)
INFO: [HLS 200-10] Adding test bench file 'C:/Users/matt/OneDrive/Dokumente/__Master/Vivado/Vitis_HLS/DelayAndSum/DelayAndSum/TestData.hpp' to the project
INFO: [HLS 200-1465] Applying ini 'syn.top=DelayAndSum' from C:/Users/matt/OneDrive/Dokumente/__Master/Vivado/Vitis_HLS/DelayAndSum/DelayAndSum/hls_config.cfg(11)
INFO: [HLS 200-1465] Applying ini 'flow_target=vivado' from C:/Users/matt/OneDrive/Dokumente/__Master/Vivado/Vitis_HLS/DelayAndSum/DelayAndSum/hls_config.cfg(4)
INFO: [HLS 200-1505] Using flow_target 'vivado'
Resolution: For help on HLS 200-1505 see docs.xilinx.com/access/sources/dita/topic?Doc_Version=2024.1%20English&url=ug1448-hls-guidance&resourceid=200-1505.html
INFO: [HLS 200-1465] Applying ini 'part=xczu48dr-ffvg1517-2-e' from C:/Users/matt/OneDrive/Dokumente/__Master/Vivado/Vitis_HLS/DelayAndSum/DelayAndSum/hls_config.cfg(1)
INFO: [HLS 200-1611] Setting target device to 'xczu48dr-ffvg1517-2-e'
INFO: [HLS 200-1465] Applying ini 'clock=200MHz' from C:/Users/matt/OneDrive/Dokumente/__Master/Vivado/Vitis_HLS/DelayAndSum/DelayAndSum/hls_config.cfg(7)
INFO: [SYN 201-201] Setting up clock 'default' with a period of 5ns.
INFO: [HLS 200-1465] Applying ini 'csim.code_analyzer=0' from C:/Users/matt/OneDrive/Dokumente/__Master/Vivado/Vitis_HLS/DelayAndSum/DelayAndSum/hls_config.cfg(9)
INFO: [HLS 200-1465] Applying ini 'csim.sanitize_address=0' from C:/Users/matt/OneDrive/Dokumente/__Master/Vivado/Vitis_HLS/DelayAndSum/DelayAndSum/hls_config.cfg(10)
INFO: [HLS 200-1465] Applying ini 'csim.sanitize_undefined=0' from C:/Users/matt/OneDrive/Dokumente/__Master/Vivado/Vitis_HLS/DelayAndSum/DelayAndSum/hls_config.cfg(8)
INFO: [HLS 200-1465] Applying ini 'package.ip.description=4 channel delay and sum beamformer' from C:/Users/matt/OneDrive/Dokumente/__Master/Vivado/Vitis_HLS/DelayAndSum/DelayAndSum/hls_config.cfg(16)
INFO: [HLS 200-1465] Applying ini 'package.ip.display_name=DelayAndSum' from C:/Users/matt/OneDrive/Dokumente/__Master/Vivado/Vitis_HLS/DelayAndSum/DelayAndSum/hls_config.cfg(15)
INFO: [HLS 200-1465] Applying ini 'package.output.file=C:\Users\matt\OneDrive\Dokumente\__Master\Vivado\Vitis_HLS\DelayAndSum\DelayAndSum\DelayAndSum\DelayAndSum.zip' from C:/Users/matt/OneDrive/Dokumente/__Master/Vivado/Vitis_HLS/DelayAndSum/DelayAndSum/hls_config.cfg(14)
INFO: [HLS 200-1465] Applying ini 'package.output.format=ip_catalog' from C:/Users/matt/OneDrive/Dokumente/__Master/Vivado/Vitis_HLS/DelayAndSum/DelayAndSum/hls_config.cfg(5)
INFO: [HLS 200-111] Finished File checks and directory preparation: CPU user time: 2 seconds. CPU system time: 1 seconds. Elapsed time: 4.055 seconds; current allocated memory: 230.461 MB.
INFO: [HLS 200-10] Analyzing design file 'CalculateWeights.cpp' ... 
INFO: [HLS 200-10] Analyzing design file 'DelayAndSum.cpp' ... 
INFO: [HLS 200-111] Finished Source Code Analysis and Preprocessing: CPU user time: 1 seconds. CPU system time: 0 seconds. Elapsed time: 33.388 seconds; current allocated memory: 237.570 MB.
INFO: [HLS 200-777] Using interface defaults for 'Vivado' flow target.
INFO: [HLS 200-1995] There were 83,013 instructions in the design after the 'Compile/Link' phase of compilation. See the Design Size Report for more details: C:/Users/matt/OneDrive/Dokumente/__Master/Vivado/Vitis_HLS/DelayAndSum/DelayAndSum/DelayAndSum/hls/syn/report/csynth_design_size.rpt
INFO: [HLS 200-1995] There were 81,885 instructions in the design after the 'Unroll/Inline (step 1)' phase of compilation. See the Design Size Report for more details: C:/Users/matt/OneDrive/Dokumente/__Master/Vivado/Vitis_HLS/DelayAndSum/DelayAndSum/DelayAndSum/hls/syn/report/csynth_design_size.rpt
INFO: [HLS 200-1995] There were 21,459 instructions in the design after the 'Unroll/Inline (step 2)' phase of compilation. See the Design Size Report for more details: C:/Users/matt/OneDrive/Dokumente/__Master/Vivado/Vitis_HLS/DelayAndSum/DelayAndSum/DelayAndSum/hls/syn/report/csynth_design_size.rpt
INFO: [HLS 200-1995] There were 15,737 instructions in the design after the 'Unroll/Inline (step 3)' phase of compilation. See the Design Size Report for more details: C:/Users/matt/OneDrive/Dokumente/__Master/Vivado/Vitis_HLS/DelayAndSum/DelayAndSum/DelayAndSum/hls/syn/report/csynth_design_size.rpt
INFO: [HLS 200-1995] There were 13,965 instructions in the design after the 'Unroll/Inline (step 4)' phase of compilation. See the Design Size Report for more details: C:/Users/matt/OneDrive/Dokumente/__Master/Vivado/Vitis_HLS/DelayAndSum/DelayAndSum/DelayAndSum/hls/syn/report/csynth_design_size.rpt
INFO: [HLS 200-1995] There were 13,741 instructions in the design after the 'Array/Struct (step 1)' phase of compilation. See the Design Size Report for more details: C:/Users/matt/OneDrive/Dokumente/__Master/Vivado/Vitis_HLS/DelayAndSum/DelayAndSum/DelayAndSum/hls/syn/report/csynth_design_size.rpt
INFO: [HLS 200-1995] There were 13,741 instructions in the design after the 'Array/Struct (step 2)' phase of compilation. See the Design Size Report for more details: C:/Users/matt/OneDrive/Dokumente/__Master/Vivado/Vitis_HLS/DelayAndSum/DelayAndSum/DelayAndSum/hls/syn/report/csynth_design_size.rpt
INFO: [HLS 200-1995] There were 13,741 instructions in the design after the 'Array/Struct (step 3)' phase of compilation. See the Design Size Report for more details: C:/Users/matt/OneDrive/Dokumente/__Master/Vivado/Vitis_HLS/DelayAndSum/DelayAndSum/DelayAndSum/hls/syn/report/csynth_design_size.rpt
INFO: [HLS 200-1995] There were 13,741 instructions in the design after the 'Array/Struct (step 4)' phase of compilation. See the Design Size Report for more details: C:/Users/matt/OneDrive/Dokumente/__Master/Vivado/Vitis_HLS/DelayAndSum/DelayAndSum/DelayAndSum/hls/syn/report/csynth_design_size.rpt
INFO: [HLS 200-1995] There were 13,741 instructions in the design after the 'Array/Struct (step 5)' phase of compilation. See the Design Size Report for more details: C:/Users/matt/OneDrive/Dokumente/__Master/Vivado/Vitis_HLS/DelayAndSum/DelayAndSum/DelayAndSum/hls/syn/report/csynth_design_size.rpt
INFO: [HLS 200-1995] There were 13,741 instructions in the design after the 'Performance (step 1)' phase of compilation. See the Design Size Report for more details: C:/Users/matt/OneDrive/Dokumente/__Master/Vivado/Vitis_HLS/DelayAndSum/DelayAndSum/DelayAndSum/hls/syn/report/csynth_design_size.rpt
INFO: [HLS 200-1995] There were 13,345 instructions in the design after the 'Performance (step 2)' phase of compilation. See the Design Size Report for more details: C:/Users/matt/OneDrive/Dokumente/__Master/Vivado/Vitis_HLS/DelayAndSum/DelayAndSum/DelayAndSum/hls/syn/report/csynth_design_size.rpt
INFO: [HLS 200-1995] There were 12,757 instructions in the design after the 'Performance (step 3)' phase of compilation. See the Design Size Report for more details: C:/Users/matt/OneDrive/Dokumente/__Master/Vivado/Vitis_HLS/DelayAndSum/DelayAndSum/DelayAndSum/hls/syn/report/csynth_design_size.rpt
INFO: [HLS 200-1995] There were 12,751 instructions in the design after the 'Performance (step 4)' phase of compilation. See the Design Size Report for more details: C:/Users/matt/OneDrive/Dokumente/__Master/Vivado/Vitis_HLS/DelayAndSum/DelayAndSum/DelayAndSum/hls/syn/report/csynth_design_size.rpt
INFO: [HLS 200-1995] There were 13,955 instructions in the design after the 'HW Transforms (step 1)' phase of compilation. See the Design Size Report for more details: C:/Users/matt/OneDrive/Dokumente/__Master/Vivado/Vitis_HLS/DelayAndSum/DelayAndSum/DelayAndSum/hls/syn/report/csynth_design_size.rpt
INFO: [HLS 200-1995] There were 9,177 instructions in the design after the 'HW Transforms (step 2)' phase of compilation. See the Design Size Report for more details: C:/Users/matt/OneDrive/Dokumente/__Master/Vivado/Vitis_HLS/DelayAndSum/DelayAndSum/DelayAndSum/hls/syn/report/csynth_design_size.rpt
INFO: [HLS 214-291] Loop 'VITIS_LOOP_61_1' is marked as complete unroll implied by the pipeline pragma (C:/Xilinx/Vitis_HLS/2024.1/common/technology/autopilot/etc/hls_cordic_apfixed.h:61:22)
INFO: [HLS 214-186] Unrolling loop 'VITIS_LOOP_61_1' (C:/Xilinx/Vitis_HLS/2024.1/common/technology/autopilot/etc/hls_cordic_apfixed.h:61:22) in function 'cordic_apfixed::cordic_circ_apfixed<43, 3, 0>' completely with a factor of 43 (C:/Xilinx/Vitis_HLS/2024.1/common/technology/autopilot/etc/hls_cordic_apfixed.h:53:0)
WARNING: [HLS 214-189] Pipeline directive for loop 'VITIS_LOOP_61_1' (C:/Xilinx/Vitis_HLS/2024.1/common/technology/autopilot/etc/hls_cordic_apfixed.h:61:22) in function 'cordic_apfixed::cordic_circ_apfixed<43, 3, 0>' has been removed because the loop is unrolled completely (C:/Xilinx/Vitis_HLS/2024.1/common/technology/autopilot/etc/hls_cordic_apfixed.h:53:0)
INFO: [HLS 214-186] Unrolling loop 'VITIS_LOOP_61_1' (C:/Xilinx/Vitis_HLS/2024.1/common/technology/autopilot/etc/hls_cordic_apfixed.h:61:22) in function 'cordic_apfixed::cordic_circ_apfixed<13, 3, 0>' completely with a factor of 13 (C:/Xilinx/Vitis_HLS/2024.1/common/technology/autopilot/etc/hls_cordic_apfixed.h:53:0)
WARNING: [HLS 214-189] Pipeline directive for loop 'VITIS_LOOP_61_1' (C:/Xilinx/Vitis_HLS/2024.1/common/technology/autopilot/etc/hls_cordic_apfixed.h:61:22) in function 'cordic_apfixed::cordic_circ_apfixed<13, 3, 0>' has been removed because the loop is unrolled completely (C:/Xilinx/Vitis_HLS/2024.1/common/technology/autopilot/etc/hls_cordic_apfixed.h:53:0)
INFO: [HLS 214-178] Inlining function 'void cordic_apfixed::circ_range_redux<11, 4, 12>(ap_ufixed<11, 4, (ap_q_mode)5, (ap_o_mode)3, 0>, ap_uint<2>&, ap_ufixed<12, 1, (ap_q_mode)5, (ap_o_mode)3, 0>&)' into 'void cordic_apfixed::generic_sincos<11, 4>(ap_fixed<11, 4, (ap_q_mode)5, (ap_o_mode)3, 0>, ap_fixed<((11) - (4)) + (2), 2, (ap_q_mode)5, (ap_o_mode)3, 0>&, ap_fixed<((11) - (4)) + (2), 2, (ap_q_mode)5, (ap_o_mode)3, 0>&) (.59)' (C:/Xilinx/Vitis_HLS/2024.1/common/technology/autopilot/etc/hls_cordic_apfixed.h:202:0)
INFO: [HLS 214-178] Inlining function 'void cordic_apfixed::generic_sincos<11, 4>(ap_fixed<11, 4, (ap_q_mode)5, (ap_o_mode)3, 0>, ap_fixed<((11) - (4)) + (2), 2, (ap_q_mode)5, (ap_o_mode)3, 0>&, ap_fixed<((11) - (4)) + (2), 2, (ap_q_mode)5, (ap_o_mode)3, 0>&) (.59)' into 'ap_fixed<((11) - (4)) + (2), 2, (ap_q_mode)5, (ap_o_mode)3, 0> hls::cos<11, 4>(ap_fixed<11, 4, (ap_q_mode)5, (ap_o_mode)3, 0>)' (C:/Xilinx/Vitis_HLS/2024.1/common/technology/autopilot\hls_math.h:1941:0)
INFO: [HLS 214-178] Inlining function 'void cordic_apfixed::circ_range_redux<41, 18, 42>(ap_ufixed<41, 18, (ap_q_mode)5, (ap_o_mode)3, 0>, ap_uint<2>&, ap_ufixed<42, 1, (ap_q_mode)5, (ap_o_mode)3, 0>&)' into 'void cordic_apfixed::generic_sincos<41, 18>(ap_fixed<41, 18, (ap_q_mode)5, (ap_o_mode)3, 0>, ap_fixed<((41) - (18)) + (2), 2, (ap_q_mode)5, (ap_o_mode)3, 0>&, ap_fixed<((41) - (18)) + (2), 2, (ap_q_mode)5, (ap_o_mode)3, 0>&) (.43)' (C:/Xilinx/Vitis_HLS/2024.1/common/technology/autopilot/etc/hls_cordic_apfixed.h:202:0)
INFO: [HLS 214-178] Inlining function 'void cordic_apfixed::generic_sincos<41, 18>(ap_fixed<41, 18, (ap_q_mode)5, (ap_o_mode)3, 0>, ap_fixed<((41) - (18)) + (2), 2, (ap_q_mode)5, (ap_o_mode)3, 0>&, ap_fixed<((41) - (18)) + (2), 2, (ap_q_mode)5, (ap_o_mode)3, 0>&) (.43)' into 'ap_fixed<((41) - (18)) + (2), 2, (ap_q_mode)5, (ap_o_mode)3, 0> hls::cos<41, 18>(ap_fixed<41, 18, (ap_q_mode)5, (ap_o_mode)3, 0>)' (C:/Xilinx/Vitis_HLS/2024.1/common/technology/autopilot\hls_math.h:1941:0)
INFO: [HLS 214-178] Inlining function 'void cordic_apfixed::generic_sincos<41, 18>(ap_fixed<41, 18, (ap_q_mode)5, (ap_o_mode)3, 0>, ap_fixed<((41) - (18)) + (2), 2, (ap_q_mode)5, (ap_o_mode)3, 0>&, ap_fixed<((41) - (18)) + (2), 2, (ap_q_mode)5, (ap_o_mode)3, 0>&) (.43)' into 'ap_fixed<((41) - (18)) + (2), 2, (ap_q_mode)5, (ap_o_mode)3, 0> hls::sin<41, 18>(ap_fixed<41, 18, (ap_q_mode)5, (ap_o_mode)3, 0>)' (C:/Xilinx/Vitis_HLS/2024.1/common/technology/autopilot\hls_math.h:1922:0)
INFO: [HLS 214-178] Inlining function 'ap_fixed<((41) - (18)) + (2), 2, (ap_q_mode)5, (ap_o_mode)3, 0> hls::cos<41, 18>(ap_fixed<41, 18, (ap_q_mode)5, (ap_o_mode)3, 0>)' into 'CalculateElement(ap_fixed<11, 4, (ap_q_mode)5, (ap_o_mode)3, 0>, ap_fixed<16, 8, (ap_q_mode)5, (ap_o_mode)3, 0>, ap_fixed<16, 1, (ap_q_mode)5, (ap_o_mode)3, 0>&, ap_fixed<16, 1, (ap_q_mode)5, (ap_o_mode)3, 0>&)' (CalculateWeights.cpp:4:0)
INFO: [HLS 214-178] Inlining function 'ap_fixed<((41) - (18)) + (2), 2, (ap_q_mode)5, (ap_o_mode)3, 0> hls::sin<41, 18>(ap_fixed<41, 18, (ap_q_mode)5, (ap_o_mode)3, 0>)' into 'CalculateElement(ap_fixed<11, 4, (ap_q_mode)5, (ap_o_mode)3, 0>, ap_fixed<16, 8, (ap_q_mode)5, (ap_o_mode)3, 0>, ap_fixed<16, 1, (ap_q_mode)5, (ap_o_mode)3, 0>&, ap_fixed<16, 1, (ap_q_mode)5, (ap_o_mode)3, 0>&)' (CalculateWeights.cpp:4:0)
INFO: [HLS 214-178] Inlining function 'CalculateWeights(ap_fixed<11, 4, (ap_q_mode)5, (ap_o_mode)3, 0>, ap_fixed<16, 8, (ap_q_mode)5, (ap_o_mode)3, 0>, ap_fixed<16, 8, (ap_q_mode)5, (ap_o_mode)3, 0>, ap_fixed<16, 8, (ap_q_mode)5, (ap_o_mode)3, 0>, ap_fixed<16, 8, (ap_q_mode)5, (ap_o_mode)3, 0>, ap_fixed<16, 1, (ap_q_mode)5, (ap_o_mode)3, 0>&, ap_fixed<16, 1, (ap_q_mode)5, (ap_o_mode)3, 0>&, ap_fixed<16, 1, (ap_q_mode)5, (ap_o_mode)3, 0>&, ap_fixed<16, 1, (ap_q_mode)5, (ap_o_mode)3, 0>&, ap_fixed<16, 1, (ap_q_mode)5, (ap_o_mode)3, 0>&, ap_fixed<16, 1, (ap_q_mode)5, (ap_o_mode)3, 0>&, ap_fixed<16, 1, (ap_q_mode)5, (ap_o_mode)3, 0>&, ap_fixed<16, 1, (ap_q_mode)5, (ap_o_mode)3, 0>&)' into 'DelayAndSum(ap_fixed<11, 4, (ap_q_mode)5, (ap_o_mode)3, 0>*, ap_fixed<16, 8, (ap_q_mode)5, (ap_o_mode)3, 0>*, ap_fixed<16, 8, (ap_q_mode)5, (ap_o_mode)3, 0>*, ap_fixed<16, 8, (ap_q_mode)5, (ap_o_mode)3, 0>*, ap_fixed<16, 8, (ap_q_mode)5, (ap_o_mode)3, 0>*, hls::stream<ap_fixed<16, 1, (ap_q_mode)5, (ap_o_mode)3, 0>, 0>&, hls::stream<ap_fixed<16, 1, (ap_q_mode)5, (ap_o_mode)3, 0>, 0>&, hls::stream<ap_fixed<16, 1, (ap_q_mode)5, (ap_o_mode)3, 0>, 0>&, hls::stream<ap_fixed<16, 1, (ap_q_mode)5, (ap_o_mode)3, 0>, 0>&, hls::stream<ap_fixed<16, 1, (ap_q_mode)5, (ap_o_mode)3, 0>, 0>&, hls::stream<ap_fixed<16, 1, (ap_q_mode)5, (ap_o_mode)3, 0>, 0>&, hls::stream<ap_fixed<16, 1, (ap_q_mode)5, (ap_o_mode)3, 0>, 0>&, hls::stream<ap_fixed<16, 1, (ap_q_mode)5, (ap_o_mode)3, 0>, 0>&, hls::stream<ap_fixed<16, 1, (ap_q_mode)5, (ap_o_mode)3, 0>, 0>&, hls::stream<ap_fixed<16, 1, (ap_q_mode)5, (ap_o_mode)3, 0>, 0>&)' (DelayAndSum.cpp:25:0)
INFO: [HLS 214-364] Automatically inlining function 'CalculateElement(ap_fixed<11, 4, (ap_q_mode)5, (ap_o_mode)3, 0>, ap_fixed<16, 8, (ap_q_mode)5, (ap_o_mode)3, 0>, ap_fixed<16, 1, (ap_q_mode)5, (ap_o_mode)3, 0>&, ap_fixed<16, 1, (ap_q_mode)5, (ap_o_mode)3, 0>&)' to improve effectiveness of pipeline pragma in function 'DelayAndSum(ap_fixed<11, 4, (ap_q_mode)5, (ap_o_mode)3, 0>*, ap_fixed<16, 8, (ap_q_mode)5, (ap_o_mode)3, 0>*, ap_fixed<16, 8, (ap_q_mode)5, (ap_o_mode)3, 0>*, ap_fixed<16, 8, (ap_q_mode)5, (ap_o_mode)3, 0>*, ap_fixed<16, 8, (ap_q_mode)5, (ap_o_mode)3, 0>*, hls::stream<ap_fixed<16, 1, (ap_q_mode)5, (ap_o_mode)3, 0>, 0>&, hls::stream<ap_fixed<16, 1, (ap_q_mode)5, (ap_o_mode)3, 0>, 0>&, hls::stream<ap_fixed<16, 1, (ap_q_mode)5, (ap_o_mode)3, 0>, 0>&, hls::stream<ap_fixed<16, 1, (ap_q_mode)5, (ap_o_mode)3, 0>, 0>&, hls::stream<ap_fixed<16, 1, (ap_q_mode)5, (ap_o_mode)3, 0>, 0>&, hls::stream<ap_fixed<16, 1, (ap_q_mode)5, (ap_o_mode)3, 0>, 0>&, hls::stream<ap_fixed<16, 1, (ap_q_mode)5, (ap_o_mode)3, 0>, 0>&, hls::stream<ap_fixed<16, 1, (ap_q_mode)5, (ap_o_mode)3, 0>, 0>&, hls::stream<ap_fixed<16, 1, (ap_q_mode)5, (ap_o_mode)3, 0>, 0>&, hls::stream<ap_fixed<16, 1, (ap_q_mode)5, (ap_o_mode)3, 0>, 0>&)' (CalculateWeights.cpp:37:5)
INFO: [HLS 214-364] Automatically inlining function 'CalculateElement(ap_fixed<11, 4, (ap_q_mode)5, (ap_o_mode)3, 0>, ap_fixed<16, 8, (ap_q_mode)5, (ap_o_mode)3, 0>, ap_fixed<16, 1, (ap_q_mode)5, (ap_o_mode)3, 0>&, ap_fixed<16, 1, (ap_q_mode)5, (ap_o_mode)3, 0>&)' to improve effectiveness of pipeline pragma in function 'DelayAndSum(ap_fixed<11, 4, (ap_q_mode)5, (ap_o_mode)3, 0>*, ap_fixed<16, 8, (ap_q_mode)5, (ap_o_mode)3, 0>*, ap_fixed<16, 8, (ap_q_mode)5, (ap_o_mode)3, 0>*, ap_fixed<16, 8, (ap_q_mode)5, (ap_o_mode)3, 0>*, ap_fixed<16, 8, (ap_q_mode)5, (ap_o_mode)3, 0>*, hls::stream<ap_fixed<16, 1, (ap_q_mode)5, (ap_o_mode)3, 0>, 0>&, hls::stream<ap_fixed<16, 1, (ap_q_mode)5, (ap_o_mode)3, 0>, 0>&, hls::stream<ap_fixed<16, 1, (ap_q_mode)5, (ap_o_mode)3, 0>, 0>&, hls::stream<ap_fixed<16, 1, (ap_q_mode)5, (ap_o_mode)3, 0>, 0>&, hls::stream<ap_fixed<16, 1, (ap_q_mode)5, (ap_o_mode)3, 0>, 0>&, hls::stream<ap_fixed<16, 1, (ap_q_mode)5, (ap_o_mode)3, 0>, 0>&, hls::stream<ap_fixed<16, 1, (ap_q_mode)5, (ap_o_mode)3, 0>, 0>&, hls::stream<ap_fixed<16, 1, (ap_q_mode)5, (ap_o_mode)3, 0>, 0>&, hls::stream<ap_fixed<16, 1, (ap_q_mode)5, (ap_o_mode)3, 0>, 0>&, hls::stream<ap_fixed<16, 1, (ap_q_mode)5, (ap_o_mode)3, 0>, 0>&)' (CalculateWeights.cpp:38:5)
INFO: [HLS 214-364] Automatically inlining function 'CalculateElement(ap_fixed<11, 4, (ap_q_mode)5, (ap_o_mode)3, 0>, ap_fixed<16, 8, (ap_q_mode)5, (ap_o_mode)3, 0>, ap_fixed<16, 1, (ap_q_mode)5, (ap_o_mode)3, 0>&, ap_fixed<16, 1, (ap_q_mode)5, (ap_o_mode)3, 0>&)' to improve effectiveness of pipeline pragma in function 'DelayAndSum(ap_fixed<11, 4, (ap_q_mode)5, (ap_o_mode)3, 0>*, ap_fixed<16, 8, (ap_q_mode)5, (ap_o_mode)3, 0>*, ap_fixed<16, 8, (ap_q_mode)5, (ap_o_mode)3, 0>*, ap_fixed<16, 8, (ap_q_mode)5, (ap_o_mode)3, 0>*, ap_fixed<16, 8, (ap_q_mode)5, (ap_o_mode)3, 0>*, hls::stream<ap_fixed<16, 1, (ap_q_mode)5, (ap_o_mode)3, 0>, 0>&, hls::stream<ap_fixed<16, 1, (ap_q_mode)5, (ap_o_mode)3, 0>, 0>&, hls::stream<ap_fixed<16, 1, (ap_q_mode)5, (ap_o_mode)3, 0>, 0>&, hls::stream<ap_fixed<16, 1, (ap_q_mode)5, (ap_o_mode)3, 0>, 0>&, hls::stream<ap_fixed<16, 1, (ap_q_mode)5, (ap_o_mode)3, 0>, 0>&, hls::stream<ap_fixed<16, 1, (ap_q_mode)5, (ap_o_mode)3, 0>, 0>&, hls::stream<ap_fixed<16, 1, (ap_q_mode)5, (ap_o_mode)3, 0>, 0>&, hls::stream<ap_fixed<16, 1, (ap_q_mode)5, (ap_o_mode)3, 0>, 0>&, hls::stream<ap_fixed<16, 1, (ap_q_mode)5, (ap_o_mode)3, 0>, 0>&, hls::stream<ap_fixed<16, 1, (ap_q_mode)5, (ap_o_mode)3, 0>, 0>&)' (CalculateWeights.cpp:39:5)
INFO: [HLS 214-364] Automatically inlining function 'CalculateElement(ap_fixed<11, 4, (ap_q_mode)5, (ap_o_mode)3, 0>, ap_fixed<16, 8, (ap_q_mode)5, (ap_o_mode)3, 0>, ap_fixed<16, 1, (ap_q_mode)5, (ap_o_mode)3, 0>&, ap_fixed<16, 1, (ap_q_mode)5, (ap_o_mode)3, 0>&)' to improve effectiveness of pipeline pragma in function 'DelayAndSum(ap_fixed<11, 4, (ap_q_mode)5, (ap_o_mode)3, 0>*, ap_fixed<16, 8, (ap_q_mode)5, (ap_o_mode)3, 0>*, ap_fixed<16, 8, (ap_q_mode)5, (ap_o_mode)3, 0>*, ap_fixed<16, 8, (ap_q_mode)5, (ap_o_mode)3, 0>*, ap_fixed<16, 8, (ap_q_mode)5, (ap_o_mode)3, 0>*, hls::stream<ap_fixed<16, 1, (ap_q_mode)5, (ap_o_mode)3, 0>, 0>&, hls::stream<ap_fixed<16, 1, (ap_q_mode)5, (ap_o_mode)3, 0>, 0>&, hls::stream<ap_fixed<16, 1, (ap_q_mode)5, (ap_o_mode)3, 0>, 0>&, hls::stream<ap_fixed<16, 1, (ap_q_mode)5, (ap_o_mode)3, 0>, 0>&, hls::stream<ap_fixed<16, 1, (ap_q_mode)5, (ap_o_mode)3, 0>, 0>&, hls::stream<ap_fixed<16, 1, (ap_q_mode)5, (ap_o_mode)3, 0>, 0>&, hls::stream<ap_fixed<16, 1, (ap_q_mode)5, (ap_o_mode)3, 0>, 0>&, hls::stream<ap_fixed<16, 1, (ap_q_mode)5, (ap_o_mode)3, 0>, 0>&, hls::stream<ap_fixed<16, 1, (ap_q_mode)5, (ap_o_mode)3, 0>, 0>&, hls::stream<ap_fixed<16, 1, (ap_q_mode)5, (ap_o_mode)3, 0>, 0>&)' (CalculateWeights.cpp:40:5)
INFO: [HLS 214-364] Automatically inlining function 'ap_fixed<((11) - (4)) + (2), 2, (ap_q_mode)5, (ap_o_mode)3, 0> hls::cos<11, 4>(ap_fixed<11, 4, (ap_q_mode)5, (ap_o_mode)3, 0>)' to improve effectiveness of pipeline pragma in function 'DelayAndSum(ap_fixed<11, 4, (ap_q_mode)5, (ap_o_mode)3, 0>*, ap_fixed<16, 8, (ap_q_mode)5, (ap_o_mode)3, 0>*, ap_fixed<16, 8, (ap_q_mode)5, (ap_o_mode)3, 0>*, ap_fixed<16, 8, (ap_q_mode)5, (ap_o_mode)3, 0>*, ap_fixed<16, 8, (ap_q_mode)5, (ap_o_mode)3, 0>*, hls::stream<ap_fixed<16, 1, (ap_q_mode)5, (ap_o_mode)3, 0>, 0>&, hls::stream<ap_fixed<16, 1, (ap_q_mode)5, (ap_o_mode)3, 0>, 0>&, hls::stream<ap_fixed<16, 1, (ap_q_mode)5, (ap_o_mode)3, 0>, 0>&, hls::stream<ap_fixed<16, 1, (ap_q_mode)5, (ap_o_mode)3, 0>, 0>&, hls::stream<ap_fixed<16, 1, (ap_q_mode)5, (ap_o_mode)3, 0>, 0>&, hls::stream<ap_fixed<16, 1, (ap_q_mode)5, (ap_o_mode)3, 0>, 0>&, hls::stream<ap_fixed<16, 1, (ap_q_mode)5, (ap_o_mode)3, 0>, 0>&, hls::stream<ap_fixed<16, 1, (ap_q_mode)5, (ap_o_mode)3, 0>, 0>&, hls::stream<ap_fixed<16, 1, (ap_q_mode)5, (ap_o_mode)3, 0>, 0>&, hls::stream<ap_fixed<16, 1, (ap_q_mode)5, (ap_o_mode)3, 0>, 0>&)' (CalculateWeights.cpp:13:25)
INFO: [HLS 214-364] Automatically inlining function 'void cordic_apfixed::cordic_circ_apfixed<43, 3, 0>(ap_fixed<43, 3, (ap_q_mode)5, (ap_o_mode)3, 0>&, ap_fixed<43, 3, (ap_q_mode)5, (ap_o_mode)3, 0>&, ap_fixed<43, 3, (ap_q_mode)5, (ap_o_mode)3, 0>&)' to improve effectiveness of pipeline pragma in function 'DelayAndSum(ap_fixed<11, 4, (ap_q_mode)5, (ap_o_mode)3, 0>*, ap_fixed<16, 8, (ap_q_mode)5, (ap_o_mode)3, 0>*, ap_fixed<16, 8, (ap_q_mode)5, (ap_o_mode)3, 0>*, ap_fixed<16, 8, (ap_q_mode)5, (ap_o_mode)3, 0>*, ap_fixed<16, 8, (ap_q_mode)5, (ap_o_mode)3, 0>*, hls::stream<ap_fixed<16, 1, (ap_q_mode)5, (ap_o_mode)3, 0>, 0>&, hls::stream<ap_fixed<16, 1, (ap_q_mode)5, (ap_o_mode)3, 0>, 0>&, hls::stream<ap_fixed<16, 1, (ap_q_mode)5, (ap_o_mode)3, 0>, 0>&, hls::stream<ap_fixed<16, 1, (ap_q_mode)5, (ap_o_mode)3, 0>, 0>&, hls::stream<ap_fixed<16, 1, (ap_q_mode)5, (ap_o_mode)3, 0>, 0>&, hls::stream<ap_fixed<16, 1, (ap_q_mode)5, (ap_o_mode)3, 0>, 0>&, hls::stream<ap_fixed<16, 1, (ap_q_mode)5, (ap_o_mode)3, 0>, 0>&, hls::stream<ap_fixed<16, 1, (ap_q_mode)5, (ap_o_mode)3, 0>, 0>&, hls::stream<ap_fixed<16, 1, (ap_q_mode)5, (ap_o_mode)3, 0>, 0>&, hls::stream<ap_fixed<16, 1, (ap_q_mode)5, (ap_o_mode)3, 0>, 0>&)' (C:/Xilinx/Vitis_HLS/2024.1/common/technology/autopilot/etc/hls_cordic_apfixed.h:240:5)
INFO: [HLS 214-364] Automatically inlining function 'ap_fixed<((11) - (4)) + (2), 2, (ap_q_mode)5, (ap_o_mode)3, 0> hls::cos<11, 4>(ap_fixed<11, 4, (ap_q_mode)5, (ap_o_mode)3, 0>)' to improve effectiveness of pipeline pragma in function 'DelayAndSum(ap_fixed<11, 4, (ap_q_mode)5, (ap_o_mode)3, 0>*, ap_fixed<16, 8, (ap_q_mode)5, (ap_o_mode)3, 0>*, ap_fixed<16, 8, (ap_q_mode)5, (ap_o_mode)3, 0>*, ap_fixed<16, 8, (ap_q_mode)5, (ap_o_mode)3, 0>*, ap_fixed<16, 8, (ap_q_mode)5, (ap_o_mode)3, 0>*, hls::stream<ap_fixed<16, 1, (ap_q_mode)5, (ap_o_mode)3, 0>, 0>&, hls::stream<ap_fixed<16, 1, (ap_q_mode)5, (ap_o_mode)3, 0>, 0>&, hls::stream<ap_fixed<16, 1, (ap_q_mode)5, (ap_o_mode)3, 0>, 0>&, hls::stream<ap_fixed<16, 1, (ap_q_mode)5, (ap_o_mode)3, 0>, 0>&, hls::stream<ap_fixed<16, 1, (ap_q_mode)5, (ap_o_mode)3, 0>, 0>&, hls::stream<ap_fixed<16, 1, (ap_q_mode)5, (ap_o_mode)3, 0>, 0>&, hls::stream<ap_fixed<16, 1, (ap_q_mode)5, (ap_o_mode)3, 0>, 0>&, hls::stream<ap_fixed<16, 1, (ap_q_mode)5, (ap_o_mode)3, 0>, 0>&, hls::stream<ap_fixed<16, 1, (ap_q_mode)5, (ap_o_mode)3, 0>, 0>&, hls::stream<ap_fixed<16, 1, (ap_q_mode)5, (ap_o_mode)3, 0>, 0>&)' (CalculateWeights.cpp:14:25)
INFO: [HLS 214-364] Automatically inlining function 'void cordic_apfixed::cordic_circ_apfixed<13, 3, 0>(ap_fixed<13, 3, (ap_q_mode)5, (ap_o_mode)3, 0>&, ap_fixed<13, 3, (ap_q_mode)5, (ap_o_mode)3, 0>&, ap_fixed<13, 3, (ap_q_mode)5, (ap_o_mode)3, 0>&)' to improve effectiveness of pipeline pragma in function 'DelayAndSum(ap_fixed<11, 4, (ap_q_mode)5, (ap_o_mode)3, 0>*, ap_fixed<16, 8, (ap_q_mode)5, (ap_o_mode)3, 0>*, ap_fixed<16, 8, (ap_q_mode)5, (ap_o_mode)3, 0>*, ap_fixed<16, 8, (ap_q_mode)5, (ap_o_mode)3, 0>*, ap_fixed<16, 8, (ap_q_mode)5, (ap_o_mode)3, 0>*, hls::stream<ap_fixed<16, 1, (ap_q_mode)5, (ap_o_mode)3, 0>, 0>&, hls::stream<ap_fixed<16, 1, (ap_q_mode)5, (ap_o_mode)3, 0>, 0>&, hls::stream<ap_fixed<16, 1, (ap_q_mode)5, (ap_o_mode)3, 0>, 0>&, hls::stream<ap_fixed<16, 1, (ap_q_mode)5, (ap_o_mode)3, 0>, 0>&, hls::stream<ap_fixed<16, 1, (ap_q_mode)5, (ap_o_mode)3, 0>, 0>&, hls::stream<ap_fixed<16, 1, (ap_q_mode)5, (ap_o_mode)3, 0>, 0>&, hls::stream<ap_fixed<16, 1, (ap_q_mode)5, (ap_o_mode)3, 0>, 0>&, hls::stream<ap_fixed<16, 1, (ap_q_mode)5, (ap_o_mode)3, 0>, 0>&, hls::stream<ap_fixed<16, 1, (ap_q_mode)5, (ap_o_mode)3, 0>, 0>&, hls::stream<ap_fixed<16, 1, (ap_q_mode)5, (ap_o_mode)3, 0>, 0>&)' (C:/Xilinx/Vitis_HLS/2024.1/common/technology/autopilot/etc/hls_cordic_apfixed.h:240:5)
INFO: [HLS 200-111] Finished Compiling Optimization and Transform: CPU user time: 0 seconds. CPU system time: 0 seconds. Elapsed time: 14.305 seconds; current allocated memory: 239.133 MB.
INFO: [HLS 200-111] Finished Checking Pragmas: CPU user time: 0 seconds. CPU system time: 0 seconds. Elapsed time: 0.009 seconds; current allocated memory: 239.141 MB.
INFO: [HLS 200-10] Starting code transformations ...
INFO: [HLS 200-111] Finished Standard Transforms: CPU user time: 0 seconds. CPU system time: 0 seconds. Elapsed time: 0.264 seconds; current allocated memory: 260.715 MB.
INFO: [HLS 200-10] Checking synthesizability ...
INFO: [HLS 200-111] Finished Checking Synthesizability: CPU user time: 0 seconds. CPU system time: 0 seconds. Elapsed time: 0.356 seconds; current allocated memory: 270.637 MB.
INFO: [XFORM 203-401] Performing if-conversion on hyperblock from (DelayAndSum.cpp:49:9) to (DelayAndSum.cpp:92:1) in function 'DelayAndSum'... converting 1329 basic blocks.
INFO: [HLS 200-111] Finished Loop, function and other optimizations: CPU user time: 2 seconds. CPU system time: 0 seconds. Elapsed time: 1.948 seconds; current allocated memory: 329.969 MB.
INFO: [HLS 200-111] Finished Architecture Synthesis: CPU user time: 0 seconds. CPU system time: 0 seconds. Elapsed time: 0.94 seconds; current allocated memory: 329.969 MB.
INFO: [HLS 200-10] Starting hardware synthesis ...
INFO: [HLS 200-10] Synthesizing 'DelayAndSum' ...
INFO: [HLS 200-10] ----------------------------------------------------------------
INFO: [HLS 200-42] -- Implementing module 'DelayAndSum' 
INFO: [HLS 200-10] ----------------------------------------------------------------
INFO: [SCHED 204-11] Starting scheduling ...
INFO: [HLS 200-486] Changing DSP latency (root=sub_ln91) to 3 in order to utilize available DSP registers.
INFO: [HLS 200-486] Changing DSP latency (root=add_ln91) to 3 in order to utilize available DSP registers.
INFO: [HLS 200-486] Changing DSP latency (root=sub_ln90) to 3 in order to utilize available DSP registers.
INFO: [HLS 200-486] Changing DSP latency (root=add_ln90) to 3 in order to utilize available DSP registers.
INFO: [HLS 200-486] Changing DSP latency (root=sub_ln89) to 3 in order to utilize available DSP registers.
INFO: [HLS 200-486] Changing DSP latency (root=add_ln89) to 3 in order to utilize available DSP registers.
INFO: [HLS 200-486] Changing DSP latency (root=sub_ln88) to 3 in order to utilize available DSP registers.
INFO: [HLS 200-486] Changing DSP latency (root=add_ln86_1) to 3 in order to utilize available DSP registers.
INFO: [HLS 200-486] Changing DSP latency (root=add_ln86) to 3 in order to utilize available DSP registers.
INFO: [HLS 200-486] Changing DSP latency (root=add_ln85_1) to 3 in order to utilize available DSP registers.
INFO: [HLS 200-486] Changing DSP latency (root=add_ln85) to 3 in order to utilize available DSP registers.
INFO: [HLS 200-486] Changing DSP latency (root=add_ln84_1) to 3 in order to utilize available DSP registers.
INFO: [HLS 200-486] Changing DSP latency (root=add_ln84) to 3 in order to utilize available DSP registers.
INFO: [HLS 200-486] Changing DSP latency (root=add_ln83_5) to 3 in order to utilize available DSP registers.
INFO: [HLS 200-486] Changing DSP latency (root=add_ln42) to 3 in order to utilize available DSP registers.
INFO: [SCHED 204-61] Pipelining function 'DelayAndSum'.
INFO: [HLS 200-1470] Pipelining result : Target II = 1, Final II = 1, Depth = 47, function 'DelayAndSum'
INFO: [SCHED 204-11] Finished scheduling.
INFO: [HLS 200-111] Finished Scheduling: CPU user time: 4 seconds. CPU system time: 0 seconds. Elapsed time: 5.386 seconds; current allocated memory: 402.895 MB.
INFO: [BIND 205-100] Starting micro-architecture generation ...
INFO: [BIND 205-101] Performing variable lifetime analysis.
INFO: [BIND 205-101] Exploring resource sharing.
INFO: [BIND 205-101] Binding ...
INFO: [BIND 205-100] Finished micro-architecture generation.
INFO: [HLS 200-111] Finished Binding: CPU user time: 0 seconds. CPU system time: 0 seconds. Elapsed time: 1.638 seconds; current allocated memory: 402.895 MB.
INFO: [HLS 200-10] ----------------------------------------------------------------
INFO: [HLS 200-10] -- Generating RTL for module 'DelayAndSum' 
INFO: [HLS 200-10] ----------------------------------------------------------------
WARNING: [RTGEN 206-101] Design contains AXI ports. Reset is fixed to synchronous and active low.
INFO: [RTGEN 206-500] Setting interface mode on port 'DelayAndSum/phi' to 's_axilite & ap_none'.
INFO: [RTGEN 206-500] Setting interface mode on port 'DelayAndSum/xpos1' to 's_axilite & ap_none'.
INFO: [RTGEN 206-500] Setting interface mode on port 'DelayAndSum/xpos2' to 's_axilite & ap_none'.
INFO: [RTGEN 206-500] Setting interface mode on port 'DelayAndSum/xpos3' to 's_axilite & ap_none'.
INFO: [RTGEN 206-500] Setting interface mode on port 'DelayAndSum/xpos4' to 's_axilite & ap_none'.
INFO: [RTGEN 206-500] Setting interface mode on port 'DelayAndSum/in1_real' to 'axis' (register, both mode).
INFO: [RTGEN 206-500] Setting interface mode on port 'DelayAndSum/in1_imag' to 'axis' (register, both mode).
INFO: [RTGEN 206-500] Setting interface mode on port 'DelayAndSum/in2_real' to 'axis' (register, both mode).
INFO: [RTGEN 206-500] Setting interface mode on port 'DelayAndSum/in2_imag' to 'axis' (register, both mode).
INFO: [RTGEN 206-500] Setting interface mode on port 'DelayAndSum/in3_real' to 'axis' (register, both mode).
INFO: [RTGEN 206-500] Setting interface mode on port 'DelayAndSum/in3_imag' to 'axis' (register, both mode).
INFO: [RTGEN 206-500] Setting interface mode on port 'DelayAndSum/in4_real' to 'axis' (register, both mode).
INFO: [RTGEN 206-500] Setting interface mode on port 'DelayAndSum/in4_imag' to 'axis' (register, both mode).
INFO: [RTGEN 206-500] Setting interface mode on port 'DelayAndSum/out_real' to 'axis' (register, both mode).
INFO: [RTGEN 206-500] Setting interface mode on port 'DelayAndSum/out_imag' to 'axis' (register, both mode).
INFO: [RTGEN 206-500] Setting interface mode on function 'DelayAndSum' to 'ap_ctrl_hs'.
INFO: [HLS 200-1030] Apply Unified Pipeline Control on module 'DelayAndSum' pipeline 'DelayAndSum' pipeline type 'function pipeline'
INFO: [RTGEN 206-100] Bundling port 'phi', 'xpos1', 'xpos2', 'xpos3' and 'xpos4' to AXI-Lite port control.
INFO: [HLS 200-1552] Enabling free running pipeline (frp) architecture on pipeline 'DelayAndSum' in module 'DelayAndSum'. Estimated max control fanout for pipeline is 21738.
INFO: [RTGEN 206-104] Estimated max fanout for 'DelayAndSum' is 20053 from HDL expression: (1'b0 == ap_block_pp0_stage0_11001)
INFO: [RTGEN 206-100] Generating core module 'mac_muladd_11ns_4ns_13ns_13_4_1': 1 instance(s).
INFO: [RTGEN 206-100] Generating core module 'mac_muladd_16s_16s_31ns_31_4_1': 9 instance(s).
INFO: [RTGEN 206-100] Generating core module 'mac_muladd_16s_16s_31s_31_4_1': 1 instance(s).
INFO: [RTGEN 206-100] Generating core module 'mac_mulsub_16s_16s_31ns_31_4_1': 3 instance(s).
INFO: [RTGEN 206-100] Generating core module 'mac_mulsub_16s_16s_31s_31_4_1': 1 instance(s).
INFO: [RTGEN 206-100] Generating core module 'mul_11ns_17ns_27_1_1': 1 instance(s).
INFO: [RTGEN 206-100] Generating core module 'mul_16s_16s_31_1_1': 2 instance(s).
INFO: [RTGEN 206-100] Generating core module 'mul_20s_16s_35_1_1': 4 instance(s).
INFO: [RTGEN 206-100] Generating core module 'mul_33ns_61ns_92_2_1': 4 instance(s).
INFO: [RTGEN 206-100] Generating core module 'mul_9ns_42ns_43_1_1': 4 instance(s).
INFO: [RTGEN 206-100] Generating core module 'mul_9s_11ns_20_1_1': 1 instance(s).
INFO: [RTGEN 206-100] Generating core module 'sparsemux_9_3_25_1_1': 8 instance(s).
INFO: [RTGEN 206-100] Generating core module 'sparsemux_9_3_9_1_1': 1 instance(s).
INFO: [RTGEN 206-100] Finished creating RTL model for 'DelayAndSum'.
INFO: [HLS 200-111] Finished Creating RTL model: CPU user time: 1 seconds. CPU system time: 0 seconds. Elapsed time: 2.805 seconds; current allocated memory: 402.895 MB.
INFO: [HLS 200-111] Finished Generating all RTL models: CPU user time: 2 seconds. CPU system time: 3 seconds. Elapsed time: 9.276 seconds; current allocated memory: 422.559 MB.
INFO: [HLS 200-111] Finished Updating report files: CPU user time: 1 seconds. CPU system time: 1 seconds. Elapsed time: 2.379 seconds; current allocated memory: 441.973 MB.
INFO: [VHDL 208-304] Generating VHDL RTL for DelayAndSum.
INFO: [VLOG 209-307] Generating Verilog RTL for DelayAndSum.
INFO: [HLS 200-789] **** Estimated Fmax: 276.80 MHz
INFO: [HLS 200-112] Total CPU user time: 13 seconds. Total CPU system time: 5 seconds. Total elapsed time: 78.868 seconds; peak allocated memory: 441.973 MB.
INFO: [v++ 60-791] Total elapsed time: 0h 1m 23s
