INFO: [vitis-run 60-1548] Creating build summary session with primary output C:/Users/matt/OneDrive/Dokumente/__Master/Vivado/Vitis_HLS/DelayAndSum/DelayAndSum/DelayAndSum\DelayAndSum.hlsrun_csim_summary, at 02/10/25 22:17:32
INFO: [vitis-run 82-31] Launching vitis_hls: vitis_hls -nolog -run csim -work_dir C:/Users/matt/OneDrive/Dokumente/__Master/Vivado/Vitis_HLS/DelayAndSum/DelayAndSum/DelayAndSum -config C:/Users/matt/OneDrive/Dokumente/__Master/Vivado/Vitis_HLS/DelayAndSum/DelayAndSum/hls_config.cfg -cmdlineconfig C:/Users/matt/OneDrive/Dokumente/__Master/Vivado/Vitis_HLS/DelayAndSum/DelayAndSum/DelayAndSum/hls/config.cmdline
INFO: [HLS 200-10] For user 'matt' on host 'laptop-matt' (Windows NT_amd64 version 10.0) on Mon Feb 10 22:17:34 +0100 2025
INFO: [HLS 200-10] In directory 'C:/Users/matt/OneDrive/Dokumente/__Master/Vivado/Vitis_HLS/DelayAndSum/DelayAndSum'
INFO: [HLS 200-2005] Using work_dir C:/Users/matt/OneDrive/Dokumente/__Master/Vivado/Vitis_HLS/DelayAndSum/DelayAndSum/DelayAndSum 
INFO: [HLS 200-1505] Using default flow_target 'vivado'
Resolution: For help on HLS 200-1505 see docs.xilinx.com/access/sources/dita/topic?Doc_Version=2024.1%20English&url=ug1448-hls-guidance&resourceid=200-1505.html
INFO: [HLS 200-1465] Applying ini 'syn.file=DelayAndSum.cpp' from C:/Users/matt/OneDrive/Dokumente/__Master/Vivado/Vitis_HLS/DelayAndSum/DelayAndSum/hls_config.cfg(17)
INFO: [HLS 200-10] Adding design file 'C:/Users/matt/OneDrive/Dokumente/__Master/Vivado/Vitis_HLS/DelayAndSum/DelayAndSum/DelayAndSum.cpp' to the project
INFO: [HLS 200-1465] Applying ini 'syn.file=DelayAndSum.hpp' from C:/Users/matt/OneDrive/Dokumente/__Master/Vivado/Vitis_HLS/DelayAndSum/DelayAndSum/hls_config.cfg(18)
INFO: [HLS 200-10] Adding design file 'C:/Users/matt/OneDrive/Dokumente/__Master/Vivado/Vitis_HLS/DelayAndSum/DelayAndSum/DelayAndSum.hpp' to the project
INFO: [HLS 200-1465] Applying ini 'syn.file=CalculateWeights.cpp' from C:/Users/matt/OneDrive/Dokumente/__Master/Vivado/Vitis_HLS/DelayAndSum/DelayAndSum/hls_config.cfg(19)
INFO: [HLS 200-10] Adding design file 'C:/Users/matt/OneDrive/Dokumente/__Master/Vivado/Vitis_HLS/DelayAndSum/DelayAndSum/CalculateWeights.cpp' to the project
INFO: [HLS 200-1465] Applying ini 'syn.file=CalculateWeights.hpp' from C:/Users/matt/OneDrive/Dokumente/__Master/Vivado/Vitis_HLS/DelayAndSum/DelayAndSum/hls_config.cfg(20)
INFO: [HLS 200-10] Adding design file 'C:/Users/matt/OneDrive/Dokumente/__Master/Vivado/Vitis_HLS/DelayAndSum/DelayAndSum/CalculateWeights.hpp' to the project
INFO: [HLS 200-1465] Applying ini 'tb.file=DelayAndSumTB.cpp' from C:/Users/matt/OneDrive/Dokumente/__Master/Vivado/Vitis_HLS/DelayAndSum/DelayAndSum/hls_config.cfg(12)
INFO: [HLS 200-10] Adding test bench file 'C:/Users/matt/OneDrive/Dokumente/__Master/Vivado/Vitis_HLS/DelayAndSum/DelayAndSum/DelayAndSumTB.cpp' to the project
INFO: [HLS 200-1465] Applying ini 'tb.file=TestData.hpp' from C:/Users/matt/OneDrive/Dokumente/__Master/Vivado/Vitis_HLS/DelayAndSum/DelayAndSum/hls_config.cfg(13)
INFO: [HLS 200-10] Adding test bench file 'C:/Users/matt/OneDrive/Dokumente/__Master/Vivado/Vitis_HLS/DelayAndSum/DelayAndSum/TestData.hpp' to the project
INFO: [HLS 200-1465] Applying ini 'tb.cflags=-DALLOW_EMPTY_HLS_STREAM_READS' from C:/Users/matt/OneDrive/Dokumente/__Master/Vivado/Vitis_HLS/DelayAndSum/DelayAndSum/hls_config.cfg(24)
INFO: [HLS 200-1465] Applying ini 'syn.top=DelayAndSum' from C:/Users/matt/OneDrive/Dokumente/__Master/Vivado/Vitis_HLS/DelayAndSum/DelayAndSum/hls_config.cfg(11)
INFO: [HLS 200-1465] Applying ini 'flow_target=vivado' from C:/Users/matt/OneDrive/Dokumente/__Master/Vivado/Vitis_HLS/DelayAndSum/DelayAndSum/hls_config.cfg(4)
INFO: [HLS 200-1505] Using flow_target 'vivado'
Resolution: For help on HLS 200-1505 see docs.xilinx.com/access/sources/dita/topic?Doc_Version=2024.1%20English&url=ug1448-hls-guidance&resourceid=200-1505.html
INFO: [HLS 200-1465] Applying ini 'part=xczu48dr-ffvg1517-2-e' from C:/Users/matt/OneDrive/Dokumente/__Master/Vivado/Vitis_HLS/DelayAndSum/DelayAndSum/hls_config.cfg(1)
INFO: [HLS 200-1611] Setting target device to 'xczu48dr-ffvg1517-2-e'
INFO: [HLS 200-1465] Applying ini 'clock=200MHz' from C:/Users/matt/OneDrive/Dokumente/__Master/Vivado/Vitis_HLS/DelayAndSum/DelayAndSum/hls_config.cfg(7)
INFO: [SYN 201-201] Setting up clock 'default' with a period of 5ns.
INFO: [HLS 200-1465] Applying ini 'cosim.rtl=verilog' from C:/Users/matt/OneDrive/Dokumente/__Master/Vivado/Vitis_HLS/DelayAndSum/DelayAndSum/hls_config.cfg(26)
INFO: [HLS 200-1465] Applying ini 'cosim.trace_level=port' from C:/Users/matt/OneDrive/Dokumente/__Master/Vivado/Vitis_HLS/DelayAndSum/DelayAndSum/hls_config.cfg(23)
INFO: [HLS 200-1465] Applying ini 'cosim.wave_debug=1' from C:/Users/matt/OneDrive/Dokumente/__Master/Vivado/Vitis_HLS/DelayAndSum/DelayAndSum/hls_config.cfg(25)
INFO: [HLS 200-1465] Applying ini 'csim.code_analyzer=0' from C:/Users/matt/OneDrive/Dokumente/__Master/Vivado/Vitis_HLS/DelayAndSum/DelayAndSum/hls_config.cfg(9)
INFO: [HLS 200-1465] Applying ini 'csim.sanitize_address=0' from C:/Users/matt/OneDrive/Dokumente/__Master/Vivado/Vitis_HLS/DelayAndSum/DelayAndSum/hls_config.cfg(10)
INFO: [HLS 200-1465] Applying ini 'csim.sanitize_undefined=0' from C:/Users/matt/OneDrive/Dokumente/__Master/Vivado/Vitis_HLS/DelayAndSum/DelayAndSum/hls_config.cfg(8)
INFO: [HLS 200-1465] Applying ini 'package.ip.description=4 channel delay and sum beamformer' from C:/Users/matt/OneDrive/Dokumente/__Master/Vivado/Vitis_HLS/DelayAndSum/DelayAndSum/hls_config.cfg(16)
INFO: [HLS 200-1465] Applying ini 'package.ip.display_name=DelayAndSum' from C:/Users/matt/OneDrive/Dokumente/__Master/Vivado/Vitis_HLS/DelayAndSum/DelayAndSum/hls_config.cfg(15)
INFO: [HLS 200-1465] Applying ini 'package.ip.vendor=othr' from C:/Users/matt/OneDrive/Dokumente/__Master/Vivado/Vitis_HLS/DelayAndSum/DelayAndSum/hls_config.cfg(22)
INFO: [HLS 200-1465] Applying ini 'package.output.file=C:\Users\matt\OneDrive\Dokumente\__Master\Vivado\Vitis_HLS\DelayAndSum\DelayAndSum\DelayAndSum\DelayAndSum.zip' from C:/Users/matt/OneDrive/Dokumente/__Master/Vivado/Vitis_HLS/DelayAndSum/DelayAndSum/hls_config.cfg(14)
INFO: [HLS 200-1465] Applying ini 'package.output.format=ip_catalog' from C:/Users/matt/OneDrive/Dokumente/__Master/Vivado/Vitis_HLS/DelayAndSum/DelayAndSum/hls_config.cfg(5)
INFO: [HLS 200-1465] Applying ini 'vivado.rtl=vhdl' from C:/Users/matt/OneDrive/Dokumente/__Master/Vivado/Vitis_HLS/DelayAndSum/DelayAndSum/hls_config.cfg(21)
INFO: [SIM 211-2] *************** CSIM start ***************
INFO: [SIM 211-4] CSIM will launch CLANG as the compiler.
INFO: [HLS 200-2036] Building debug C Simulation binaries
   Compiling ../../../../DelayAndSumTB.cpp in debug mode
   Compiling ../../../../CalculateWeights.cpp in debug mode
   Compiling ../../../../DelayAndSum.cpp in debug mode
csim.mk:100: recipe for target 'obj/DelayAndSum.o' failed
In file included from ../../../../DelayAndSumTB.cpp:2:
In file included from ../../../../DelayAndSum.hpp:5:
In file included from C:/Xilinx/Vitis_HLS/2024.1/include/ap_int.h:10:
In file included from C:/Xilinx/Vitis_HLS/2024.1/include/etc/ap_common.h:658:
In file included from C:/Xilinx/Vitis_HLS/2024.1/include/etc/ap_private.h:68:
In file included from C:/Xilinx/Vitis_HLS/2024.1/include/hls_half.h:26:
In file included from C:/Xilinx/Vitis_HLS/2024.1/include/etc/hls_half_fpo.h:19:
In file included from C:/Xilinx/Vitis_HLS/2024.1/include/hls_fpo.h:140:
In file included from C:/Xilinx/Vitis_HLS/2024.1/include/floating_point_v7_1_bitacc_cmodel.h:150:
C:/Xilinx/Vitis_HLS/2024.1/include/gmp.h:58:9: warning: '__GMP_LIBGMP_DLL' macro redefined [-Wmacro-redefined]
#define __GMP_LIBGMP_DLL  0
        ^
C:/Xilinx/Vitis_HLS/2024.1/include/floating_point_v7_1_bitacc_cmodel.h:142:9: note: previous definition is here
#define __GMP_LIBGMP_DLL 1
        ^
1 warning generated.
In file included from ../../../../CalculateWeights.cpp:1:
In file included from C:/Xilinx/Vitis_HLS/2024.1/include/hls_math.h:27:
In file included from C:/Xilinx/Vitis_HLS/2024.1/include/hls_half.h:26:
In file included from C:/Xilinx/Vitis_HLS/2024.1/include/etc/hls_half_fpo.h:19:
In file included from C:/Xilinx/Vitis_HLS/2024.1/include/hls_fpo.h:140:
In file included from C:/Xilinx/Vitis_HLS/2024.1/include/floating_point_v7_1_bitacc_cmodel.h:150:
C:/Xilinx/Vitis_HLS/2024.1/include/gmp.h:58:9: warning: '__GMP_LIBGMP_DLL' macro redefined [-Wmacro-redefined]
#define __GMP_LIBGMP_DLL  0
        ^
C:/Xilinx/Vitis_HLS/2024.1/include/floating_point_v7_1_bitacc_cmodel.h:142:9: note: previous definition is here
#define __GMP_LIBGMP_DLL 1
        ^
1 warning generated.
In file included from ../../../../DelayAndSum.cpp:1:
In file included from ../../../../DelayAndSum.hpp:5:
In file included from C:/Xilinx/Vitis_HLS/2024.1/include/ap_int.h:10:
In file included from C:/Xilinx/Vitis_HLS/2024.1/include/etc/ap_common.h:658:
In file included from C:/Xilinx/Vitis_HLS/2024.1/include/etc/ap_private.h:68:
In file included from C:/Xilinx/Vitis_HLS/2024.1/include/hls_half.h:26:
In file included from C:/Xilinx/Vitis_HLS/2024.1/include/etc/hls_half_fpo.h:19:
In file included from C:/Xilinx/Vitis_HLS/2024.1/include/hls_fpo.h:140:
In file included from C:/Xilinx/Vitis_HLS/2024.1/include/floating_point_v7_1_bitacc_cmodel.h:150:
C:/Xilinx/Vitis_HLS/2024.1/include/gmp.h:58:9: warning: '__GMP_LIBGMP_DLL' macro redefined [-Wmacro-redefined]
#define __GMP_LIBGMP_DLL  0
        ^
C:/Xilinx/Vitis_HLS/2024.1/include/floating_point_v7_1_bitacc_cmodel.h:142:9: note: previous definition is here
#define __GMP_LIBGMP_DLL 1
        ^
../../../../DelayAndSum.cpp:14:5: error: expected ')'
    fxd_16_1_t &w1_real,
    ^
../../../../DelayAndSum.cpp:5:16: note: to match this '('
void CalcOutput(
               ^
../../../../DelayAndSum.cpp:28:8: error: use of undeclared identifier 'axis_packet_size_buffer'
    if(axis_packet_size_buffer == 0){
       ^
../../../../DelayAndSum.cpp:31:9: error: use of undeclared identifier 'out_real_pkt'
        out_real_pkt.last = false;
        ^
../../../../DelayAndSum.cpp:32:9: error: use of undeclared identifier 'out_imag_pkt'
        out_imag_pkt.last = false;
        ^
../../../../DelayAndSum.cpp:35:21: error: use of undeclared identifier 'axis_packet_size_buffer'
        if(count < (axis_packet_size_buffer-1)){
                    ^
../../../../DelayAndSum.cpp:37:13: error: use of undeclared identifier 'out_real_pkt'
            out_real_pkt.last[0] = false;
            ^
../../../../DelayAndSum.cpp:38:13: error: use of undeclared identifier 'out_imag_pkt'
            out_imag_pkt.last[0] = false;
            ^
../../../../DelayAndSum.cpp:41:13: error: use of undeclared identifier 'out_real_pkt'
            out_real_pkt.last[0] = true;
            ^
../../../../DelayAndSum.cpp:42:13: error: use of undeclared identifier 'out_imag_pkt'
            out_imag_pkt.last[0] = true;
            ^
../../../../DelayAndSum.cpp:50:5: error: use of undeclared identifier 'out_real_pkt'
    out_real_pkt.data = (in1_real_buffer * w1_real + in1_imag_buffer * w1_imag
    ^
../../../../DelayAndSum.cpp:50:26: error: use of undeclared identifier 'in1_real_buffer'
    out_real_pkt.data = (in1_real_buffer * w1_real + in1_imag_buffer * w1_imag
                         ^
../../../../DelayAndSum.cpp:50:54: error: use of undeclared identifier 'in1_imag_buffer'
    out_real_pkt.data = (in1_real_buffer * w1_real + in1_imag_buffer * w1_imag
                                                     ^
../../../../DelayAndSum.cpp:51:18: error: use of undeclared identifier 'in2_real_buffer'
                +in2_real_buffer * w2_real + in2_imag_buffer * w2_imag
                 ^
../../../../DelayAndSum.cpp:51:46: error: use of undeclared identifier 'in2_imag_buffer'
                +in2_real_buffer * w2_real + in2_imag_buffer * w2_imag
                                             ^
../../../../DelayAndSum.cpp:52:18: error: use of undeclared identifier 'in3_real_buffer'
                +in3_real_buffer * w3_real + in3_imag_buffer * w3_imag
                 ^
../../../../DelayAndSum.cpp:52:46: error: use of undeclared identifier 'in3_imag_buffer'
                +in3_real_buffer * w3_real + in3_imag_buffer * w3_imag
                                             ^
../../../../DelayAndSum.cpp:53:18: error: use of undeclared identifier 'in4_real_buffer'
                +in4_real_buffer * w4_real + in4_imag_buffer * w4_imag);
                 ^
../../../../DelayAndSum.cpp:53:46: error: use of undeclared identifier 'in4_imag_buffer'
                +in4_real_buffer * w4_real + in4_imag_buffer * w4_imag);
                                             ^
../../../../DelayAndSum.cpp:54:5: error: use of undeclared identifier 'out_imag_pkt'
    out_imag_pkt.data = (in1_imag_buffer * w1_real - in1_real_buffer * w1_imag
    ^
fatal error: too many errors emitted, stopping now [-ferror-limit=]
1 warning and 20 errors generated.
make: *** [obj/DelayAndSum.o] Error 1
ERROR: [SIM 211-100] 'csim_design' failed: compilation error(s).
INFO: [SIM 211-3] *************** CSIM finish ***************
ERROR: 4
INFO: [HLS 200-112] Total CPU user time: 1 seconds. Total CPU system time: 0 seconds. Total elapsed time: 23.617 seconds; peak allocated memory: 231.262 MB.
