INFO: [v++ 60-1548] Creating build summary session with primary output C:/Users/matt/OneDrive/Dokumente/__Master/Vivado/Vitis_HLS/DelayAndSum/DelayAndSum/DelayAndSum\DelayAndSum.hlscompile_summary, at 11/09/24 16:15:13
INFO: [v++ 82-31] Launching vitis_hls: vitis_hls -nolog -run csynth -work_dir C:/Users/matt/OneDrive/Dokumente/__Master/Vivado/Vitis_HLS/DelayAndSum/DelayAndSum/DelayAndSum -config C:/Users/matt/OneDrive/Dokumente/__Master/Vivado/Vitis_HLS/DelayAndSum/DelayAndSum/hls_config.cfg -cmdlineconfig C:/Users/matt/OneDrive/Dokumente/__Master/Vivado/Vitis_HLS/DelayAndSum/DelayAndSum/DelayAndSum/hls/config.cmdline
INFO: [HLS 200-10] For user 'matt' on host 'laptop-matt' (Windows NT_amd64 version 10.0) on Sat Nov 09 16:15:15 +0100 2024
INFO: [HLS 200-10] In directory 'C:/Users/matt/OneDrive/Dokumente/__Master/Vivado/Vitis_HLS/DelayAndSum/DelayAndSum'
INFO: [HLS 200-2005] Using work_dir C:/Users/matt/OneDrive/Dokumente/__Master/Vivado/Vitis_HLS/DelayAndSum/DelayAndSum/DelayAndSum 
INFO: [HLS 200-1505] Using default flow_target 'vivado'
Resolution: For help on HLS 200-1505 see docs.xilinx.com/access/sources/dita/topic?Doc_Version=2024.1%20English&url=ug1448-hls-guidance&resourceid=200-1505.html
INFO: [HLS 200-1465] Applying ini 'syn.file=DelayAndSum.cpp' from C:/Users/matt/OneDrive/Dokumente/__Master/Vivado/Vitis_HLS/DelayAndSum/DelayAndSum/hls_config.cfg(17)
INFO: [HLS 200-10] Adding design file 'C:/Users/matt/OneDrive/Dokumente/__Master/Vivado/Vitis_HLS/DelayAndSum/DelayAndSum/DelayAndSum.cpp' to the project
INFO: [HLS 200-1465] Applying ini 'syn.file=DelayAndSum.hpp' from C:/Users/matt/OneDrive/Dokumente/__Master/Vivado/Vitis_HLS/DelayAndSum/DelayAndSum/hls_config.cfg(18)
INFO: [HLS 200-10] Adding design file 'C:/Users/matt/OneDrive/Dokumente/__Master/Vivado/Vitis_HLS/DelayAndSum/DelayAndSum/DelayAndSum.hpp' to the project
INFO: [HLS 200-1465] Applying ini 'syn.file=CalculateWeights.cpp' from C:/Users/matt/OneDrive/Dokumente/__Master/Vivado/Vitis_HLS/DelayAndSum/DelayAndSum/hls_config.cfg(19)
INFO: [HLS 200-10] Adding design file 'C:/Users/matt/OneDrive/Dokumente/__Master/Vivado/Vitis_HLS/DelayAndSum/DelayAndSum/CalculateWeights.cpp' to the project
INFO: [HLS 200-1465] Applying ini 'syn.file=CalculateWeights.hpp' from C:/Users/matt/OneDrive/Dokumente/__Master/Vivado/Vitis_HLS/DelayAndSum/DelayAndSum/hls_config.cfg(20)
INFO: [HLS 200-10] Adding design file 'C:/Users/matt/OneDrive/Dokumente/__Master/Vivado/Vitis_HLS/DelayAndSum/DelayAndSum/CalculateWeights.hpp' to the project
INFO: [HLS 200-1465] Applying ini 'tb.file=DelayAndSumTB.cpp' from C:/Users/matt/OneDrive/Dokumente/__Master/Vivado/Vitis_HLS/DelayAndSum/DelayAndSum/hls_config.cfg(12)
INFO: [HLS 200-10] Adding test bench file 'C:/Users/matt/OneDrive/Dokumente/__Master/Vivado/Vitis_HLS/DelayAndSum/DelayAndSum/DelayAndSumTB.cpp' to the project
INFO: [HLS 200-1465] Applying ini 'tb.file=TestData.hpp' from C:/Users/matt/OneDrive/Dokumente/__Master/Vivado/Vitis_HLS/DelayAndSum/DelayAndSum/hls_config.cfg(13)
INFO: [HLS 200-10] Adding test bench file 'C:/Users/matt/OneDrive/Dokumente/__Master/Vivado/Vitis_HLS/DelayAndSum/DelayAndSum/TestData.hpp' to the project
INFO: [HLS 200-1465] Applying ini 'syn.top=DelayAndSum' from C:/Users/matt/OneDrive/Dokumente/__Master/Vivado/Vitis_HLS/DelayAndSum/DelayAndSum/hls_config.cfg(11)
INFO: [HLS 200-1465] Applying ini 'flow_target=vivado' from C:/Users/matt/OneDrive/Dokumente/__Master/Vivado/Vitis_HLS/DelayAndSum/DelayAndSum/hls_config.cfg(4)
INFO: [HLS 200-1505] Using flow_target 'vivado'
Resolution: For help on HLS 200-1505 see docs.xilinx.com/access/sources/dita/topic?Doc_Version=2024.1%20English&url=ug1448-hls-guidance&resourceid=200-1505.html
INFO: [HLS 200-1465] Applying ini 'part=xc7z020clg400-1' from C:/Users/matt/OneDrive/Dokumente/__Master/Vivado/Vitis_HLS/DelayAndSum/DelayAndSum/hls_config.cfg(1)
INFO: [HLS 200-1611] Setting target device to 'xc7z020-clg400-1'
INFO: [HLS 200-1465] Applying ini 'clock=200MHz' from C:/Users/matt/OneDrive/Dokumente/__Master/Vivado/Vitis_HLS/DelayAndSum/DelayAndSum/hls_config.cfg(7)
INFO: [SYN 201-201] Setting up clock 'default' with a period of 5ns.
INFO: [HLS 200-1465] Applying ini 'csim.code_analyzer=1' from C:/Users/matt/OneDrive/Dokumente/__Master/Vivado/Vitis_HLS/DelayAndSum/DelayAndSum/hls_config.cfg(9)
INFO: [HLS 200-1465] Applying ini 'csim.sanitize_address=0' from C:/Users/matt/OneDrive/Dokumente/__Master/Vivado/Vitis_HLS/DelayAndSum/DelayAndSum/hls_config.cfg(10)
INFO: [HLS 200-1465] Applying ini 'csim.sanitize_undefined=0' from C:/Users/matt/OneDrive/Dokumente/__Master/Vivado/Vitis_HLS/DelayAndSum/DelayAndSum/hls_config.cfg(8)
INFO: [HLS 200-1465] Applying ini 'package.ip.description=4 channel delay and sum beamformer' from C:/Users/matt/OneDrive/Dokumente/__Master/Vivado/Vitis_HLS/DelayAndSum/DelayAndSum/hls_config.cfg(16)
INFO: [HLS 200-1465] Applying ini 'package.ip.display_name=DelayAndSum' from C:/Users/matt/OneDrive/Dokumente/__Master/Vivado/Vitis_HLS/DelayAndSum/DelayAndSum/hls_config.cfg(15)
INFO: [HLS 200-1465] Applying ini 'package.output.file=C:\Users\matt\OneDrive\Dokumente\__Master\Vivado\Vitis_HLS\DelayAndSum\DelayAndSum\DelayAndSum\DelayAndSum.zip' from C:/Users/matt/OneDrive/Dokumente/__Master/Vivado/Vitis_HLS/DelayAndSum/DelayAndSum/hls_config.cfg(14)
INFO: [HLS 200-1465] Applying ini 'package.output.format=ip_catalog' from C:/Users/matt/OneDrive/Dokumente/__Master/Vivado/Vitis_HLS/DelayAndSum/DelayAndSum/hls_config.cfg(5)
INFO: [HLS 200-111] Finished File checks and directory preparation: CPU user time: 2 seconds. CPU system time: 0 seconds. Elapsed time: 3.585 seconds; current allocated memory: 233.820 MB.
INFO: [HLS 200-10] Analyzing design file 'CalculateWeights.cpp' ... 
INFO: [HLS 200-10] Analyzing design file 'DelayAndSum.cpp' ... 
INFO: [HLS 200-111] Finished Source Code Analysis and Preprocessing: CPU user time: 1 seconds. CPU system time: 0 seconds. Elapsed time: 36.702 seconds; current allocated memory: 241.016 MB.
INFO: [HLS 200-777] Using interface defaults for 'Vivado' flow target.
INFO: [HLS 200-1995] There were 83,825 instructions in the design after the 'Compile/Link' phase of compilation. See the Design Size Report for more details: C:/Users/matt/OneDrive/Dokumente/__Master/Vivado/Vitis_HLS/DelayAndSum/DelayAndSum/DelayAndSum/hls/syn/report/csynth_design_size.rpt
INFO: [HLS 200-1995] There were 24,239 instructions in the design after the 'Unroll/Inline (step 1)' phase of compilation. See the Design Size Report for more details: C:/Users/matt/OneDrive/Dokumente/__Master/Vivado/Vitis_HLS/DelayAndSum/DelayAndSum/DelayAndSum/hls/syn/report/csynth_design_size.rpt
INFO: [HLS 200-1995] There were 7,273 instructions in the design after the 'Unroll/Inline (step 2)' phase of compilation. See the Design Size Report for more details: C:/Users/matt/OneDrive/Dokumente/__Master/Vivado/Vitis_HLS/DelayAndSum/DelayAndSum/DelayAndSum/hls/syn/report/csynth_design_size.rpt
INFO: [HLS 200-1995] There were 7,007 instructions in the design after the 'Unroll/Inline (step 3)' phase of compilation. See the Design Size Report for more details: C:/Users/matt/OneDrive/Dokumente/__Master/Vivado/Vitis_HLS/DelayAndSum/DelayAndSum/DelayAndSum/hls/syn/report/csynth_design_size.rpt
INFO: [HLS 200-1995] There were 5,488 instructions in the design after the 'Unroll/Inline (step 4)' phase of compilation. See the Design Size Report for more details: C:/Users/matt/OneDrive/Dokumente/__Master/Vivado/Vitis_HLS/DelayAndSum/DelayAndSum/DelayAndSum/hls/syn/report/csynth_design_size.rpt
INFO: [HLS 200-1995] There were 5,408 instructions in the design after the 'Array/Struct (step 1)' phase of compilation. See the Design Size Report for more details: C:/Users/matt/OneDrive/Dokumente/__Master/Vivado/Vitis_HLS/DelayAndSum/DelayAndSum/DelayAndSum/hls/syn/report/csynth_design_size.rpt
INFO: [HLS 200-1995] There were 5,408 instructions in the design after the 'Array/Struct (step 2)' phase of compilation. See the Design Size Report for more details: C:/Users/matt/OneDrive/Dokumente/__Master/Vivado/Vitis_HLS/DelayAndSum/DelayAndSum/DelayAndSum/hls/syn/report/csynth_design_size.rpt
INFO: [HLS 200-1995] There were 5,408 instructions in the design after the 'Array/Struct (step 3)' phase of compilation. See the Design Size Report for more details: C:/Users/matt/OneDrive/Dokumente/__Master/Vivado/Vitis_HLS/DelayAndSum/DelayAndSum/DelayAndSum/hls/syn/report/csynth_design_size.rpt
INFO: [HLS 200-1995] There were 5,408 instructions in the design after the 'Array/Struct (step 4)' phase of compilation. See the Design Size Report for more details: C:/Users/matt/OneDrive/Dokumente/__Master/Vivado/Vitis_HLS/DelayAndSum/DelayAndSum/DelayAndSum/hls/syn/report/csynth_design_size.rpt
INFO: [HLS 200-1995] There were 5,408 instructions in the design after the 'Array/Struct (step 5)' phase of compilation. See the Design Size Report for more details: C:/Users/matt/OneDrive/Dokumente/__Master/Vivado/Vitis_HLS/DelayAndSum/DelayAndSum/DelayAndSum/hls/syn/report/csynth_design_size.rpt
INFO: [HLS 200-1995] There were 5,408 instructions in the design after the 'Performance (step 1)' phase of compilation. See the Design Size Report for more details: C:/Users/matt/OneDrive/Dokumente/__Master/Vivado/Vitis_HLS/DelayAndSum/DelayAndSum/DelayAndSum/hls/syn/report/csynth_design_size.rpt
INFO: [HLS 200-1995] There were 5,138 instructions in the design after the 'Performance (step 2)' phase of compilation. See the Design Size Report for more details: C:/Users/matt/OneDrive/Dokumente/__Master/Vivado/Vitis_HLS/DelayAndSum/DelayAndSum/DelayAndSum/hls/syn/report/csynth_design_size.rpt
INFO: [HLS 200-1995] There were 71 instructions in the design after the 'Performance (step 3)' phase of compilation. See the Design Size Report for more details: C:/Users/matt/OneDrive/Dokumente/__Master/Vivado/Vitis_HLS/DelayAndSum/DelayAndSum/DelayAndSum/hls/syn/report/csynth_design_size.rpt
INFO: [HLS 200-1995] There were 71 instructions in the design after the 'Performance (step 4)' phase of compilation. See the Design Size Report for more details: C:/Users/matt/OneDrive/Dokumente/__Master/Vivado/Vitis_HLS/DelayAndSum/DelayAndSum/DelayAndSum/hls/syn/report/csynth_design_size.rpt
INFO: [HLS 200-1995] There were 93 instructions in the design after the 'HW Transforms (step 1)' phase of compilation. See the Design Size Report for more details: C:/Users/matt/OneDrive/Dokumente/__Master/Vivado/Vitis_HLS/DelayAndSum/DelayAndSum/DelayAndSum/hls/syn/report/csynth_design_size.rpt
INFO: [HLS 200-1995] There were 115 instructions in the design after the 'HW Transforms (step 2)' phase of compilation. See the Design Size Report for more details: C:/Users/matt/OneDrive/Dokumente/__Master/Vivado/Vitis_HLS/DelayAndSum/DelayAndSum/DelayAndSum/hls/syn/report/csynth_design_size.rpt
INFO: [HLS 214-291] Loop 'VITIS_LOOP_61_1' is marked as complete unroll implied by the pipeline pragma (C:/Xilinx/Vitis_HLS/2024.1/common/technology/autopilot/etc/hls_cordic_apfixed.h:61:22)
INFO: [HLS 214-186] Unrolling loop 'VITIS_LOOP_61_1' (C:/Xilinx/Vitis_HLS/2024.1/common/technology/autopilot/etc/hls_cordic_apfixed.h:61:22) in function 'cordic_apfixed::cordic_circ_apfixed<14, 3, 0>' completely with a factor of 14 (C:/Xilinx/Vitis_HLS/2024.1/common/technology/autopilot/etc/hls_cordic_apfixed.h:53:0)
WARNING: [HLS 214-189] Pipeline directive for loop 'VITIS_LOOP_61_1' (C:/Xilinx/Vitis_HLS/2024.1/common/technology/autopilot/etc/hls_cordic_apfixed.h:61:22) in function 'cordic_apfixed::cordic_circ_apfixed<14, 3, 0>' has been removed because the loop is unrolled completely (C:/Xilinx/Vitis_HLS/2024.1/common/technology/autopilot/etc/hls_cordic_apfixed.h:53:0)
INFO: [HLS 214-178] Inlining function 'void cordic_apfixed::circ_range_redux<12, 4, 13>(ap_ufixed<12, 4, (ap_q_mode)5, (ap_o_mode)3, 0>, ap_uint<2>&, ap_ufixed<13, 1, (ap_q_mode)5, (ap_o_mode)3, 0>&)' into 'void cordic_apfixed::generic_sincos<12, 4>(ap_fixed<12, 4, (ap_q_mode)5, (ap_o_mode)3, 0>, ap_fixed<((12) - (4)) + (2), 2, (ap_q_mode)5, (ap_o_mode)3, 0>&, ap_fixed<((12) - (4)) + (2), 2, (ap_q_mode)5, (ap_o_mode)3, 0>&) (.59)' (C:/Xilinx/Vitis_HLS/2024.1/common/technology/autopilot/etc/hls_cordic_apfixed.h:202:0)
INFO: [HLS 214-178] Inlining function 'void cordic_apfixed::generic_sincos<12, 4>(ap_fixed<12, 4, (ap_q_mode)5, (ap_o_mode)3, 0>, ap_fixed<((12) - (4)) + (2), 2, (ap_q_mode)5, (ap_o_mode)3, 0>&, ap_fixed<((12) - (4)) + (2), 2, (ap_q_mode)5, (ap_o_mode)3, 0>&) (.59)' into 'ap_fixed<((12) - (4)) + (2), 2, (ap_q_mode)5, (ap_o_mode)3, 0> hls::cos<12, 4>(ap_fixed<12, 4, (ap_q_mode)5, (ap_o_mode)3, 0>)' (C:/Xilinx/Vitis_HLS/2024.1/common/technology/autopilot\hls_math.h:1941:0)
INFO: [HLS 214-178] Inlining function 'CalculateElement(ap_fixed<12, 4, (ap_q_mode)5, (ap_o_mode)3, 0>, ap_fixed<16, 11, (ap_q_mode)5, (ap_o_mode)3, 0>, ap_fixed<16, 8, (ap_q_mode)5, (ap_o_mode)3, 0>, ap_fixed<16, 1, (ap_q_mode)5, (ap_o_mode)3, 0>&, ap_fixed<16, 1, (ap_q_mode)5, (ap_o_mode)3, 0>&)' into 'CalculateWeights(ap_fixed<12, 4, (ap_q_mode)5, (ap_o_mode)3, 0>, ap_fixed<16, 11, (ap_q_mode)5, (ap_o_mode)3, 0>, ap_fixed<16, 8, (ap_q_mode)5, (ap_o_mode)3, 0>, ap_fixed<16, 8, (ap_q_mode)5, (ap_o_mode)3, 0>, ap_fixed<16, 8, (ap_q_mode)5, (ap_o_mode)3, 0>, ap_fixed<16, 8, (ap_q_mode)5, (ap_o_mode)3, 0>, ap_fixed<16, 1, (ap_q_mode)5, (ap_o_mode)3, 0>&, ap_fixed<16, 1, (ap_q_mode)5, (ap_o_mode)3, 0>&, ap_fixed<16, 1, (ap_q_mode)5, (ap_o_mode)3, 0>&, ap_fixed<16, 1, (ap_q_mode)5, (ap_o_mode)3, 0>&, ap_fixed<16, 1, (ap_q_mode)5, (ap_o_mode)3, 0>&, ap_fixed<16, 1, (ap_q_mode)5, (ap_o_mode)3, 0>&, ap_fixed<16, 1, (ap_q_mode)5, (ap_o_mode)3, 0>&, ap_fixed<16, 1, (ap_q_mode)5, (ap_o_mode)3, 0>&)' (CalculateWeights.cpp:35:0)
INFO: [HLS 214-178] Inlining function 'CalculateWeights(ap_fixed<12, 4, (ap_q_mode)5, (ap_o_mode)3, 0>, ap_fixed<16, 11, (ap_q_mode)5, (ap_o_mode)3, 0>, ap_fixed<16, 8, (ap_q_mode)5, (ap_o_mode)3, 0>, ap_fixed<16, 8, (ap_q_mode)5, (ap_o_mode)3, 0>, ap_fixed<16, 8, (ap_q_mode)5, (ap_o_mode)3, 0>, ap_fixed<16, 8, (ap_q_mode)5, (ap_o_mode)3, 0>, ap_fixed<16, 1, (ap_q_mode)5, (ap_o_mode)3, 0>&, ap_fixed<16, 1, (ap_q_mode)5, (ap_o_mode)3, 0>&, ap_fixed<16, 1, (ap_q_mode)5, (ap_o_mode)3, 0>&, ap_fixed<16, 1, (ap_q_mode)5, (ap_o_mode)3, 0>&, ap_fixed<16, 1, (ap_q_mode)5, (ap_o_mode)3, 0>&, ap_fixed<16, 1, (ap_q_mode)5, (ap_o_mode)3, 0>&, ap_fixed<16, 1, (ap_q_mode)5, (ap_o_mode)3, 0>&, ap_fixed<16, 1, (ap_q_mode)5, (ap_o_mode)3, 0>&)' into 'DelayAndSum(ap_fixed<12, 4, (ap_q_mode)5, (ap_o_mode)3, 0>*, ap_fixed<16, 11, (ap_q_mode)5, (ap_o_mode)3, 0>*, ap_fixed<16, 8, (ap_q_mode)5, (ap_o_mode)3, 0>*, ap_fixed<16, 8, (ap_q_mode)5, (ap_o_mode)3, 0>*, ap_fixed<16, 8, (ap_q_mode)5, (ap_o_mode)3, 0>*, ap_fixed<16, 8, (ap_q_mode)5, (ap_o_mode)3, 0>*, hls::stream<ap_fixed<16, 1, (ap_q_mode)5, (ap_o_mode)3, 0>, 0>&, hls::stream<ap_fixed<16, 1, (ap_q_mode)5, (ap_o_mode)3, 0>, 0>&, hls::stream<ap_fixed<16, 1, (ap_q_mode)5, (ap_o_mode)3, 0>, 0>&, hls::stream<ap_fixed<16, 1, (ap_q_mode)5, (ap_o_mode)3, 0>, 0>&, hls::stream<ap_fixed<16, 1, (ap_q_mode)5, (ap_o_mode)3, 0>, 0>&, hls::stream<ap_fixed<16, 1, (ap_q_mode)5, (ap_o_mode)3, 0>, 0>&, hls::stream<ap_fixed<16, 1, (ap_q_mode)5, (ap_o_mode)3, 0>, 0>&, hls::stream<ap_fixed<16, 1, (ap_q_mode)5, (ap_o_mode)3, 0>, 0>&, hls::stream<ap_fixed<16, 1, (ap_q_mode)5, (ap_o_mode)3, 0>, 0>&, hls::stream<ap_fixed<16, 1, (ap_q_mode)5, (ap_o_mode)3, 0>, 0>&)' (DelayAndSum.cpp:29:0)
INFO: [HLS 214-364] Automatically inlining function 'ap_fixed<((12) - (4)) + (2), 2, (ap_q_mode)5, (ap_o_mode)3, 0> hls::cos<12, 4>(ap_fixed<12, 4, (ap_q_mode)5, (ap_o_mode)3, 0>)' to improve effectiveness of pipeline pragma in function 'DelayAndSum(ap_fixed<12, 4, (ap_q_mode)5, (ap_o_mode)3, 0>*, ap_fixed<16, 11, (ap_q_mode)5, (ap_o_mode)3, 0>*, ap_fixed<16, 8, (ap_q_mode)5, (ap_o_mode)3, 0>*, ap_fixed<16, 8, (ap_q_mode)5, (ap_o_mode)3, 0>*, ap_fixed<16, 8, (ap_q_mode)5, (ap_o_mode)3, 0>*, ap_fixed<16, 8, (ap_q_mode)5, (ap_o_mode)3, 0>*, hls::stream<ap_fixed<16, 1, (ap_q_mode)5, (ap_o_mode)3, 0>, 0>&, hls::stream<ap_fixed<16, 1, (ap_q_mode)5, (ap_o_mode)3, 0>, 0>&, hls::stream<ap_fixed<16, 1, (ap_q_mode)5, (ap_o_mode)3, 0>, 0>&, hls::stream<ap_fixed<16, 1, (ap_q_mode)5, (ap_o_mode)3, 0>, 0>&, hls::stream<ap_fixed<16, 1, (ap_q_mode)5, (ap_o_mode)3, 0>, 0>&, hls::stream<ap_fixed<16, 1, (ap_q_mode)5, (ap_o_mode)3, 0>, 0>&, hls::stream<ap_fixed<16, 1, (ap_q_mode)5, (ap_o_mode)3, 0>, 0>&, hls::stream<ap_fixed<16, 1, (ap_q_mode)5, (ap_o_mode)3, 0>, 0>&, hls::stream<ap_fixed<16, 1, (ap_q_mode)5, (ap_o_mode)3, 0>, 0>&, hls::stream<ap_fixed<16, 1, (ap_q_mode)5, (ap_o_mode)3, 0>, 0>&)' (CalculateWeights.cpp:9:25)
INFO: [HLS 214-364] Automatically inlining function 'ap_fixed<((12) - (4)) + (2), 2, (ap_q_mode)5, (ap_o_mode)3, 0> hls::cos<12, 4>(ap_fixed<12, 4, (ap_q_mode)5, (ap_o_mode)3, 0>)' to improve effectiveness of pipeline pragma in function 'DelayAndSum(ap_fixed<12, 4, (ap_q_mode)5, (ap_o_mode)3, 0>*, ap_fixed<16, 11, (ap_q_mode)5, (ap_o_mode)3, 0>*, ap_fixed<16, 8, (ap_q_mode)5, (ap_o_mode)3, 0>*, ap_fixed<16, 8, (ap_q_mode)5, (ap_o_mode)3, 0>*, ap_fixed<16, 8, (ap_q_mode)5, (ap_o_mode)3, 0>*, ap_fixed<16, 8, (ap_q_mode)5, (ap_o_mode)3, 0>*, hls::stream<ap_fixed<16, 1, (ap_q_mode)5, (ap_o_mode)3, 0>, 0>&, hls::stream<ap_fixed<16, 1, (ap_q_mode)5, (ap_o_mode)3, 0>, 0>&, hls::stream<ap_fixed<16, 1, (ap_q_mode)5, (ap_o_mode)3, 0>, 0>&, hls::stream<ap_fixed<16, 1, (ap_q_mode)5, (ap_o_mode)3, 0>, 0>&, hls::stream<ap_fixed<16, 1, (ap_q_mode)5, (ap_o_mode)3, 0>, 0>&, hls::stream<ap_fixed<16, 1, (ap_q_mode)5, (ap_o_mode)3, 0>, 0>&, hls::stream<ap_fixed<16, 1, (ap_q_mode)5, (ap_o_mode)3, 0>, 0>&, hls::stream<ap_fixed<16, 1, (ap_q_mode)5, (ap_o_mode)3, 0>, 0>&, hls::stream<ap_fixed<16, 1, (ap_q_mode)5, (ap_o_mode)3, 0>, 0>&, hls::stream<ap_fixed<16, 1, (ap_q_mode)5, (ap_o_mode)3, 0>, 0>&)' (CalculateWeights.cpp:10:25)
INFO: [HLS 214-364] Automatically inlining function 'void cordic_apfixed::cordic_circ_apfixed<14, 3, 0>(ap_fixed<14, 3, (ap_q_mode)5, (ap_o_mode)3, 0>&, ap_fixed<14, 3, (ap_q_mode)5, (ap_o_mode)3, 0>&, ap_fixed<14, 3, (ap_q_mode)5, (ap_o_mode)3, 0>&)' to improve effectiveness of pipeline pragma in function 'DelayAndSum(ap_fixed<12, 4, (ap_q_mode)5, (ap_o_mode)3, 0>*, ap_fixed<16, 11, (ap_q_mode)5, (ap_o_mode)3, 0>*, ap_fixed<16, 8, (ap_q_mode)5, (ap_o_mode)3, 0>*, ap_fixed<16, 8, (ap_q_mode)5, (ap_o_mode)3, 0>*, ap_fixed<16, 8, (ap_q_mode)5, (ap_o_mode)3, 0>*, ap_fixed<16, 8, (ap_q_mode)5, (ap_o_mode)3, 0>*, hls::stream<ap_fixed<16, 1, (ap_q_mode)5, (ap_o_mode)3, 0>, 0>&, hls::stream<ap_fixed<16, 1, (ap_q_mode)5, (ap_o_mode)3, 0>, 0>&, hls::stream<ap_fixed<16, 1, (ap_q_mode)5, (ap_o_mode)3, 0>, 0>&, hls::stream<ap_fixed<16, 1, (ap_q_mode)5, (ap_o_mode)3, 0>, 0>&, hls::stream<ap_fixed<16, 1, (ap_q_mode)5, (ap_o_mode)3, 0>, 0>&, hls::stream<ap_fixed<16, 1, (ap_q_mode)5, (ap_o_mode)3, 0>, 0>&, hls::stream<ap_fixed<16, 1, (ap_q_mode)5, (ap_o_mode)3, 0>, 0>&, hls::stream<ap_fixed<16, 1, (ap_q_mode)5, (ap_o_mode)3, 0>, 0>&, hls::stream<ap_fixed<16, 1, (ap_q_mode)5, (ap_o_mode)3, 0>, 0>&, hls::stream<ap_fixed<16, 1, (ap_q_mode)5, (ap_o_mode)3, 0>, 0>&)' (C:/Xilinx/Vitis_HLS/2024.1/common/technology/autopilot/etc/hls_cordic_apfixed.h:240:5)
INFO: [HLS 200-111] Finished Compiling Optimization and Transform: CPU user time: 0 seconds. CPU system time: 0 seconds. Elapsed time: 11.498 seconds; current allocated memory: 242.266 MB.
INFO: [HLS 200-111] Finished Checking Pragmas: CPU user time: 0 seconds. CPU system time: 0 seconds. Elapsed time: 0.008 seconds; current allocated memory: 242.266 MB.
INFO: [HLS 200-10] Starting code transformations ...
INFO: [HLS 200-111] Finished Standard Transforms: CPU user time: 0 seconds. CPU system time: 0 seconds. Elapsed time: 0.041 seconds; current allocated memory: 246.570 MB.
INFO: [HLS 200-10] Checking synthesizability ...
INFO: [HLS 200-111] Finished Checking Synthesizability: CPU user time: 0 seconds. CPU system time: 1 seconds. Elapsed time: 0.034 seconds; current allocated memory: 248.074 MB.
INFO: [HLS 200-111] Finished Loop, function and other optimizations: CPU user time: 0 seconds. CPU system time: 0 seconds. Elapsed time: 0.075 seconds; current allocated memory: 269.207 MB.
INFO: [HLS 200-111] Finished Architecture Synthesis: CPU user time: 0 seconds. CPU system time: 0 seconds. Elapsed time: 0.045 seconds; current allocated memory: 269.238 MB.
INFO: [HLS 200-10] Starting hardware synthesis ...
INFO: [HLS 200-10] Synthesizing 'DelayAndSum' ...
INFO: [HLS 200-10] ----------------------------------------------------------------
INFO: [HLS 200-42] -- Implementing module 'DelayAndSum' 
INFO: [HLS 200-10] ----------------------------------------------------------------
INFO: [SCHED 204-11] Starting scheduling ...
INFO: [SCHED 204-61] Pipelining function 'DelayAndSum'.
INFO: [HLS 200-1470] Pipelining result : Target II = 1, Final II = 1, Depth = 5, function 'DelayAndSum'
INFO: [SCHED 204-11] Finished scheduling.
INFO: [HLS 200-111] Finished Scheduling: CPU user time: 0 seconds. CPU system time: 0 seconds. Elapsed time: 0.195 seconds; current allocated memory: 269.238 MB.
INFO: [BIND 205-100] Starting micro-architecture generation ...
INFO: [BIND 205-101] Performing variable lifetime analysis.
INFO: [BIND 205-101] Exploring resource sharing.
INFO: [BIND 205-101] Binding ...
INFO: [BIND 205-100] Finished micro-architecture generation.
INFO: [HLS 200-111] Finished Binding: CPU user time: 0 seconds. CPU system time: 0 seconds. Elapsed time: 0.091 seconds; current allocated memory: 269.238 MB.
INFO: [HLS 200-10] ----------------------------------------------------------------
INFO: [HLS 200-10] -- Generating RTL for module 'DelayAndSum' 
INFO: [HLS 200-10] ----------------------------------------------------------------
WARNING: [RTGEN 206-101] Design contains AXI ports. Reset is fixed to synchronous and active low.
INFO: [RTGEN 206-500] Setting interface mode on port 'DelayAndSum/phi' to 's_axilite & ap_none'.
INFO: [RTGEN 206-500] Setting interface mode on port 'DelayAndSum/fc' to 's_axilite & ap_none'.
INFO: [RTGEN 206-500] Setting interface mode on port 'DelayAndSum/xpos1' to 's_axilite & ap_none'.
INFO: [RTGEN 206-500] Setting interface mode on port 'DelayAndSum/xpos2' to 's_axilite & ap_none'.
INFO: [RTGEN 206-500] Setting interface mode on port 'DelayAndSum/xpos3' to 's_axilite & ap_none'.
INFO: [RTGEN 206-500] Setting interface mode on port 'DelayAndSum/xpos4' to 's_axilite & ap_none'.
INFO: [RTGEN 206-500] Setting interface mode on port 'DelayAndSum/in1_real' to 'axis' (register, both mode).
INFO: [RTGEN 206-500] Setting interface mode on port 'DelayAndSum/in1_imag' to 'axis' (register, both mode).
INFO: [RTGEN 206-500] Setting interface mode on port 'DelayAndSum/in2_real' to 'axis' (register, both mode).
INFO: [RTGEN 206-500] Setting interface mode on port 'DelayAndSum/in2_imag' to 'axis' (register, both mode).
INFO: [RTGEN 206-500] Setting interface mode on port 'DelayAndSum/in3_real' to 'axis' (register, both mode).
INFO: [RTGEN 206-500] Setting interface mode on port 'DelayAndSum/in3_imag' to 'axis' (register, both mode).
INFO: [RTGEN 206-500] Setting interface mode on port 'DelayAndSum/in4_real' to 'axis' (register, both mode).
INFO: [RTGEN 206-500] Setting interface mode on port 'DelayAndSum/in4_imag' to 'axis' (register, both mode).
INFO: [RTGEN 206-500] Setting interface mode on port 'DelayAndSum/out_real' to 'axis' (register, both mode).
INFO: [RTGEN 206-500] Setting interface mode on port 'DelayAndSum/out_imag' to 'axis' (register, both mode).
INFO: [RTGEN 206-500] Setting interface mode on function 'DelayAndSum' to 'ap_ctrl_hs'.
INFO: [HLS 200-1030] Apply Unified Pipeline Control on module 'DelayAndSum' pipeline 'DelayAndSum' pipeline type 'function pipeline'
INFO: [RTGEN 206-100] Bundling port 'phi', 'fc', 'xpos1', 'xpos2', 'xpos3' and 'xpos4' to AXI-Lite port control.
INFO: [RTGEN 206-100] Finished creating RTL model for 'DelayAndSum'.
INFO: [HLS 200-111] Finished Creating RTL model: CPU user time: 0 seconds. CPU system time: 0 seconds. Elapsed time: 1.537 seconds; current allocated memory: 270.172 MB.
INFO: [HLS 200-111] Finished Generating all RTL models: CPU user time: 0 seconds. CPU system time: 0 seconds. Elapsed time: 0.529 seconds; current allocated memory: 273.895 MB.
INFO: [HLS 200-111] Finished Updating report files: CPU user time: 0 seconds. CPU system time: 0 seconds. Elapsed time: 1.293 seconds; current allocated memory: 278.199 MB.
INFO: [VHDL 208-304] Generating VHDL RTL for DelayAndSum.
INFO: [VLOG 209-307] Generating Verilog RTL for DelayAndSum.
INFO: [HLS 200-789] **** Estimated Fmax: 394.79 MHz
INFO: [HLS 200-112] Total CPU user time: 3 seconds. Total CPU system time: 1 seconds. Total elapsed time: 57.69 seconds; peak allocated memory: 278.508 MB.
INFO: [v++ 60-791] Total elapsed time: 0h 1m 1s
