#-----------------------------------------------------------
# Vivado v2024.1 (64-bit)
# SW Build 5076996 on Wed May 22 18:37:14 MDT 2024
# IP Build 5075265 on Wed May 22 21:45:21 MDT 2024
# SharedData Build 5076995 on Wed May 22 18:29:18 MDT 2024
# Start of session at: Tue Feb 11 19:08:43 2025
# Process ID: 26064
# Current directory: C:/Users/matt/OneDrive/Dokumente/__Master/Vivado/Vitis_HLS/DelayAndSum/DelayAndSum/DelayAndSum/hls/impl/ip
# Command line: vivado.exe -notrace -mode batch -source run_ippack.tcl
# Log file: C:/Users/matt/OneDrive/Dokumente/__Master/Vivado/Vitis_HLS/DelayAndSum/DelayAndSum/DelayAndSum/hls/impl/ip/vivado.log
# Journal file: C:/Users/matt/OneDrive/Dokumente/__Master/Vivado/Vitis_HLS/DelayAndSum/DelayAndSum/DelayAndSum/hls/impl/ip\vivado.jou
# Running On        :Laptop-Matt
# Platform          :Windows Server 2016 or Windows 10
# Operating System  :22631
# Processor Detail  :11th Gen Intel(R) Core(TM) i7-1185G7 @ 3.00GHz
# CPU Frequency     :2995 MHz
# CPU Physical cores:4
# CPU Logical cores :8
# Host memory       :16872 MB
# Swap memory       :19327 MB
# Total Virtual     :36199 MB
# Available Virtual :18952 MB
#-----------------------------------------------------------
source run_ippack.tcl -notrace
INFO: calling package_hls_ip ip_types=vitis sysgen json_file=C:/Users/matt/OneDrive/Dokumente/__Master/Vivado/Vitis_HLS/DelayAndSum/DelayAndSum/DelayAndSum/hls/hls_data.json outdir=C:/Users/matt/OneDrive/Dokumente/__Master/Vivado/Vitis_HLS/DelayAndSum/DelayAndSum/DelayAndSum/hls/impl/ip srcdir=C:/Users/matt/OneDrive/Dokumente/__Master/Vivado/Vitis_HLS/DelayAndSum/DelayAndSum/DelayAndSum/hls sort_interfaces_ports=false
INFO: Copied 1 ipmisc file(s) to C:/Users/matt/OneDrive/Dokumente/__Master/Vivado/Vitis_HLS/DelayAndSum/DelayAndSum/DelayAndSum/hls/impl/ip/misc
INFO: Copied 20 verilog file(s) to C:/Users/matt/OneDrive/Dokumente/__Master/Vivado/Vitis_HLS/DelayAndSum/DelayAndSum/DelayAndSum/hls/impl/ip/hdl/verilog
INFO: Copied 18 vhdl file(s) to C:/Users/matt/OneDrive/Dokumente/__Master/Vivado/Vitis_HLS/DelayAndSum/DelayAndSum/DelayAndSum/hls/impl/ip/hdl/vhdl
INFO: Copied 10 swdriver file(s) to C:/Users/matt/OneDrive/Dokumente/__Master/Vivado/Vitis_HLS/DelayAndSum/DelayAndSum/DelayAndSum/hls/impl/ip/drivers
ipx::create_core: Time (s): cpu = 00:00:04 ; elapsed = 00:00:08 . Memory (MB): peak = 618.496 ; gain = 195.777
INFO: Import ports from HDL: C:/Users/matt/OneDrive/Dokumente/__Master/Vivado/Vitis_HLS/DelayAndSum/DelayAndSum/DelayAndSum/hls/impl/ip/hdl/vhdl/DelayAndSum.vhd (DelayAndSum)
INFO: Add axi4lite interface s_axi_control
INFO: Add clock interface ap_clk
INFO: Add reset interface ap_rst_n
INFO: Add axi4stream interface in1_real
INFO: Add axi4stream interface in1_imag
INFO: Add axi4stream interface in2_real
INFO: Add axi4stream interface in2_imag
INFO: Add axi4stream interface in3_real
INFO: Add axi4stream interface in3_imag
INFO: Add axi4stream interface in4_real
INFO: Add axi4stream interface in4_imag
INFO: Add axi4stream interface out_real
INFO: [IP_Flow 19-234] Refreshing IP repositories
INFO: [IP_Flow 19-1704] No user IP repositories specified
INFO: [IP_Flow 19-2313] Loaded Vivado IP repository 'C:/Xilinx/Vivado/2024.1/data/ip'.
INFO: Add axi4stream interface out_imag
INFO: Calling post_process_vitis to specialize IP
INFO: Calling post_process_sysgen to specialize IP
Generating sysgen info xml from json file
INFO: Created IP C:/Users/matt/OneDrive/Dokumente/__Master/Vivado/Vitis_HLS/DelayAndSum/DelayAndSum/DelayAndSum/hls/impl/ip/component.xml
INFO: Created IP archive C:/Users/matt/OneDrive/Dokumente/__Master/Vivado/Vitis_HLS/DelayAndSum/DelayAndSum/DelayAndSum/hls/impl/ip/othr_hls_DelayAndSum_2_0.zip
INFO: [Common 17-206] Exiting Vivado at Tue Feb 11 19:08:59 2025...
